#
# A fatal error has been detected by the Java Runtime Environment:
#
#  EXCEPTION_ACCESS_VIOLATION (0xc0000005) at pc=0x0000000069273f9f, pid=10692, tid=0x00000000000028fc
#
# JRE version: Java(TM) SE Runtime Environment (8.0_144-b01) (build 1.8.0_144-b01)
# Java VM: Java HotSpot(TM) 64-Bit Server VM (25.144-b01 mixed mode windows-amd64 compressed oops)
# Problematic frame:
# C  [atio6axx.dll+0xd33f9f]
#
# Failed to write core dump. Minidumps are not enabled by default on client versions of Windows
#
# If you would like to submit a bug report, please visit:
#   http://bugreport.java.com/bugreport/crash.jsp
# The crash happened outside the Java Virtual Machine in native code.
# See problematic frame for where to report the bug.
#

---------------  T H R E A D  ---------------

Current thread (0x000000001f984000):  JavaThread "AWT-EventQueue-0" [_thread_in_native, id=10492, stack(0x0000000021790000,0x0000000021890000)]

siginfo: ExceptionCode=0xc0000005, reading address 0x0000000000000000

Registers:
RAX=0x0000000000000001, RBX=0x000000002647d3c0, RCX=0x0000000000000000, RDX=0x000000002e67ee20
RSP=0x000000002188b0e0, RBP=0x000000002188b1e0, RSI=0x00000000315ecdf0, RDI=0x0000000000000000
R8 =0x00000000315ecde0, R9 =0x00000000315ecdf0, R10=0x000000ffffffffff, R11=0x0000009e00c60010
R12=0x00000000264917f0, R13=0x0000000000100000, R14=0x00000000268c5280, R15=0x00000000264917c8
RIP=0x0000000069273f9f, EFLAGS=0x0000000000010202

Top of Stack: (sp=0x000000002188b0e0)
0x000000002188b0e0:   000000002647d3c0 000000002647dc68
0x000000002188b0f0:   0000000069eb11a0 0000000000000000
0x000000002188b100:   0000000000000001 000000002188b130
0x000000002188b110:   000000002188b240 0000000000000000
0x000000002188b120:   000000002647d3c0 000000002eab5000
0x000000002188b130:   ffffffffffffffff 0000000000000000
0x000000002188b140:   0000000000000000 0000000000000015
0x000000002188b150:   0000000000000001 0000000100000001
0x000000002188b160:   0000000200000000 0000000000000000
0x000000002188b170:   0000000000000000 0000000000000000
0x000000002188b180:   0000000000000000 0000000000000000
0x000000002188b190:   0000000000000000 0000000000000000
0x000000002188b1a0:   0000000000000000 0000000000000000
0x000000002188b1b0:   0000000000000000 0000000000000000
0x000000002188b1c0:   0000000000000000 00000000692d0000
0x000000002188b1d0:   0000000000000000 0000000032c20080 

Instructions: (pc=0x0000000069273f9f)
0x0000000069273f7f:   03 ba 01 00 00 00 48 8b cb ff 10 48 89 7c 24 40
0x0000000069273f8f:   49 8b 4c 24 f0 49 89 34 24 49 8b 96 d0 03 00 00
0x0000000069273f9f:   48 8b 01 41 b9 01 00 00 00 45 33 c0 40 88 7c 24
0x0000000069273faf:   28 40 88 7c 24 20 ff 50 40 49 8b 0c 24 45 33 c9 


Register to memory mapping:

RAX=0x0000000000000001 is an unknown value
RBX=0x000000002647d3c0 is an unknown value
RCX=0x0000000000000000 is an unknown value
RDX=0x000000002e67ee20 is an unknown value
RSP=0x000000002188b0e0 is pointing into the stack for thread: 0x000000001f984000
RBP=0x000000002188b1e0 is pointing into the stack for thread: 0x000000001f984000
RSI=0x00000000315ecdf0 is an unknown value
RDI=0x0000000000000000 is an unknown value
R8 =0x00000000315ecde0 is an unknown value
R9 =0x00000000315ecdf0 is an unknown value
R10=0x000000ffffffffff is an unknown value
R11=0x0000009e00c60010 is an unknown value
R12=0x00000000264917f0 is an unknown value
R13=0x0000000000100000 is an unknown value
R14=0x00000000268c5280 is an unknown value
R15=0x00000000264917c8 is an unknown value


Stack: [0x0000000021790000,0x0000000021890000],  sp=0x000000002188b0e0,  free space=1004k
Native frames: (J=compiled Java code, j=interpreted, Vv=VM code, C=native code)
C  [atio6axx.dll+0xd33f9f]
C  [atio6axx.dll+0xd9804d]
C  [atio6axx.dll+0xd94078]
C  [atio6axx.dll+0x297742]
C  [atio6axx.dll+0x1b8e35]
C  [atio6axx.dll+0x5c2364]
C  0x0000000002b50683

Java frames: (J=compiled Java code, j=interpreted, Vv=VM code)
J 1937  jogamp.opengl.gl4.GL4bcImpl.dispatch_glDrawArrays1(IIIJ)V (0 bytes) @ 0x0000000002b50605 [0x0000000002b505c0+0x45]
J 3070 C2 spirite.base.graphics.gl.GLEngine.applyProgram(Lspirite/base/graphics/gl/ProgramCall;Lspirite/base/graphics/gl/GLParameters;Ljava/util/List;Lspirite/base/graphics/gl/PreparedPrimitive;)V (673 bytes) @ 0x0000000002ee3500 [0x0000000002ee2300+0x1200]
J 3085 C1 spirite.base.graphics.gl.GLEngine.applyComplexLineProgram(Ljava/util/List;Ljava/util/List;ILspirite/base/graphics/CapMethod;Lspirite/base/graphics/JoinMethod;ZFLspirite/base/util/linear/Vec3;FLspirite/base/graphics/gl/GLParameters;Lspirite/base/util/linear/Transform;)V (501 bytes) @ 0x0000000002f03ff4 [0x0000000002f010e0+0x2f14]
J 3421 C1 spirite.base.graphics.gl.GLGraphicsContext.drawRect(IIII)V (143 bytes) @ 0x0000000003065874 [0x0000000003064cc0+0xbb4]
J 3235 C1 spirite.gui.major.work.WorkArea.drawWork(Lspirite/base/graphics/GraphicsContext;)V (275 bytes) @ 0x0000000002f87624 [0x0000000002f82f80+0x46a4]
J 3234 C1 spirite.gui.major.work.JOGLWorkArea$1.display(Lcom/jogamp/opengl/GLAutoDrawable;)V (122 bytes) @ 0x0000000002f81bc4 [0x0000000002f80ee0+0xce4]
J 3123 C1 jogamp.opengl.GLDrawableHelper.displayImpl(Lcom/jogamp/opengl/GLAutoDrawable;)V (105 bytes) @ 0x0000000002f19d3c [0x0000000002f19180+0xbbc]
J 3233 C1 com.jogamp.opengl.awt.GLJPanel$Updater.display(Lcom/jogamp/opengl/GLAutoDrawable;)V (221 bytes) @ 0x0000000002f74f74 [0x0000000002f74b00+0x474]
J 3232 C1 com.jogamp.opengl.awt.GLJPanel$10.run()V (15 bytes) @ 0x0000000002f758fc [0x0000000002f75840+0xbc]
J 3120 C1 jogamp.opengl.GLDrawableHelper.invokeGLImpl(Lcom/jogamp/opengl/GLDrawable;Lcom/jogamp/opengl/GLContext;Ljava/lang/Runnable;Ljava/lang/Runnable;)V (579 bytes) @ 0x0000000002f1c13c [0x0000000002f1b2e0+0xe5c]
J 3119 C1 jogamp.opengl.GLDrawableHelper.invokeGL(Lcom/jogamp/opengl/GLDrawable;Lcom/jogamp/opengl/GLContext;Ljava/lang/Runnable;Ljava/lang/Runnable;)V (76 bytes) @ 0x0000000002f10644 [0x0000000002f10580+0xc4]
J 3134 C1 com.jogamp.opengl.awt.GLJPanel$OffscreenBackend.doPaintComponent(Ljava/awt/Graphics;)V (141 bytes) @ 0x0000000002f25524 [0x0000000002f253a0+0x184]
J 3131 C1 com.jogamp.opengl.awt.GLJPanel.paintComponent(Ljava/awt/Graphics;)V (250 bytes) @ 0x0000000002f22304 [0x0000000002f20d00+0x1604]
J 3561 C1 javax.swing.JComponent.paint(Ljava/awt/Graphics;)V (409 bytes) @ 0x000000000291f02c [0x000000000291d7c0+0x186c]
J 3549 C1 javax.swing.JComponent.paintChildren(Ljava/awt/Graphics;)V (669 bytes) @ 0x000000000271d0dc [0x0000000002719d20+0x33bc]
J 3561 C1 javax.swing.JComponent.paint(Ljava/awt/Graphics;)V (409 bytes) @ 0x000000000291f3fc [0x000000000291d7c0+0x1c3c]
J 3549 C1 javax.swing.JComponent.paintChildren(Ljava/awt/Graphics;)V (669 bytes) @ 0x000000000271d0dc [0x0000000002719d20+0x33bc]
J 3561 C1 javax.swing.JComponent.paint(Ljava/awt/Graphics;)V (409 bytes) @ 0x000000000291f3fc [0x000000000291d7c0+0x1c3c]
J 2799 C1 javax.swing.JComponent.paintToOffscreen(Ljava/awt/Graphics;IIIIII)V (108 bytes) @ 0x0000000002dcdaac [0x0000000002dcd740+0x36c]
J 2881 C1 javax.swing.RepaintManager$PaintManager.paintDoubleBuffered(Ljavax/swing/JComponent;Ljava/awt/Image;Ljava/awt/Graphics;IIII)V (294 bytes) @ 0x0000000002e29bf4 [0x0000000002e294a0+0x754]
J 2798 C1 javax.swing.RepaintManager$PaintManager.paint(Ljavax/swing/JComponent;Ljavax/swing/JComponent;Ljava/awt/Graphics;IIII)Z (189 bytes) @ 0x0000000002dd0cf4 [0x0000000002dd0040+0xcb4]
J 2588 C1 javax.swing.RepaintManager.paint(Ljavax/swing/JComponent;Ljavax/swing/JComponent;Ljava/awt/Graphics;IIII)V (93 bytes) @ 0x0000000002d482c4 [0x0000000002d47de0+0x4e4]
J 2770 C1 javax.swing.JComponent._paintImmediately(IIII)V (891 bytes) @ 0x0000000002daddec [0x0000000002daac40+0x31ac]
J 2776 C1 javax.swing.JComponent.paintImmediately(IIII)V (155 bytes) @ 0x0000000002dba5ac [0x0000000002db97a0+0xe0c]
J 2867 C1 javax.swing.RepaintManager$4.run()Ljava/lang/Void; (278 bytes) @ 0x0000000002e1410c [0x0000000002e13a60+0x6ac]
J 2539 C1 javax.swing.RepaintManager$4.run()Ljava/lang/Object; (5 bytes) @ 0x0000000002d15c8c [0x0000000002d15c00+0x8c]
v  ~StubRoutines::call_stub
J 904  java.security.AccessController.doPrivileged(Ljava/security/PrivilegedAction;Ljava/security/AccessControlContext;)Ljava/lang/Object; (0 bytes) @ 0x00000000028d49a6 [0x00000000028d4940+0x66]
J 2775 C1 javax.swing.RepaintManager.paintDirtyRegions(Ljava/util/Map;)V (196 bytes) @ 0x0000000002db69f4 [0x0000000002db5500+0x14f4]
J 2774 C1 javax.swing.RepaintManager.paintDirtyRegions()V (50 bytes) @ 0x0000000002da7e44 [0x0000000002da7bc0+0x284]
J 2773 C1 javax.swing.RepaintManager.prePaintDirtyRegions()V (91 bytes) @ 0x0000000002db8f2c [0x0000000002db8900+0x62c]
J 2544 C1 javax.swing.RepaintManager$ProcessingRunnable.run()V (41 bytes) @ 0x0000000002d1af3c [0x0000000002d1ace0+0x25c]
J 2010 C1 java.awt.event.InvocationEvent.dispatch()V (69 bytes) @ 0x0000000002b7b854 [0x0000000002b7b640+0x214]
J 1819 C1 java.awt.EventQueue.dispatchEventImpl(Ljava/awt/AWTEvent;Ljava/lang/Object;)V (149 bytes) @ 0x0000000002b09cc4 [0x0000000002b081c0+0x1b04]
J 1817 C1 java.awt.EventQueue$3.run()Ljava/lang/Void; (60 bytes) @ 0x0000000002b05f9c [0x0000000002b05d80+0x21c]
J 3432 C1 java.awt.EventQueue$3.run()Ljava/lang/Object; (5 bytes) @ 0x000000000306d23c [0x000000000306d1c0+0x7c]
v  ~StubRoutines::call_stub
J 904  java.security.AccessController.doPrivileged(Ljava/security/PrivilegedAction;Ljava/security/AccessControlContext;)Ljava/lang/Object; (0 bytes) @ 0x00000000028d49a6 [0x00000000028d4940+0x66]
J 3555 C2 java.awt.EventDispatchThread.pumpOneEventForFilters(I)V (295 bytes) @ 0x0000000002818f8c [0x0000000002818ae0+0x4ac]
j  java.awt.EventDispatchThread.pumpEventsForFilter(ILjava/awt/Conditional;Ljava/awt/EventFilter;)V+35
j  java.awt.EventDispatchThread.pumpEventsForHierarchy(ILjava/awt/Conditional;Ljava/awt/Component;)V+11
j  java.awt.EventDispatchThread.pumpEvents(ILjava/awt/Conditional;)V+4
j  java.awt.EventDispatchThread.pumpEvents(Ljava/awt/Conditional;)V+3
j  java.awt.EventDispatchThread.run()V+9
v  ~StubRoutines::call_stub

---------------  P R O C E S S  ---------------

Java Threads: ( => current thread )
  0x000000002095f000 JavaThread "D3D Screen Updater" daemon [_thread_blocked, id=8452, stack(0x0000000029310000,0x0000000029410000)]
  0x0000000001cda000 JavaThread "DestroyJavaVM" [_thread_blocked, id=3244, stack(0x0000000002180000,0x0000000002280000)]
  0x00000000208bf800 JavaThread "TimerQueue" daemon [_thread_blocked, id=7396, stack(0x00000000231e0000,0x00000000232e0000)]
  0x000000001fc4c000 JavaThread "AWT-EventQueue-0-SharedResourceRunner" daemon [_thread_blocked, id=15020, stack(0x0000000024fe0000,0x00000000250e0000)]
=>0x000000001f984000 JavaThread "AWT-EventQueue-0" [_thread_in_native, id=10492, stack(0x0000000021790000,0x0000000021890000)]
  0x000000001f929800 JavaThread "AWT-Windows" daemon [_thread_in_native, id=9312, stack(0x0000000020400000,0x0000000020500000)]
  0x000000001f928800 JavaThread "AWT-Shutdown" [_thread_blocked, id=6772, stack(0x00000000201d0000,0x00000000202d0000)]
  0x000000001f928000 JavaThread "Java2D Disposer" daemon [_thread_blocked, id=15320, stack(0x00000000200a0000,0x00000000201a0000)]
  0x000000001d6ef800 JavaThread "Service Thread" daemon [_thread_blocked, id=16340, stack(0x000000001f470000,0x000000001f570000)]
  0x000000001d6a4000 JavaThread "C1 CompilerThread3" daemon [_thread_blocked, id=9980, stack(0x000000001f340000,0x000000001f440000)]
  0x000000001d654800 JavaThread "C2 CompilerThread2" daemon [_thread_blocked, id=10168, stack(0x000000001f190000,0x000000001f290000)]
  0x000000001d647800 JavaThread "C2 CompilerThread1" daemon [_thread_blocked, id=3712, stack(0x000000001efd0000,0x000000001f0d0000)]
  0x000000001d644800 JavaThread "C2 CompilerThread0" daemon [_thread_blocked, id=9020, stack(0x000000001ed20000,0x000000001ee20000)]
  0x000000001d639000 JavaThread "Monitor Ctrl-Break" daemon [_thread_in_native, id=17304, stack(0x000000001ebf0000,0x000000001ecf0000)]
  0x000000001d4b6000 JavaThread "Attach Listener" daemon [_thread_blocked, id=15208, stack(0x000000001eae0000,0x000000001ebe0000)]
  0x000000001d4b5000 JavaThread "Signal Dispatcher" daemon [_thread_blocked, id=15212, stack(0x000000001e900000,0x000000001ea00000)]
  0x000000001c511000 JavaThread "Finalizer" daemon [_thread_blocked, id=10716, stack(0x000000001e740000,0x000000001e840000)]
  0x000000001c50a000 JavaThread "Reference Handler" daemon [_thread_blocked, id=6740, stack(0x000000001e5f0000,0x000000001e6f0000)]

Other Threads:
  0x000000001c500800 VMThread [stack: 0x000000001e4a0000,0x000000001e5a0000] [id=14788]
  0x000000001d770800 WatcherThread [stack: 0x000000001f680000,0x000000001f780000] [id=6664]

VM state:not at safepoint (normal execution)

VM Mutex/Monitor currently owned by a thread: None

Heap:
 PSYoungGen      total 76288K, used 61015K [0x000000076af80000, 0x0000000772f80000, 0x00000007c0000000)
  eden space 65536K, 89% used [0x000000076af80000,0x000000076e8bb318,0x000000076ef80000)
  from space 10752K, 22% used [0x000000076ef80000,0x000000076f1da970,0x000000076fa00000)
  to   space 10752K, 0% used [0x0000000772500000,0x0000000772500000,0x0000000772f80000)
 ParOldGen       total 86528K, used 4453K [0x00000006c0e00000, 0x00000006c6280000, 0x000000076af80000)
  object space 86528K, 5% used [0x00000006c0e00000,0x00000006c1259468,0x00000006c6280000)
 Metaspace       used 25690K, capacity 25888K, committed 26240K, reserved 1073152K
  class space    used 2826K, capacity 2899K, committed 2944K, reserved 1048576K

Card table byte_map: [0x0000000011910000,0x0000000012110000] byte_map_base: 0x000000000e309000

Marking Bits: (ParMarkBitMap*) 0x000000007001d850
 Begin Bits: [0x0000000013390000, 0x0000000017358000)
 End Bits:   [0x0000000017358000, 0x000000001b320000)

Polling page: 0x0000000001d70000

CodeCache: size=245760Kb used=11521Kb max_used=11624Kb free=234238Kb
 bounds [0x0000000002550000, 0x00000000030d0000, 0x0000000011550000]
 total_blobs=4365 nmethods=3418 adapters=858
 compilation: enabled

Compilation events (10 events):
Event: 68.530 Thread 0x000000001d6a4000 3629       3       com.jogamp.opengl.util.GLArrayDataWrapper::getVBOName (16 bytes)
Event: 68.530 Thread 0x000000001d6a4000 nmethod 3629 0x00000000028e4910 code [0x00000000028e4a60, 0x00000000028e4c10]
Event: 68.631 Thread 0x000000001d6a4000 3630       3       java.util.regex.Matcher::groupCount (10 bytes)
Event: 68.631 Thread 0x000000001d6a4000 nmethod 3630 0x0000000002676650 code [0x00000000026767a0, 0x0000000002676910]
Event: 68.631 Thread 0x000000001d6a4000 3631       3       java.util.regex.Pattern$GroupHead::match (47 bytes)
Event: 68.632 Thread 0x000000001d6a4000 nmethod 3631 0x00000000026e10d0 code [0x00000000026e1240, 0x00000000026e14e8]
Event: 68.633 Thread 0x000000001d647800 3632       4       jogamp.opengl.GLBufferObjectTracker$GLBufferStorageImpl::<init> (11 bytes)
Event: 68.633 Thread 0x000000001d654800 3633       4       com.jogamp.opengl.GLBufferStorage::<init> (32 bytes)
Event: 68.633 Thread 0x000000001d647800 nmethod 3632 0x0000000002673210 code [0x0000000002673340, 0x00000000026733b8]
Event: 68.633 Thread 0x000000001d654800 nmethod 3633 0x00000000026fcd90 code [0x00000000026fcec0, 0x00000000026fcf38]

GC Heap History (8 events):
Event: 1.782 GC heap before
{Heap before GC invocations=1 (full 0):
 PSYoungGen      total 76288K, used 65536K [0x000000076af80000, 0x0000000770480000, 0x00000007c0000000)
  eden space 65536K, 100% used [0x000000076af80000,0x000000076ef80000,0x000000076ef80000)
  from space 10752K, 0% used [0x000000076fa00000,0x000000076fa00000,0x0000000770480000)
  to   space 10752K, 0% used [0x000000076ef80000,0x000000076ef80000,0x000000076fa00000)
 ParOldGen       total 175104K, used 0K [0x00000006c0e00000, 0x00000006cb900000, 0x000000076af80000)
  object space 175104K, 0% used [0x00000006c0e00000,0x00000006c0e00000,0x00000006cb900000)
 Metaspace       used 19403K, capacity 19626K, committed 19968K, reserved 1067008K
  class space    used 2123K, capacity 2188K, committed 2304K, reserved 1048576K
Event: 1.794 GC heap after
Heap after GC invocations=1 (full 0):
 PSYoungGen      total 76288K, used 6870K [0x000000076af80000, 0x0000000770480000, 0x00000007c0000000)
  eden space 65536K, 0% used [0x000000076af80000,0x000000076af80000,0x000000076ef80000)
  from space 10752K, 63% used [0x000000076ef80000,0x000000076f635ad8,0x000000076fa00000)
  to   space 10752K, 0% used [0x000000076fa00000,0x000000076fa00000,0x0000000770480000)
 ParOldGen       total 175104K, used 16K [0x00000006c0e00000, 0x00000006cb900000, 0x000000076af80000)
  object space 175104K, 0% used [0x00000006c0e00000,0x00000006c0e04000,0x00000006cb900000)
 Metaspace       used 19403K, capacity 19626K, committed 19968K, reserved 1067008K
  class space    used 2123K, capacity 2188K, committed 2304K, reserved 1048576K
}
Event: 1.899 GC heap before
{Heap before GC invocations=2 (full 0):
 PSYoungGen      total 76288K, used 15537K [0x000000076af80000, 0x0000000770480000, 0x00000007c0000000)
  eden space 65536K, 13% used [0x000000076af80000,0x000000076b7f6d20,0x000000076ef80000)
  from space 10752K, 63% used [0x000000076ef80000,0x000000076f635ad8,0x000000076fa00000)
  to   space 10752K, 0% used [0x000000076fa00000,0x000000076fa00000,0x0000000770480000)
 ParOldGen       total 175104K, used 16K [0x00000006c0e00000, 0x00000006cb900000, 0x000000076af80000)
  object space 175104K, 0% used [0x00000006c0e00000,0x00000006c0e04000,0x00000006cb900000)
 Metaspace       used 20909K, capacity 21072K, committed 21296K, reserved 1069056K
  class space    used 2339K, capacity 2413K, committed 2432K, reserved 1048576K
Event: 1.907 GC heap after
Heap after GC invocations=2 (full 0):
 PSYoungGen      total 76288K, used 4558K [0x000000076af80000, 0x0000000774480000, 0x00000007c0000000)
  eden space 65536K, 0% used [0x000000076af80000,0x000000076af80000,0x000000076ef80000)
  from space 10752K, 42% used [0x000000076fa00000,0x000000076fe73998,0x0000000770480000)
  to   space 10752K, 0% used [0x000000076ef80000,0x000000076ef80000,0x000000076fa00000)
 ParOldGen       total 175104K, used 24K [0x00000006c0e00000, 0x00000006cb900000, 0x000000076af80000)
  object space 175104K, 0% used [0x00000006c0e00000,0x00000006c0e06000,0x00000006cb900000)
 Metaspace       used 20909K, capacity 21072K, committed 21296K, reserved 1069056K
  class space    used 2339K, capacity 2413K, committed 2432K, reserved 1048576K
}
Event: 1.907 GC heap before
{Heap before GC invocations=3 (full 1):
 PSYoungGen      total 76288K, used 4558K [0x000000076af80000, 0x0000000774480000, 0x00000007c0000000)
  eden space 65536K, 0% used [0x000000076af80000,0x000000076af80000,0x000000076ef80000)
  from space 10752K, 42% used [0x000000076fa00000,0x000000076fe73998,0x0000000770480000)
  to   space 10752K, 0% used [0x000000076ef80000,0x000000076ef80000,0x000000076fa00000)
 ParOldGen       total 175104K, used 24K [0x00000006c0e00000, 0x00000006cb900000, 0x000000076af80000)
  object space 175104K, 0% used [0x00000006c0e00000,0x00000006c0e06000,0x00000006cb900000)
 Metaspace       used 20909K, capacity 21072K, committed 21296K, reserved 1069056K
  class space    used 2339K, capacity 2413K, committed 2432K, reserved 1048576K
Event: 1.929 GC heap after
Heap after GC invocations=3 (full 1):
 PSYoungGen      total 76288K, used 0K [0x000000076af80000, 0x0000000774480000, 0x00000007c0000000)
  eden space 65536K, 0% used [0x000000076af80000,0x000000076af80000,0x000000076ef80000)
  from space 10752K, 0% used [0x000000076fa00000,0x000000076fa00000,0x0000000770480000)
  to   space 10752K, 0% used [0x000000076ef80000,0x000000076ef80000,0x000000076fa00000)
 ParOldGen       total 86528K, used 4445K [0x00000006c0e00000, 0x00000006c6280000, 0x000000076af80000)
  object space 86528K, 5% used [0x00000006c0e00000,0x00000006c1257468,0x00000006c6280000)
 Metaspace       used 20909K, capacity 21072K, committed 21296K, reserved 1069056K
  class space    used 2339K, capacity 2413K, committed 2432K, reserved 1048576K
}
Event: 25.555 GC heap before
{Heap before GC invocations=4 (full 1):
 PSYoungGen      total 76288K, used 65536K [0x000000076af80000, 0x0000000774480000, 0x00000007c0000000)
  eden space 65536K, 100% used [0x000000076af80000,0x000000076ef80000,0x000000076ef80000)
  from space 10752K, 0% used [0x000000076fa00000,0x000000076fa00000,0x0000000770480000)
  to   space 10752K, 0% used [0x000000076ef80000,0x000000076ef80000,0x000000076fa00000)
 ParOldGen       total 86528K, used 4445K [0x00000006c0e00000, 0x00000006c6280000, 0x000000076af80000)
  object space 86528K, 5% used [0x00000006c0e00000,0x00000006c1257468,0x00000006c6280000)
 Metaspace       used 25540K, capacity 25728K, committed 26240K, reserved 1073152K
  class space    used 2805K, capacity 2867K, committed 2944K, reserved 1048576K
Event: 25.558 GC heap after
Heap after GC invocations=4 (full 1):
 PSYoungGen      total 76288K, used 2410K [0x000000076af80000, 0x0000000772f80000, 0x00000007c0000000)
  eden space 65536K, 0% used [0x000000076af80000,0x000000076af80000,0x000000076ef80000)
  from space 10752K, 22% used [0x000000076ef80000,0x000000076f1da970,0x000000076fa00000)
  to   space 10752K, 0% used [0x0000000772500000,0x0000000772500000,0x0000000772f80000)
 ParOldGen       total 86528K, used 4453K [0x00000006c0e00000, 0x00000006c6280000, 0x000000076af80000)
  object space 86528K, 5% used [0x00000006c0e00000,0x00000006c1259468,0x00000006c6280000)
 Metaspace       used 25540K, capacity 25728K, committed 26240K, reserved 1073152K
  class space    used 2805K, capacity 2867K, committed 2944K, reserved 1048576K
}

Deoptimization events (10 events):
Event: 66.098 Thread 0x000000001f984000 Uncommon trap: reason=unstable_if action=reinterpret pc=0x0000000002812c80 method=java.awt.EventQueue.setCurrentEventAndMostRecentTimeImpl(Ljava/awt/AWTEvent;)V @ 68
Event: 68.469 Thread 0x000000001f984000 Uncommon trap: reason=unstable_if action=reinterpret pc=0x0000000002f32bac method=java.util.HashMap.clear()V @ 16
Event: 68.489 Thread 0x000000001f984000 Uncommon trap: reason=bimorphic action=maybe_recompile pc=0x0000000002d5f6bc method=com.jogamp.common.nio.Buffers.isDirect(Ljava/lang/Object;)Z @ 17
Event: 68.489 Thread 0x000000001f984000 Uncommon trap: reason=bimorphic action=maybe_recompile pc=0x0000000002d5f6bc method=com.jogamp.common.nio.Buffers.isDirect(Ljava/lang/Object;)Z @ 17
Event: 68.489 Thread 0x000000001f984000 Uncommon trap: reason=bimorphic action=maybe_recompile pc=0x0000000002d5f6bc method=com.jogamp.common.nio.Buffers.isDirect(Ljava/lang/Object;)Z @ 17
Event: 68.489 Thread 0x000000001f984000 Uncommon trap: reason=bimorphic action=maybe_recompile pc=0x0000000002d5f6bc method=com.jogamp.common.nio.Buffers.isDirect(Ljava/lang/Object;)Z @ 17
Event: 68.528 Thread 0x000000001f984000 Uncommon trap: reason=unstable_if action=reinterpret pc=0x0000000002f6d9c0 method=jogamp.opengl.GLFBODrawableImpl.getDefaultDrawFramebuffer()I @ 4
Event: 68.530 Thread 0x000000001f984000 Uncommon trap: reason=bimorphic action=maybe_recompile pc=0x0000000002fe9580 method=com.jogamp.common.nio.Buffers.isDirect(Ljava/lang/Object;)Z @ 17
Event: 68.530 Thread 0x000000001f984000 Uncommon trap: reason=unstable_if action=reinterpret pc=0x0000000002f6e16c method=com.jogamp.common.util.IntObjectHashMap.get(I)Ljava/lang/Object; @ 19
Event: 68.530 Thread 0x000000001f984000 Uncommon trap: reason=unstable_if action=reinterpret pc=0x0000000002ec89e8 method=com.jogamp.common.util.IntObjectHashMap.put(ILjava/lang/Object;)Ljava/lang/Object; @ 21

Internal exceptions (10 events):
Event: 1.669 Thread 0x000000001f984000 Implicit null exception at 0x000000000276f9d6 to 0x000000000276fd81
Event: 1.669 Thread 0x000000001f984000 Implicit null exception at 0x0000000002761c94 to 0x0000000002762061
Event: 25.566 Thread 0x000000001f984000 Implicit null exception at 0x0000000002f36d0b to 0x0000000002f37f3d
Event: 38.656 Thread 0x000000001f984000 Implicit null exception at 0x0000000002e1128c to 0x0000000002e11b4d
Event: 46.173 Thread 0x000000001f984000 Implicit null exception at 0x00000000026a3f70 to 0x00000000026a3fcc
Event: 68.469 Thread 0x000000001f984000 Implicit null exception at 0x0000000002f32af5 to 0x0000000002f32b9d
Event: 68.470 Thread 0x000000001f984000 Exception <a 'com/jogamp/opengl/GLException'> (0x000000076e7b2eb0) thrown at [C:\re\workspace\8-2-build-windows-amd64-cygwin\jdk8u144\9417\hotspot\src\share\vm\prims\jvm.cpp, line 1394]
Event: 68.470 Thread 0x000000001f984000 Exception <a 'com/jogamp/opengl/GLException'> (0x000000076e7b2eb0) thrown at [C:\re\workspace\8-2-build-windows-amd64-cygwin\jdk8u144\9417\hotspot\src\share\vm\prims\jvm.cpp, line 1394]
Event: 68.530 Thread 0x000000001f984000 Implicit null exception at 0x0000000002f6e0ea to 0x0000000002f6e155
Event: 68.530 Thread 0x000000001f984000 Implicit null exception at 0x0000000002ec8929 to 0x0000000002ec89c5

Events (10 events):
Event: 68.631 Thread 0x000000001d6a4000 flushing nmethod 0x000000000274df50
Event: 68.632 Thread 0x000000001d6a4000 flushing nmethod 0x0000000002811210
Event: 68.632 Thread 0x000000001d6a4000 flushing nmethod 0x00000000028120d0
Event: 68.634 Thread 0x000000001d647800 flushing nmethod 0x000000000286e1d0
Event: 68.634 Thread 0x000000001d647800 flushing nmethod 0x000000000286f6d0
Event: 68.634 Thread 0x000000001d647800 flushing nmethod 0x000000000287e350
Event: 68.634 Thread 0x000000001d647800 flushing nmethod 0x0000000002880510
Event: 68.634 Thread 0x000000001d647800 flushing nmethod 0x000000000288a090
Event: 68.634 Thread 0x000000001d647800 flushing nmethod 0x000000000289e350
Event: 68.634 Thread 0x000000001d647800 flushing nmethod 0x00000000028a7950


Dynamic libraries:
0x000000013f7a0000 - 0x000000013f7d7000 	C:\Program Files\Java\jdk1.8.0_144\bin\java.exe
0x0000000076cd0000 - 0x0000000076e6f000 	C:\Windows\SYSTEM32\ntdll.dll
0x0000000076ab0000 - 0x0000000076bcf000 	C:\Windows\system32\kernel32.dll
0x000007fefcba0000 - 0x000007fefcc0a000 	C:\Windows\system32\KERNELBASE.dll
0x000007fefe550000 - 0x000007fefe62b000 	C:\Windows\system32\ADVAPI32.dll
0x000007fefef20000 - 0x000007fefefbf000 	C:\Windows\system32\msvcrt.dll
0x000007fefe710000 - 0x000007fefe72f000 	C:\Windows\SYSTEM32\sechost.dll
0x000007fefe420000 - 0x000007fefe54d000 	C:\Windows\system32\RPCRT4.dll
0x0000000076bd0000 - 0x0000000076cca000 	C:\Windows\system32\USER32.dll
0x000007fefe3b0000 - 0x000007fefe417000 	C:\Windows\system32\GDI32.dll
0x000007fefe3a0000 - 0x000007fefe3ae000 	C:\Windows\system32\LPK.dll
0x000007fefeb60000 - 0x000007fefec2b000 	C:\Windows\system32\USP10.dll
0x000007fefb510000 - 0x000007fefb704000 	C:\Windows\WinSxS\amd64_microsoft.windows.common-controls_6595b64144ccf1df_6.0.7601.18837_none_fa3b1e3d17594757\COMCTL32.dll
0x000007fefe050000 - 0x000007fefe0c1000 	C:\Windows\system32\SHLWAPI.dll
0x000007fefd290000 - 0x000007fefd2be000 	C:\Windows\system32\IMM32.DLL
0x000007fefcd60000 - 0x000007fefce69000 	C:\Windows\system32\MSCTF.dll
0x0000000078b60000 - 0x0000000078c32000 	C:\Program Files\Java\jdk1.8.0_144\jre\bin\msvcr100.dll
0x000000006f800000 - 0x000000007009d000 	C:\Program Files\Java\jdk1.8.0_144\jre\bin\server\jvm.dll
0x000007fef1020000 - 0x000007fef1029000 	C:\Windows\system32\WSOCK32.dll
0x000007fefcf10000 - 0x000007fefcf5d000 	C:\Windows\system32\WS2_32.dll
0x000007fefe0d0000 - 0x000007fefe0d8000 	C:\Windows\system32\NSI.dll
0x000007fefa660000 - 0x000007fefa69b000 	C:\Windows\system32\WINMM.dll
0x000007fefba70000 - 0x000007fefba7c000 	C:\Windows\system32\VERSION.dll
0x0000000076e70000 - 0x0000000076e77000 	C:\Windows\system32\PSAPI.DLL
0x0000000072160000 - 0x000000007216f000 	C:\Program Files\Java\jdk1.8.0_144\jre\bin\verify.dll
0x000000006d730000 - 0x000000006d759000 	C:\Program Files\Java\jdk1.8.0_144\jre\bin\java.dll
0x0000000001d90000 - 0x0000000001db3000 	C:\Program Files\Java\jdk1.8.0_144\jre\bin\instrument.dll
0x0000000070e80000 - 0x0000000070e96000 	C:\Program Files\Java\jdk1.8.0_144\jre\bin\zip.dll
0x000007fefd2c0000 - 0x000007fefe04b000 	C:\Windows\system32\SHELL32.dll
0x000007fefe730000 - 0x000007fefe92d000 	C:\Windows\system32\ole32.dll
0x000007fefc9a0000 - 0x000007fefc9af000 	C:\Windows\system32\profapi.dll
0x000007feed300000 - 0x000007feed31a000 	C:\Program Files\JetBrains\IntelliJ IDEA Community Edition 2017.3.4\bin\breakgen64.dll
0x00000000703e0000 - 0x00000000703fa000 	C:\Program Files\Java\jdk1.8.0_144\jre\bin\net.dll
0x000007fefc130000 - 0x000007fefc185000 	C:\Windows\system32\mswsock.dll
0x000007fefc120000 - 0x000007fefc127000 	C:\Windows\System32\wship6.dll
0x000000006c790000 - 0x000000006c928000 	C:\Program Files\Java\jdk1.8.0_144\jre\bin\awt.dll
0x000007fefe630000 - 0x000007fefe70a000 	C:\Windows\system32\OLEAUT32.dll
0x000007fefaf80000 - 0x000007fefafd6000 	C:\Windows\system32\uxtheme.dll
0x000007fefba00000 - 0x000007fefba18000 	C:\Windows\system32\dwmapi.dll
0x000007fefc800000 - 0x000007fefc80f000 	C:\Windows\system32\CRYPTBASE.dll
0x000007fefc370000 - 0x000007fefc388000 	C:\Windows\system32\CRYPTSP.dll
0x000007fefbe90000 - 0x000007fefbed7000 	C:\Windows\system32\rsaenh.dll
0x000007fefc9c0000 - 0x000007fefc9de000 	C:\Windows\system32\USERENV.dll
0x000007fefa230000 - 0x000007fefa257000 	C:\Windows\system32\IPHLPAPI.DLL
0x000007fefa220000 - 0x000007fefa22b000 	C:\Windows\system32\WINNSI.DLL
0x000007fef91b0000 - 0x000007fef91c8000 	C:\Windows\system32\dhcpcsvc.DLL
0x000007fef8cc0000 - 0x000007fef8cd1000 	C:\Windows\system32\dhcpcsvc6.DLL
0x0000000070400000 - 0x0000000070411000 	C:\Program Files\Java\jdk1.8.0_144\jre\bin\nio.dll
0x000007fefc7a0000 - 0x000007fefc7f7000 	C:\Windows\system32\apphelp.dll
0x00000000637c0000 - 0x00000000637cd000 	C:\Users\RBurks\AppData\Local\Temp\jogamp_0000\file_cache\jln6139625937252124883\jln5203279446042102923\gluegen-rt.dll
0x000000006d9b0000 - 0x000000006d9b7000 	C:\Program Files\Java\jdk1.8.0_144\jre\bin\jawt.dll
0x000000006a440000 - 0x000000006a44d000 	C:\Users\RBurks\AppData\Local\Temp\jogamp_0000\file_cache\jln6139625937252124883\jln5203279446042102923\nativewindow_awt.dll
0x000007feeb1f0000 - 0x000007feeb30d000 	C:\Windows\system32\opengl32.dll
0x000007feee300000 - 0x000007feee32d000 	C:\Windows\system32\GLU32.dll
0x000007feecea0000 - 0x000007feecf91000 	C:\Windows\system32\DDRAW.dll
0x000007fef5900000 - 0x000007fef5908000 	C:\Windows\system32\DCIMAN32.dll
0x000007fefe0e0000 - 0x000007fefe2b7000 	C:\Windows\system32\SETUPAPI.dll
0x000007fefc9e0000 - 0x000007fefca16000 	C:\Windows\system32\CFGMGR32.dll
0x000007fefcc20000 - 0x000007fefcc3a000 	C:\Windows\system32\DEVOBJ.dll
0x000007fedcb80000 - 0x000007fedcd7f000 	C:\Windows\system32\d3d9.dll
0x000007fef0990000 - 0x000007fef0997000 	C:\Windows\system32\d3d8thk.dll
0x000007fef8d00000 - 0x000007fef8e64000 	C:\Windows\system32\aticfx64.dll
0x000007fedc6b0000 - 0x000007fedc6d1000 	C:\Windows\system32\atiu9p64.dll
0x000007fed1840000 - 0x000007fed2099000 	C:\Windows\system32\atiumd64.dll
0x0000000061b40000 - 0x00000000623c8000 	C:\Windows\system32\atiumd6a.dll
0x000007fefba20000 - 0x000007fefba4c000 	C:\Windows\system32\POWRPROF.dll
0x000000006c100000 - 0x000000006c10f000 	C:\Users\RBurks\AppData\Local\Temp\jogamp_0000\file_cache\jln6139625937252124883\jln5203279446042102923\nativewindow_win32.dll
0x0000000064500000 - 0x00000000645ae000 	C:\Users\RBurks\AppData\Local\Temp\jogamp_0000\file_cache\jln6139625937252124883\jln5203279446042102923\jogl_desktop.dll
0x0000000064340000 - 0x00000000643a0000 	C:\Users\RBurks\AppData\Local\Temp\jogamp_0000\file_cache\jln6139625937252124883\jln5203279446042102923\jogl_mobile.dll
0x000007feed320000 - 0x000007feed338000 	C:\Windows\system32\atig6pxx.dll
0x0000000068540000 - 0x000000006a340000 	C:\Windows\system32\atio6axx.dll
0x000007fedc3b0000 - 0x000007fedc4f0000 	C:\Windows\system32\atiadlxx.dll
0x000007fefafe0000 - 0x000007fefb10c000 	C:\Windows\system32\PROPSYS.dll
0x000007fefba50000 - 0x000007fefba61000 	C:\Windows\system32\WTSAPI32.dll
0x000007fefcd00000 - 0x000007fefcd3b000 	C:\Windows\system32\WINTRUST.dll
0x000007fefca30000 - 0x000007fefcb9d000 	C:\Windows\system32\CRYPT32.dll
0x000007fefc9b0000 - 0x000007fefc9bf000 	C:\Windows\system32\MSASN1.dll
0x000007feeb830000 - 0x000007feeb85c000 	C:\Windows\system32\atig6txx.dll
0x0000000012e30000 - 0x0000000012e77000 	C:\Program Files\Java\jdk1.8.0_144\jre\bin\fontmanager.dll
0x0000000070900000 - 0x0000000070942000 	C:\Program Files\Java\jdk1.8.0_144\jre\bin\t2k.dll
0x000007fefce70000 - 0x000007fefcf09000 	C:\Windows\system32\CLBCatQ.DLL
0x000007fefa270000 - 0x000007fefa3d1000 	C:\Windows\system32\WindowsCodecs.dll
0x000007fef9950000 - 0x000007fef9985000 	C:\Windows\system32\EhStorShell.dll
0x000007fef9390000 - 0x000007fef940e000 	C:\Windows\System32\cscui.dll
0x000007fef9d30000 - 0x000007fef9d3c000 	C:\Windows\System32\CSCDLL.dll
0x000007fef1140000 - 0x000007fef114f000 	C:\Windows\system32\CSCAPI.dll
0x000007fef9310000 - 0x000007fef9390000 	C:\Windows\system32\ntshrui.dll
0x000007fefc410000 - 0x000007fefc433000 	C:\Windows\system32\srvcli.dll
0x000007fefa710000 - 0x000007fefa71b000 	C:\Windows\system32\slc.dll
0x000007fef9e90000 - 0x000007fef9fb5000 	C:\Windows\system32\dbghelp.dll

VM Arguments:
jvm_args: -javaagent:C:\Program Files\JetBrains\IntelliJ IDEA Community Edition 2017.3.4\lib\idea_rt.jar=60583:C:\Program Files\JetBrains\IntelliJ IDEA Community Edition 2017.3.4\bin -Dfile.encoding=UTF-8 
java_command: spirite.pc.SpiriteKt
java_class_path (initial): C:\Program Files\Java\jdk1.8.0_144\jre\lib\charsets.jar;C:\Program Files\Java\jdk1.8.0_144\jre\lib\deploy.jar;C:\Program Files\Java\jdk1.8.0_144\jre\lib\ext\access-bridge-64.jar;C:\Program Files\Java\jdk1.8.0_144\jre\lib\ext\cldrdata.jar;C:\Program Files\Java\jdk1.8.0_144\jre\lib\ext\dnsns.jar;C:\Program Files\Java\jdk1.8.0_144\jre\lib\ext\jaccess.jar;C:\Program Files\Java\jdk1.8.0_144\jre\lib\ext\jfxrt.jar;C:\Program Files\Java\jdk1.8.0_144\jre\lib\ext\localedata.jar;C:\Program Files\Java\jdk1.8.0_144\jre\lib\ext\nashorn.jar;C:\Program Files\Java\jdk1.8.0_144\jre\lib\ext\sunec.jar;C:\Program Files\Java\jdk1.8.0_144\jre\lib\ext\sunjce_provider.jar;C:\Program Files\Java\jdk1.8.0_144\jre\lib\ext\sunmscapi.jar;C:\Program Files\Java\jdk1.8.0_144\jre\lib\ext\sunpkcs11.jar;C:\Program Files\Java\jdk1.8.0_144\jre\lib\ext\zipfs.jar;C:\Program Files\Java\jdk1.8.0_144\jre\lib\javaws.jar;C:\Program Files\Java\jdk1.8.0_144\jre\lib\jce.jar;C:\Program Files\Java\jdk1.8.0_144\jre\lib\jfr.jar;C:\Program Files\Java\jdk1.8.0_144\jre\lib\jfxswt.jar;C:\Program Files\Java\jdk1.8.0_144\jre\lib\jsse.jar;C:\Program Files\Java\jdk1.8.0_144\jre\lib\management-agent.jar;C:\Program Files\Java\jdk1.8.0_144\jre\lib\plugin.jar;C:\Program Files\Java\jdk1.8.0_144\jre\lib\resources.jar;C:\Program Files\Java\jdk1.8.0_144\jre\lib\rt.jar;C:\Documents\Programming\J\_S\Spirite\build\classes\java\main;C:\Documents\Programming\J\_S\Spirite\build\classes\kotlin\main;C:\Documents\Programming\J\_S\Spirite\build\resources\main;C:\Users\RBurks\.gradle\caches\modules-2\files-2.1\org.jetbrains.kotlin\kotlin-stdlib-jdk8\1.2.31\50094b02ec8a4c2e4444073c722bb56c8a52b83c\kotlin-stdlib-jdk8-1.2.31.jar;C:\Users\RBurks\.gradle\caches\modules-2\files-2.1\org.jogamp.gluegen\gluegen-rt\2.3.1\b28a5ed162a28ab18f3018c6e25449770bcc2c2a\gluegen-rt-2.3.1.jar;C:\Users\RBurks\.gradle\caches\modules-2\files-2.1\org.jogamp.jogl\jogl-all\2.3.1\5453853b9401ede468806c863ec544c04a3d219c\jogl-all-2.3.1.jar;C:\U
Launcher Type: SUN_STANDARD

Environment Variables:
PATH=C:\ProgramData\Oracle\Java\javapath;C:\Windows\system32;C:\Windows;C:\Windows\System32\Wbem;C:\Windows\System32\WindowsPowerShell\v1.0\;c:\Program Files (x86)\ATI Technologies\ATI.ACE\Core-Static;C:\Program Files\Microsoft SQL Server\130\Tools\Binn\;C:\Program Files\Microsoft SQL Server\Client SDK\ODBC\110\Tools\Binn\;C:\Program Files (x86)\Microsoft SQL Server\120\Tools\Binn\ManagementStudio\;C:\Program Files (x86)\Microsoft SQL Server\120\Tools\Binn\;C:\Program Files\Microsoft SQL Server\120\Tools\Binn\;C:\Program Files (x86)\Microsoft SQL Server\120\DTS\Binn\;C:\Program Files\Microsoft SQL Server\120\DTS\Binn\;C:\Program Files\dotnet\;C:\Program Files (x86)\dotnet\;C:\Program Files\nodejs\;C:\Program Files\Git\cmd;C:\ProgramData\chocolatey\bin;C:\Users\RBurks\AppData\Roaming\npm
USERNAME=RBurks
OS=Windows_NT
PROCESSOR_IDENTIFIER=Intel64 Family 6 Model 94 Stepping 3, GenuineIntel



---------------  S Y S T E M  ---------------

OS: Windows 7 , 64 bit Build 7601 (6.1.7601.24059)

CPU:total 8 (initial active 8) (4 cores per cpu, 2 threads per core) family 6 model 94 stepping 3, cmov, cx8, fxsr, mmx, sse, sse2, sse3, ssse3, sse4.1, sse4.2, popcnt, avx, avx2, aes, clmul, erms, rtm, 3dnowpref, lzcnt, ht, tsc, tscinvbit, bmi1, bmi2, adx

Memory: 4k page, physical 16719020k(1067932k free), swap 33436164k(6840952k free)

vm_info: Java HotSpot(TM) 64-Bit Server VM (25.144-b01) for windows-amd64 JRE (1.8.0_144-b01), built on Jul 21 2017 21:57:33 by "java_re" with MS VC++ 10.0 (VS2010)

time: Tue Apr 10 15:27:40 2018
elapsed time: 68 seconds (0d 0h 1m 8s)

