#
# A fatal error has been detected by the Java Runtime Environment:
#
#  EXCEPTION_ACCESS_VIOLATION (0xc0000005) at pc=0x0000000025d43f9f, pid=1396, tid=0x0000000000001f68
#
# JRE version: Java(TM) SE Runtime Environment (8.0_144-b01) (build 1.8.0_144-b01)
# Java VM: Java HotSpot(TM) 64-Bit Server VM (25.144-b01 mixed mode windows-amd64 compressed oops)
# Problematic frame:
# C  [atio6axx.dll+0xd33f9f]
#
# Failed to write core dump. Minidumps are not enabled by default on client versions of Windows
#
# If you would like to submit a bug report, please visit:
#   http://bugreport.java.com/bugreport/crash.jsp
# The crash happened outside the Java Virtual Machine in native code.
# See problematic frame for where to report the bug.
#

---------------  T H R E A D  ---------------

Current thread (0x000000001f8bd000):  JavaThread "AWT-EventQueue-0" [_thread_in_native, id=8040, stack(0x0000000021380000,0x0000000021480000)]

siginfo: ExceptionCode=0xc0000005, reading address 0x0000000000000000

Registers:
RAX=0x0000000000000001, RBX=0x00000000280c7e80, RCX=0x0000000000000000, RDX=0x00000000280b2f30
RSP=0x000000002147af80, RBP=0x000000002147b080, RSI=0x0000000032b96b70, RDI=0x0000000000000000
R8 =0x0000000032b96b60, R9 =0x0000000032b96b70, R10=0x000000ffffffffff, R11=0x0000004c00f7000f
R12=0x00000000280d2790, R13=0x0000000000100000, R14=0x0000000028506f10, R15=0x00000000280d2748
RIP=0x0000000025d43f9f, EFLAGS=0x0000000000010202

Top of Stack: (sp=0x000000002147af80)
0x000000002147af80:   00000000280c7e80 00000000280c8728
0x000000002147af90:   00000000269811a0 0000000000000000
0x000000002147afa0:   0000000000000001 000000002147afd0
0x000000002147afb0:   000000002147b0e0 0000000000000000
0x000000002147afc0:   00000000280c7e80 0000000000000000
0x000000002147afd0:   ffffffffffffffff 0000000000000000
0x000000002147afe0:   0000000000000000 0000000000000015
0x000000002147aff0:   0000000000000001 0000000100000001
0x000000002147b000:   0000000200000000 0000000000000000
0x000000002147b010:   0000000000000000 0000000000000000
0x000000002147b020:   0000000000000000 0000000000000000
0x000000002147b030:   0000000000000000 0000000000000000
0x000000002147b040:   0000000000000000 0000000000000000
0x000000002147b050:   0000000000000000 0000000000000000
0x000000002147b060:   0000000000000000 0000000030be0000
0x000000002147b070:   0000000000000000 000000002147b930 

Instructions: (pc=0x0000000025d43f9f)
0x0000000025d43f7f:   03 ba 01 00 00 00 48 8b cb ff 10 48 89 7c 24 40
0x0000000025d43f8f:   49 8b 4c 24 f0 49 89 34 24 49 8b 96 d0 03 00 00
0x0000000025d43f9f:   48 8b 01 41 b9 01 00 00 00 45 33 c0 40 88 7c 24
0x0000000025d43faf:   28 40 88 7c 24 20 ff 50 40 49 8b 0c 24 45 33 c9 


Register to memory mapping:

RAX=0x0000000000000001 is an unknown value
RBX=0x00000000280c7e80 is an unknown value
RCX=0x0000000000000000 is an unknown value
RDX=0x00000000280b2f30 is an unknown value
RSP=0x000000002147af80 is pointing into the stack for thread: 0x000000001f8bd000
RBP=0x000000002147b080 is pointing into the stack for thread: 0x000000001f8bd000
RSI=0x0000000032b96b70 is an unknown value
RDI=0x0000000000000000 is an unknown value
R8 =0x0000000032b96b60 is an unknown value
R9 =0x0000000032b96b70 is an unknown value
R10=0x000000ffffffffff is an unknown value
R11=0x0000004c00f7000f is an unknown value
R12=0x00000000280d2790 is an unknown value
R13=0x0000000000100000 is an unknown value
R14=0x0000000028506f10 is an unknown value
R15=0x00000000280d2748 is an unknown value


Stack: [0x0000000021380000,0x0000000021480000],  sp=0x000000002147af80,  free space=1003k
Native frames: (J=compiled Java code, j=interpreted, Vv=VM code, C=native code)
C  [atio6axx.dll+0xd33f9f]
C  [atio6axx.dll+0xd9804d]
C  [atio6axx.dll+0xd94078]
C  [atio6axx.dll+0x297742]
C  [atio6axx.dll+0x1b8e35]
C  [atio6axx.dll+0x5c2364]
C  0x0000000002aa2483

Java frames: (J=compiled Java code, j=interpreted, Vv=VM code)
J 1862  jogamp.opengl.gl4.GL4bcImpl.dispatch_glDrawArrays1(IIIJ)V (0 bytes) @ 0x0000000002aa2405 [0x0000000002aa23c0+0x45]
J 3355 C2 jogamp.opengl.gl4.GL4bcImpl.glDrawArrays(III)V (49 bytes) @ 0x00000000025fab64 [0x00000000025fab20+0x44]
J 3274 C1 spirite.base.graphics.gl.GLEngine.applyProgram(Lspirite/base/graphics/gl/ProgramCall;Lspirite/base/graphics/gl/GLParameters;Ljava/util/List;Lspirite/base/graphics/gl/PreparedPrimitive;)V (673 bytes) @ 0x0000000002faced4 [0x0000000002fa7f20+0x4fb4]
J 2947 C1 spirite.base.graphics.gl.GLEngine.applyComplexLineProgram(Ljava/util/List;Ljava/util/List;ILspirite/base/graphics/CapMethod;Lspirite/base/graphics/JoinMethod;ZFLspirite/base/util/linear/Vec3;FLspirite/base/graphics/gl/GLParameters;Lspirite/base/util/linear/Transform;)V (501 bytes) @ 0x0000000002dfbcf4 [0x0000000002df8de0+0x2f14]
J 3329 C1 spirite.base.graphics.gl.GLGraphicsContext.drawRect(IIII)V (143 bytes) @ 0x0000000002fd81f4 [0x0000000002fd7640+0xbb4]
J 3290 C1 spirite.gui.major.work.WorkArea.drawWork(Lspirite/base/graphics/GraphicsContext;)V (275 bytes) @ 0x0000000002fc1e14 [0x0000000002fbd7c0+0x4654]
J 3104 C1 spirite.gui.major.work.JOGLWorkArea$1.display(Lcom/jogamp/opengl/GLAutoDrawable;)V (122 bytes) @ 0x0000000002ea6bc4 [0x0000000002ea5ee0+0xce4]
J 2981 C1 jogamp.opengl.GLDrawableHelper.displayImpl(Lcom/jogamp/opengl/GLAutoDrawable;)V (105 bytes) @ 0x0000000002e2583c [0x0000000002e24c80+0xbbc]
J 3103 C1 com.jogamp.opengl.awt.GLJPanel$Updater.display(Lcom/jogamp/opengl/GLAutoDrawable;)V (221 bytes) @ 0x0000000002ea05e4 [0x0000000002ea0180+0x464]
J 2997 C1 com.jogamp.opengl.awt.GLJPanel$10.run()V (15 bytes) @ 0x0000000002e3713c [0x0000000002e37080+0xbc]
J 2978 C1 jogamp.opengl.GLDrawableHelper.invokeGLImpl(Lcom/jogamp/opengl/GLDrawable;Lcom/jogamp/opengl/GLContext;Ljava/lang/Runnable;Ljava/lang/Runnable;)V (579 bytes) @ 0x0000000002e27c3c [0x0000000002e26de0+0xe5c]
J 2977 C1 jogamp.opengl.GLDrawableHelper.invokeGL(Lcom/jogamp/opengl/GLDrawable;Lcom/jogamp/opengl/GLContext;Ljava/lang/Runnable;Ljava/lang/Runnable;)V (76 bytes) @ 0x0000000002e14c44 [0x0000000002e14b80+0xc4]
J 2996 C1 com.jogamp.opengl.awt.GLJPanel$OffscreenBackend.doPaintComponent(Ljava/awt/Graphics;)V (141 bytes) @ 0x0000000002e34ee4 [0x0000000002e34d60+0x184]
J 2993 C1 com.jogamp.opengl.awt.GLJPanel.paintComponent(Ljava/awt/Graphics;)V (250 bytes) @ 0x0000000002e32304 [0x0000000002e30d00+0x1604]
J 3226 C2 javax.swing.JComponent.paint(Ljava/awt/Graphics;)V (409 bytes) @ 0x0000000002f888dc [0x0000000002f882a0+0x63c]
J 3139 C2 javax.swing.JComponent.paintChildren(Ljava/awt/Graphics;)V (669 bytes) @ 0x0000000002eda3f4 [0x0000000002ed9c60+0x794]
J 3226 C2 javax.swing.JComponent.paint(Ljava/awt/Graphics;)V (409 bytes) @ 0x0000000002f88908 [0x0000000002f882a0+0x668]
J 3139 C2 javax.swing.JComponent.paintChildren(Ljava/awt/Graphics;)V (669 bytes) @ 0x0000000002eda3f4 [0x0000000002ed9c60+0x794]
J 3226 C2 javax.swing.JComponent.paint(Ljava/awt/Graphics;)V (409 bytes) @ 0x0000000002f88908 [0x0000000002f882a0+0x668]
J 2753 C1 javax.swing.JComponent.paintToOffscreen(Ljava/awt/Graphics;IIIIII)V (108 bytes) @ 0x0000000002d328ec [0x0000000002d32580+0x36c]
J 2603 C1 javax.swing.RepaintManager$PaintManager.paintDoubleBuffered(Ljavax/swing/JComponent;Ljava/awt/Image;Ljava/awt/Graphics;IIII)V (294 bytes) @ 0x0000000002cbabf4 [0x0000000002cba4a0+0x754]
J 2766 C1 javax.swing.RepaintManager$PaintManager.paint(Ljavax/swing/JComponent;Ljavax/swing/JComponent;Ljava/awt/Graphics;IIII)Z (189 bytes) @ 0x0000000002d453f4 [0x0000000002d44740+0xcb4]
J 2653 C1 javax.swing.RepaintManager.paint(Ljavax/swing/JComponent;Ljavax/swing/JComponent;Ljava/awt/Graphics;IIII)V (93 bytes) @ 0x0000000002ce7a84 [0x0000000002ce75a0+0x4e4]
J 3038 C1 javax.swing.JComponent._paintImmediately(IIII)V (891 bytes) @ 0x0000000002e6447c [0x0000000002e61340+0x313c]
J 3414 C1 javax.swing.JComponent.paintImmediately(IIII)V (155 bytes) @ 0x00000000027d0d8c [0x00000000027cff80+0xe0c]
J 3415 C1 javax.swing.RepaintManager$4.run()Ljava/lang/Void; (278 bytes) @ 0x0000000002807094 [0x00000000028069e0+0x6b4]
J 2602 C1 javax.swing.RepaintManager$4.run()Ljava/lang/Object; (5 bytes) @ 0x0000000002cb778c [0x0000000002cb7700+0x8c]
v  ~StubRoutines::call_stub
J 899  java.security.AccessController.doPrivileged(Ljava/security/PrivilegedAction;Ljava/security/AccessControlContext;)Ljava/lang/Object; (0 bytes) @ 0x0000000002860c66 [0x0000000002860c00+0x66]
J 2751 C1 javax.swing.RepaintManager.paintDirtyRegions(Ljava/util/Map;)V (196 bytes) @ 0x0000000002d2dcb4 [0x0000000002d2c7c0+0x14f4]
J 2750 C1 javax.swing.RepaintManager.paintDirtyRegions()V (50 bytes) @ 0x0000000002d2fdc4 [0x0000000002d2fb40+0x284]
J 2749 C1 javax.swing.RepaintManager.prePaintDirtyRegions()V (91 bytes) @ 0x0000000002d29e2c [0x0000000002d29800+0x62c]
J 2592 C1 javax.swing.RepaintManager$ProcessingRunnable.run()V (41 bytes) @ 0x0000000002cb36bc [0x0000000002cb3460+0x25c]
J 3446 C2 java.awt.EventQueue$3.run()Ljava/lang/Object; (5 bytes) @ 0x000000000278231c [0x0000000002782000+0x31c]
v  ~StubRoutines::call_stub
J 899  java.security.AccessController.doPrivileged(Ljava/security/PrivilegedAction;Ljava/security/AccessControlContext;)Ljava/lang/Object; (0 bytes) @ 0x0000000002860c66 [0x0000000002860c00+0x66]
J 3184 C2 java.awt.EventQueue.dispatchEvent(Ljava/awt/AWTEvent;)V (80 bytes) @ 0x0000000002ef02d8 [0x0000000002eeff40+0x398]
J 3186 C2 java.awt.EventDispatchThread.pumpOneEventForFilters(I)V (295 bytes) @ 0x0000000002f66970 [0x0000000002f663e0+0x590]
j  java.awt.EventDispatchThread.pumpEventsForFilter(ILjava/awt/Conditional;Ljava/awt/EventFilter;)V+35
j  java.awt.EventDispatchThread.pumpEventsForHierarchy(ILjava/awt/Conditional;Ljava/awt/Component;)V+11
j  java.awt.EventDispatchThread.pumpEvents(ILjava/awt/Conditional;)V+4
j  java.awt.EventDispatchThread.pumpEvents(Ljava/awt/Conditional;)V+3
j  java.awt.EventDispatchThread.run()V+9
v  ~StubRoutines::call_stub

---------------  P R O C E S S  ---------------

Java Threads: ( => current thread )
  0x000000001f8b9000 JavaThread "D3D Screen Updater" daemon [_thread_blocked, id=16288, stack(0x000000002b100000,0x000000002b200000)]
  0x0000000001dda000 JavaThread "DestroyJavaVM" [_thread_blocked, id=15088, stack(0x0000000001f10000,0x0000000002010000)]
  0x0000000020429800 JavaThread "TimerQueue" daemon [_thread_blocked, id=5452, stack(0x0000000029090000,0x0000000029190000)]
  0x000000001f982000 JavaThread "AWT-EventQueue-0-SharedResourceRunner" daemon [_thread_blocked, id=12764, stack(0x0000000024f10000,0x0000000025010000)]
=>0x000000001f8bd000 JavaThread "AWT-EventQueue-0" [_thread_in_native, id=8040, stack(0x0000000021380000,0x0000000021480000)]
  0x000000001f86b800 JavaThread "AWT-Windows" daemon [_thread_in_native, id=11080, stack(0x0000000020100000,0x0000000020200000)]
  0x000000001f86a800 JavaThread "AWT-Shutdown" [_thread_blocked, id=18040, stack(0x000000001fff0000,0x00000000200f0000)]
  0x000000001f86a000 JavaThread "Java2D Disposer" daemon [_thread_blocked, id=13768, stack(0x000000001fe80000,0x000000001ff80000)]
  0x000000001d639800 JavaThread "Service Thread" daemon [_thread_blocked, id=18024, stack(0x000000001f010000,0x000000001f110000)]
  0x000000001d5ae800 JavaThread "C1 CompilerThread3" daemon [_thread_blocked, id=17756, stack(0x000000001f180000,0x000000001f280000)]
  0x000000001d59b800 JavaThread "C2 CompilerThread2" daemon [_thread_blocked, id=13840, stack(0x000000001ef00000,0x000000001f000000)]
  0x000000001d59a800 JavaThread "C2 CompilerThread1" daemon [_thread_blocked, id=13220, stack(0x000000001edc0000,0x000000001eec0000)]
  0x000000001d5a0000 JavaThread "C2 CompilerThread0" daemon [_thread_blocked, id=16260, stack(0x000000001ecc0000,0x000000001edc0000)]
  0x000000001d59e800 JavaThread "Monitor Ctrl-Break" daemon [_thread_in_native, id=2576, stack(0x000000001eae0000,0x000000001ebe0000)]
  0x000000001d407800 JavaThread "Attach Listener" daemon [_thread_blocked, id=15392, stack(0x000000001e480000,0x000000001e580000)]
  0x000000001d406800 JavaThread "Signal Dispatcher" daemon [_thread_blocked, id=14008, stack(0x000000001e9a0000,0x000000001eaa0000)]
  0x000000001c468000 JavaThread "Finalizer" daemon [_thread_blocked, id=2272, stack(0x000000001e7b0000,0x000000001e8b0000)]
  0x000000001c461000 JavaThread "Reference Handler" daemon [_thread_blocked, id=12136, stack(0x000000001e600000,0x000000001e700000)]

Other Threads:
  0x000000001c454000 VMThread [stack: 0x000000001e360000,0x000000001e460000] [id=16852]
  0x000000001d6df000 WatcherThread [stack: 0x000000001f530000,0x000000001f630000] [id=3992]

VM state:not at safepoint (normal execution)

VM Mutex/Monitor currently owned by a thread: None

Heap:
 PSYoungGen      total 76288K, used 8152K [0x000000076af80000, 0x0000000773380000, 0x00000007c0000000)
  eden space 65536K, 8% used [0x000000076af80000,0x000000076b50c490,0x000000076ef80000)
  from space 10752K, 22% used [0x000000076ef80000,0x000000076f1e9e98,0x000000076fa00000)
  to   space 10752K, 0% used [0x0000000772900000,0x0000000772900000,0x0000000773380000)
 ParOldGen       total 83456K, used 4453K [0x00000006c0e00000, 0x00000006c5f80000, 0x000000076af80000)
  object space 83456K, 5% used [0x00000006c0e00000,0x00000006c12595b8,0x00000006c5f80000)
 Metaspace       used 25549K, capacity 25792K, committed 26240K, reserved 1073152K
  class space    used 2834K, capacity 2931K, committed 2944K, reserved 1048576K

Card table byte_map: [0x00000000118a0000,0x00000000120a0000] byte_map_base: 0x000000000e299000

Marking Bits: (ParMarkBitMap*) 0x000000007001d850
 Begin Bits: [0x00000000132e0000, 0x00000000172a8000)
 End Bits:   [0x00000000172a8000, 0x000000001b270000)

Polling page: 0x0000000000240000

CodeCache: size=245760Kb used=10486Kb max_used=11401Kb free=235273Kb
 bounds [0x00000000024e0000, 0x0000000003010000, 0x00000000114e0000]
 total_blobs=4049 nmethods=3109 adapters=850
 compilation: enabled

Compilation events (10 events):
Event: 77.120 Thread 0x000000001d5ae800 nmethod 3485 0x0000000002ad7890 code [0x0000000002ad79e0, 0x0000000002ad7af0]
Event: 77.120 Thread 0x000000001d5ae800 3486       3       java.lang.Class::checkMemberAccess (49 bytes)
Event: 77.121 Thread 0x000000001d5ae800 nmethod 3486 0x00000000028dc990 code [0x00000000028dcb20, 0x00000000028dd098]
Event: 77.123 Thread 0x000000001d59b800 nmethod 3484 0x00000000028d5110 code [0x00000000028d5280, 0x00000000028d56d8]
Event: 77.195 Thread 0x000000001d5ae800 3487       3       java.util.regex.Matcher::groupCount (10 bytes)
Event: 77.195 Thread 0x000000001d5ae800 nmethod 3487 0x00000000029c69d0 code [0x00000000029c6b20, 0x00000000029c6c90]
Event: 77.195 Thread 0x000000001d5ae800 3488       3       java.util.regex.Pattern$GroupHead::match (47 bytes)
Event: 77.196 Thread 0x000000001d5ae800 nmethod 3488 0x00000000029929d0 code [0x0000000002992b40, 0x0000000002992de8]
Event: 77.198 Thread 0x000000001d59a800 3489       4       jogamp.opengl.GLBufferObjectTracker$GLBufferStorageImpl::<init> (11 bytes)
Event: 77.198 Thread 0x000000001d59a800 nmethod 3489 0x0000000002b46ed0 code [0x0000000002b47000, 0x0000000002b47078]

GC Heap History (8 events):
Event: 2.025 GC heap before
{Heap before GC invocations=1 (full 0):
 PSYoungGen      total 76288K, used 65536K [0x000000076af80000, 0x0000000770480000, 0x00000007c0000000)
  eden space 65536K, 100% used [0x000000076af80000,0x000000076ef80000,0x000000076ef80000)
  from space 10752K, 0% used [0x000000076fa00000,0x000000076fa00000,0x0000000770480000)
  to   space 10752K, 0% used [0x000000076ef80000,0x000000076ef80000,0x000000076fa00000)
 ParOldGen       total 175104K, used 0K [0x00000006c0e00000, 0x00000006cb900000, 0x000000076af80000)
  object space 175104K, 0% used [0x00000006c0e00000,0x00000006c0e00000,0x00000006cb900000)
 Metaspace       used 19409K, capacity 19658K, committed 19968K, reserved 1067008K
  class space    used 2130K, capacity 2220K, committed 2304K, reserved 1048576K
Event: 2.035 GC heap after
Heap after GC invocations=1 (full 0):
 PSYoungGen      total 76288K, used 6844K [0x000000076af80000, 0x0000000770480000, 0x00000007c0000000)
  eden space 65536K, 0% used [0x000000076af80000,0x000000076af80000,0x000000076ef80000)
  from space 10752K, 63% used [0x000000076ef80000,0x000000076f62f1a8,0x000000076fa00000)
  to   space 10752K, 0% used [0x000000076fa00000,0x000000076fa00000,0x0000000770480000)
 ParOldGen       total 175104K, used 16K [0x00000006c0e00000, 0x00000006cb900000, 0x000000076af80000)
  object space 175104K, 0% used [0x00000006c0e00000,0x00000006c0e04000,0x00000006cb900000)
 Metaspace       used 19409K, capacity 19658K, committed 19968K, reserved 1067008K
  class space    used 2130K, capacity 2220K, committed 2304K, reserved 1048576K
}
Event: 2.120 GC heap before
{Heap before GC invocations=2 (full 0):
 PSYoungGen      total 76288K, used 15510K [0x000000076af80000, 0x0000000770480000, 0x00000007c0000000)
  eden space 65536K, 13% used [0x000000076af80000,0x000000076b7f6688,0x000000076ef80000)
  from space 10752K, 63% used [0x000000076ef80000,0x000000076f62f1a8,0x000000076fa00000)
  to   space 10752K, 0% used [0x000000076fa00000,0x000000076fa00000,0x0000000770480000)
 ParOldGen       total 175104K, used 16K [0x00000006c0e00000, 0x00000006cb900000, 0x000000076af80000)
  object space 175104K, 0% used [0x00000006c0e00000,0x00000006c0e04000,0x00000006cb900000)
 Metaspace       used 20914K, capacity 21072K, committed 21296K, reserved 1069056K
  class space    used 2345K, capacity 2413K, committed 2432K, reserved 1048576K
Event: 2.127 GC heap after
Heap after GC invocations=2 (full 0):
 PSYoungGen      total 76288K, used 4609K [0x000000076af80000, 0x0000000774480000, 0x00000007c0000000)
  eden space 65536K, 0% used [0x000000076af80000,0x000000076af80000,0x000000076ef80000)
  from space 10752K, 42% used [0x000000076fa00000,0x000000076fe80428,0x0000000770480000)
  to   space 10752K, 0% used [0x000000076ef80000,0x000000076ef80000,0x000000076fa00000)
 ParOldGen       total 175104K, used 24K [0x00000006c0e00000, 0x00000006cb900000, 0x000000076af80000)
  object space 175104K, 0% used [0x00000006c0e00000,0x00000006c0e06000,0x00000006cb900000)
 Metaspace       used 20914K, capacity 21072K, committed 21296K, reserved 1069056K
  class space    used 2345K, capacity 2413K, committed 2432K, reserved 1048576K
}
Event: 2.127 GC heap before
{Heap before GC invocations=3 (full 1):
 PSYoungGen      total 76288K, used 4609K [0x000000076af80000, 0x0000000774480000, 0x00000007c0000000)
  eden space 65536K, 0% used [0x000000076af80000,0x000000076af80000,0x000000076ef80000)
  from space 10752K, 42% used [0x000000076fa00000,0x000000076fe80428,0x0000000770480000)
  to   space 10752K, 0% used [0x000000076ef80000,0x000000076ef80000,0x000000076fa00000)
 ParOldGen       total 175104K, used 24K [0x00000006c0e00000, 0x00000006cb900000, 0x000000076af80000)
  object space 175104K, 0% used [0x00000006c0e00000,0x00000006c0e06000,0x00000006cb900000)
 Metaspace       used 20914K, capacity 21072K, committed 21296K, reserved 1069056K
  class space    used 2345K, capacity 2413K, committed 2432K, reserved 1048576K
Event: 2.147 GC heap after
Heap after GC invocations=3 (full 1):
 PSYoungGen      total 76288K, used 0K [0x000000076af80000, 0x0000000774480000, 0x00000007c0000000)
  eden space 65536K, 0% used [0x000000076af80000,0x000000076af80000,0x000000076ef80000)
  from space 10752K, 0% used [0x000000076fa00000,0x000000076fa00000,0x0000000770480000)
  to   space 10752K, 0% used [0x000000076ef80000,0x000000076ef80000,0x000000076fa00000)
 ParOldGen       total 83456K, used 4445K [0x00000006c0e00000, 0x00000006c5f80000, 0x000000076af80000)
  object space 83456K, 5% used [0x00000006c0e00000,0x00000006c12575b8,0x00000006c5f80000)
 Metaspace       used 20914K, capacity 21072K, committed 21296K, reserved 1069056K
  class space    used 2345K, capacity 2413K, committed 2432K, reserved 1048576K
}
Event: 68.310 GC heap before
{Heap before GC invocations=4 (full 1):
 PSYoungGen      total 76288K, used 65536K [0x000000076af80000, 0x0000000774480000, 0x00000007c0000000)
  eden space 65536K, 100% used [0x000000076af80000,0x000000076ef80000,0x000000076ef80000)
  from space 10752K, 0% used [0x000000076fa00000,0x000000076fa00000,0x0000000770480000)
  to   space 10752K, 0% used [0x000000076ef80000,0x000000076ef80000,0x000000076fa00000)
 ParOldGen       total 83456K, used 4445K [0x00000006c0e00000, 0x00000006c5f80000, 0x000000076af80000)
  object space 83456K, 5% used [0x00000006c0e00000,0x00000006c12575b8,0x00000006c5f80000)
 Metaspace       used 25509K, capacity 25792K, committed 26240K, reserved 1073152K
  class space    used 2829K, capacity 2931K, committed 2944K, reserved 1048576K
Event: 68.313 GC heap after
Heap after GC invocations=4 (full 1):
 PSYoungGen      total 76288K, used 2471K [0x000000076af80000, 0x0000000773380000, 0x00000007c0000000)
  eden space 65536K, 0% used [0x000000076af80000,0x000000076af80000,0x000000076ef80000)
  from space 10752K, 22% used [0x000000076ef80000,0x000000076f1e9e98,0x000000076fa00000)
  to   space 10752K, 0% used [0x0000000772900000,0x0000000772900000,0x0000000773380000)
 ParOldGen       total 83456K, used 4453K [0x00000006c0e00000, 0x00000006c5f80000, 0x000000076af80000)
  object space 83456K, 5% used [0x00000006c0e00000,0x00000006c12595b8,0x00000006c5f80000)
 Metaspace       used 25509K, capacity 25792K, committed 26240K, reserved 1073152K
  class space    used 2829K, capacity 2931K, committed 2944K, reserved 1048576K
}

Deoptimization events (10 events):
Event: 68.454 Thread 0x000000001f8bd000 Uncommon trap: reason=null_check action=make_not_entrant pc=0x0000000002e84ac8 method=sun.java2d.pipe.BufferedContext.validate(Lsun/java2d/pipe/hw/AccelSurface;Lsun/java2d/pipe/hw/AccelSurface;Lsun/java2d/pipe/Region;Ljava/awt/Composite;Ljava/awt/geom/Aff
Event: 77.061 Thread 0x000000001f8bd000 Uncommon trap: reason=unstable_if action=reinterpret pc=0x0000000002e9f36c method=java.util.HashMap.clear()V @ 16
Event: 77.087 Thread 0x000000001f8bd000 Uncommon trap: reason=bimorphic action=maybe_recompile pc=0x0000000002bc6d3c method=com.jogamp.common.nio.Buffers.isDirect(Ljava/lang/Object;)Z @ 17
Event: 77.087 Thread 0x000000001f8bd000 Uncommon trap: reason=bimorphic action=maybe_recompile pc=0x0000000002bc6d3c method=com.jogamp.common.nio.Buffers.isDirect(Ljava/lang/Object;)Z @ 17
Event: 77.087 Thread 0x000000001f8bd000 Uncommon trap: reason=bimorphic action=maybe_recompile pc=0x0000000002bc6d3c method=com.jogamp.common.nio.Buffers.isDirect(Ljava/lang/Object;)Z @ 17
Event: 77.087 Thread 0x000000001f8bd000 Uncommon trap: reason=bimorphic action=maybe_recompile pc=0x0000000002bc6d3c method=com.jogamp.common.nio.Buffers.isDirect(Ljava/lang/Object;)Z @ 17
Event: 77.122 Thread 0x000000001f8bd000 Uncommon trap: reason=unstable_if action=reinterpret pc=0x0000000002e71f00 method=jogamp.opengl.GLFBODrawableImpl.getDefaultDrawFramebuffer()I @ 4
Event: 77.125 Thread 0x000000001f8bd000 Uncommon trap: reason=bimorphic action=maybe_recompile pc=0x0000000002f9dac0 method=com.jogamp.common.nio.Buffers.isDirect(Ljava/lang/Object;)Z @ 17
Event: 77.125 Thread 0x000000001f8bd000 Uncommon trap: reason=unstable_if action=reinterpret pc=0x0000000002ece02c method=com.jogamp.common.util.IntObjectHashMap.get(I)Ljava/lang/Object; @ 19
Event: 77.125 Thread 0x000000001f8bd000 Uncommon trap: reason=unstable_if action=reinterpret pc=0x0000000002de5268 method=com.jogamp.common.util.IntObjectHashMap.put(ILjava/lang/Object;)Ljava/lang/Object; @ 21

Internal exceptions (10 events):
Event: 1.709 Thread 0x000000001f8bd000 Exception <a 'java/lang/InterruptedException'> (0x000000076cd2c530) thrown at [C:\re\workspace\8-2-build-windows-amd64-cygwin\jdk8u144\9417\hotspot\src\share\vm\runtime\objectMonitor.cpp, line 1684]
Event: 1.911 Thread 0x000000001f8bd000 Implicit null exception at 0x00000000026f1c96 to 0x00000000026f2041
Event: 1.911 Thread 0x000000001f8bd000 Implicit null exception at 0x00000000026eb056 to 0x00000000026eb3f5
Event: 34.269 Thread 0x000000001f8bd000 Implicit null exception at 0x0000000002e5abd9 to 0x0000000002e5c429
Event: 68.454 Thread 0x000000001f8bd000 Implicit null exception at 0x0000000002e839bb to 0x0000000002e84a99
Event: 77.061 Thread 0x000000001f8bd000 Implicit null exception at 0x0000000002e9f2b5 to 0x0000000002e9f35d
Event: 77.064 Thread 0x000000001f8bd000 Exception <a 'com/jogamp/opengl/GLException'> (0x000000076b34a618) thrown at [C:\re\workspace\8-2-build-windows-amd64-cygwin\jdk8u144\9417\hotspot\src\share\vm\prims\jvm.cpp, line 1394]
Event: 77.064 Thread 0x000000001f8bd000 Exception <a 'com/jogamp/opengl/GLException'> (0x000000076b34a618) thrown at [C:\re\workspace\8-2-build-windows-amd64-cygwin\jdk8u144\9417\hotspot\src\share\vm\prims\jvm.cpp, line 1394]
Event: 77.125 Thread 0x000000001f8bd000 Implicit null exception at 0x0000000002ecdfaa to 0x0000000002ece015
Event: 77.125 Thread 0x000000001f8bd000 Implicit null exception at 0x0000000002de51a9 to 0x0000000002de5245

Events (10 events):
Event: 77.125 Executing VM operation: RevokeBias
Event: 77.125 Executing VM operation: RevokeBias done
Event: 77.125 Thread 0x000000001f8bd000 DEOPT PACKING pc=0x0000000002f9dac0 sp=0x000000002147c2a0
Event: 77.125 Thread 0x000000001f8bd000 DEOPT UNPACKING pc=0x000000000252582a sp=0x000000002147c020 mode 2
Event: 77.125 Thread 0x000000001f8bd000 Uncommon trap: trap_request=0xffffff65 fr.pc=0x0000000002ece02c
Event: 77.125 Thread 0x000000001f8bd000 DEOPT PACKING pc=0x0000000002ece02c sp=0x000000002147c1f0
Event: 77.125 Thread 0x000000001f8bd000 DEOPT UNPACKING pc=0x000000000252582a sp=0x000000002147c190 mode 2
Event: 77.125 Thread 0x000000001f8bd000 Uncommon trap: trap_request=0xffffff65 fr.pc=0x0000000002de5268
Event: 77.125 Thread 0x000000001f8bd000 DEOPT PACKING pc=0x0000000002de5268 sp=0x000000002147c1d0
Event: 77.125 Thread 0x000000001f8bd000 DEOPT UNPACKING pc=0x000000000252582a sp=0x000000002147c150 mode 2


Dynamic libraries:
0x000000013f7a0000 - 0x000000013f7d7000 	C:\Program Files\Java\jdk1.8.0_144\bin\java.exe
0x0000000076cd0000 - 0x0000000076e6f000 	C:\Windows\SYSTEM32\ntdll.dll
0x0000000076ab0000 - 0x0000000076bcf000 	C:\Windows\system32\kernel32.dll
0x000007fefcba0000 - 0x000007fefcc0a000 	C:\Windows\system32\KERNELBASE.dll
0x000007fefe550000 - 0x000007fefe62b000 	C:\Windows\system32\ADVAPI32.dll
0x000007fefef20000 - 0x000007fefefbf000 	C:\Windows\system32\msvcrt.dll
0x000007fefe710000 - 0x000007fefe72f000 	C:\Windows\SYSTEM32\sechost.dll
0x000007fefe420000 - 0x000007fefe54d000 	C:\Windows\system32\RPCRT4.dll
0x0000000076bd0000 - 0x0000000076cca000 	C:\Windows\system32\USER32.dll
0x000007fefe3b0000 - 0x000007fefe417000 	C:\Windows\system32\GDI32.dll
0x000007fefe3a0000 - 0x000007fefe3ae000 	C:\Windows\system32\LPK.dll
0x000007fefeb60000 - 0x000007fefec2b000 	C:\Windows\system32\USP10.dll
0x000007fefb510000 - 0x000007fefb704000 	C:\Windows\WinSxS\amd64_microsoft.windows.common-controls_6595b64144ccf1df_6.0.7601.18837_none_fa3b1e3d17594757\COMCTL32.dll
0x000007fefe050000 - 0x000007fefe0c1000 	C:\Windows\system32\SHLWAPI.dll
0x000007fefd290000 - 0x000007fefd2be000 	C:\Windows\system32\IMM32.DLL
0x000007fefcd60000 - 0x000007fefce69000 	C:\Windows\system32\MSCTF.dll
0x0000000078b60000 - 0x0000000078c32000 	C:\Program Files\Java\jdk1.8.0_144\jre\bin\msvcr100.dll
0x000000006f800000 - 0x000000007009d000 	C:\Program Files\Java\jdk1.8.0_144\jre\bin\server\jvm.dll
0x000007fef1020000 - 0x000007fef1029000 	C:\Windows\system32\WSOCK32.dll
0x000007fefcf10000 - 0x000007fefcf5d000 	C:\Windows\system32\WS2_32.dll
0x000007fefe0d0000 - 0x000007fefe0d8000 	C:\Windows\system32\NSI.dll
0x000007fefa660000 - 0x000007fefa69b000 	C:\Windows\system32\WINMM.dll
0x000007fefba70000 - 0x000007fefba7c000 	C:\Windows\system32\VERSION.dll
0x0000000076e70000 - 0x0000000076e77000 	C:\Windows\system32\PSAPI.DLL
0x0000000072160000 - 0x000000007216f000 	C:\Program Files\Java\jdk1.8.0_144\jre\bin\verify.dll
0x000000006d730000 - 0x000000006d759000 	C:\Program Files\Java\jdk1.8.0_144\jre\bin\java.dll
0x000000006d210000 - 0x000000006d233000 	C:\Program Files\Java\jdk1.8.0_144\jre\bin\instrument.dll
0x0000000070e80000 - 0x0000000070e96000 	C:\Program Files\Java\jdk1.8.0_144\jre\bin\zip.dll
0x000007fefd2c0000 - 0x000007fefe04b000 	C:\Windows\system32\SHELL32.dll
0x000007fefe730000 - 0x000007fefe92d000 	C:\Windows\system32\ole32.dll
0x000007fefc9a0000 - 0x000007fefc9af000 	C:\Windows\system32\profapi.dll
0x000007fef2b50000 - 0x000007fef2b6a000 	C:\Program Files\JetBrains\IntelliJ IDEA Community Edition 2017.3.4\bin\breakgen64.dll
0x00000000703e0000 - 0x00000000703fa000 	C:\Program Files\Java\jdk1.8.0_144\jre\bin\net.dll
0x000007fefc130000 - 0x000007fefc185000 	C:\Windows\system32\mswsock.dll
0x000007fefc120000 - 0x000007fefc127000 	C:\Windows\System32\wship6.dll
0x000000006c200000 - 0x000000006c398000 	C:\Program Files\Java\jdk1.8.0_144\jre\bin\awt.dll
0x000007fefe630000 - 0x000007fefe70a000 	C:\Windows\system32\OLEAUT32.dll
0x000007fefaf80000 - 0x000007fefafd6000 	C:\Windows\system32\uxtheme.dll
0x000007fefba00000 - 0x000007fefba18000 	C:\Windows\system32\dwmapi.dll
0x000007fefc800000 - 0x000007fefc80f000 	C:\Windows\system32\CRYPTBASE.dll
0x000007fefc370000 - 0x000007fefc388000 	C:\Windows\system32\CRYPTSP.dll
0x000007fefbe90000 - 0x000007fefbed7000 	C:\Windows\system32\rsaenh.dll
0x000007fefc9c0000 - 0x000007fefc9de000 	C:\Windows\system32\USERENV.dll
0x000007fefa230000 - 0x000007fefa257000 	C:\Windows\system32\IPHLPAPI.DLL
0x000007fefa220000 - 0x000007fefa22b000 	C:\Windows\system32\WINNSI.DLL
0x000007fef91b0000 - 0x000007fef91c8000 	C:\Windows\system32\dhcpcsvc.DLL
0x000007fef8cc0000 - 0x000007fef8cd1000 	C:\Windows\system32\dhcpcsvc6.DLL
0x0000000070400000 - 0x0000000070411000 	C:\Program Files\Java\jdk1.8.0_144\jre\bin\nio.dll
0x000007fefc7a0000 - 0x000007fefc7f7000 	C:\Windows\system32\apphelp.dll
0x00000000637c0000 - 0x00000000637cd000 	C:\Users\RBurks\AppData\Local\Temp\jogamp_0000\file_cache\jln4440036985809380978\jln4908047917345374438\gluegen-rt.dll
0x000000006cd70000 - 0x000000006cd77000 	C:\Program Files\Java\jdk1.8.0_144\jre\bin\jawt.dll
0x000000006a440000 - 0x000000006a44d000 	C:\Users\RBurks\AppData\Local\Temp\jogamp_0000\file_cache\jln4440036985809380978\jln4908047917345374438\nativewindow_awt.dll
0x000007feeb1f0000 - 0x000007feeb30d000 	C:\Windows\system32\opengl32.dll
0x000007feee300000 - 0x000007feee32d000 	C:\Windows\system32\GLU32.dll
0x000007feecea0000 - 0x000007feecf91000 	C:\Windows\system32\DDRAW.dll
0x000007fef5900000 - 0x000007fef5908000 	C:\Windows\system32\DCIMAN32.dll
0x000007fefe0e0000 - 0x000007fefe2b7000 	C:\Windows\system32\SETUPAPI.dll
0x000007fefc9e0000 - 0x000007fefca16000 	C:\Windows\system32\CFGMGR32.dll
0x000007fefcc20000 - 0x000007fefcc3a000 	C:\Windows\system32\DEVOBJ.dll
0x000007fedcb80000 - 0x000007fedcd7f000 	C:\Windows\system32\d3d9.dll
0x000007fef0990000 - 0x000007fef0997000 	C:\Windows\system32\d3d8thk.dll
0x000007fef8d00000 - 0x000007fef8e64000 	C:\Windows\system32\aticfx64.dll
0x000007fedc6b0000 - 0x000007fedc6d1000 	C:\Windows\system32\atiu9p64.dll
0x000007fed1840000 - 0x000007fed2099000 	C:\Windows\system32\atiumd64.dll
0x0000000061b40000 - 0x00000000623c8000 	C:\Windows\system32\atiumd6a.dll
0x000007fefba20000 - 0x000007fefba4c000 	C:\Windows\system32\POWRPROF.dll
0x000000006c100000 - 0x000000006c10f000 	C:\Users\RBurks\AppData\Local\Temp\jogamp_0000\file_cache\jln4440036985809380978\jln4908047917345374438\nativewindow_win32.dll
0x0000000064500000 - 0x00000000645ae000 	C:\Users\RBurks\AppData\Local\Temp\jogamp_0000\file_cache\jln4440036985809380978\jln4908047917345374438\jogl_desktop.dll
0x0000000064340000 - 0x00000000643a0000 	C:\Users\RBurks\AppData\Local\Temp\jogamp_0000\file_cache\jln4440036985809380978\jln4908047917345374438\jogl_mobile.dll
0x000007feed300000 - 0x000007feed318000 	C:\Windows\system32\atig6pxx.dll
0x0000000025010000 - 0x0000000026e10000 	C:\Windows\system32\atio6axx.dll
0x000007fedc3b0000 - 0x000007fedc4f0000 	C:\Windows\system32\atiadlxx.dll
0x000007fefafe0000 - 0x000007fefb10c000 	C:\Windows\system32\PROPSYS.dll
0x000007fefba50000 - 0x000007fefba61000 	C:\Windows\system32\WTSAPI32.dll
0x000007fefcd00000 - 0x000007fefcd3b000 	C:\Windows\system32\WINTRUST.dll
0x000007fefca30000 - 0x000007fefcb9d000 	C:\Windows\system32\CRYPT32.dll
0x000007fefc9b0000 - 0x000007fefc9bf000 	C:\Windows\system32\MSASN1.dll
0x000007feeb700000 - 0x000007feeb72c000 	C:\Windows\system32\atig6txx.dll
0x000000006d0f0000 - 0x000000006d137000 	C:\Program Files\Java\jdk1.8.0_144\jre\bin\fontmanager.dll
0x0000000070c60000 - 0x0000000070ca2000 	C:\Program Files\Java\jdk1.8.0_144\jre\bin\t2k.dll
0x000007fefce70000 - 0x000007fefcf09000 	C:\Windows\system32\CLBCatQ.DLL
0x000007fefa270000 - 0x000007fefa3d1000 	C:\Windows\system32\WindowsCodecs.dll
0x000007fef9950000 - 0x000007fef9985000 	C:\Windows\system32\EhStorShell.dll
0x000007fef9390000 - 0x000007fef940e000 	C:\Windows\System32\cscui.dll
0x000007fef9d30000 - 0x000007fef9d3c000 	C:\Windows\System32\CSCDLL.dll
0x000007fef1140000 - 0x000007fef114f000 	C:\Windows\system32\CSCAPI.dll
0x000007fef9310000 - 0x000007fef9390000 	C:\Windows\system32\ntshrui.dll
0x000007fefc410000 - 0x000007fefc433000 	C:\Windows\system32\srvcli.dll
0x000007fefa710000 - 0x000007fefa71b000 	C:\Windows\system32\slc.dll
0x000007fef9e90000 - 0x000007fef9fb5000 	C:\Windows\system32\dbghelp.dll

VM Arguments:
jvm_args: -javaagent:C:\Program Files\JetBrains\IntelliJ IDEA Community Edition 2017.3.4\lib\idea_rt.jar=60551:C:\Program Files\JetBrains\IntelliJ IDEA Community Edition 2017.3.4\bin -Dfile.encoding=UTF-8 
java_command: spirite.pc.SpiriteKt
java_class_path (initial): C:\Program Files\Java\jdk1.8.0_144\jre\lib\charsets.jar;C:\Program Files\Java\jdk1.8.0_144\jre\lib\deploy.jar;C:\Program Files\Java\jdk1.8.0_144\jre\lib\ext\access-bridge-64.jar;C:\Program Files\Java\jdk1.8.0_144\jre\lib\ext\cldrdata.jar;C:\Program Files\Java\jdk1.8.0_144\jre\lib\ext\dnsns.jar;C:\Program Files\Java\jdk1.8.0_144\jre\lib\ext\jaccess.jar;C:\Program Files\Java\jdk1.8.0_144\jre\lib\ext\jfxrt.jar;C:\Program Files\Java\jdk1.8.0_144\jre\lib\ext\localedata.jar;C:\Program Files\Java\jdk1.8.0_144\jre\lib\ext\nashorn.jar;C:\Program Files\Java\jdk1.8.0_144\jre\lib\ext\sunec.jar;C:\Program Files\Java\jdk1.8.0_144\jre\lib\ext\sunjce_provider.jar;C:\Program Files\Java\jdk1.8.0_144\jre\lib\ext\sunmscapi.jar;C:\Program Files\Java\jdk1.8.0_144\jre\lib\ext\sunpkcs11.jar;C:\Program Files\Java\jdk1.8.0_144\jre\lib\ext\zipfs.jar;C:\Program Files\Java\jdk1.8.0_144\jre\lib\javaws.jar;C:\Program Files\Java\jdk1.8.0_144\jre\lib\jce.jar;C:\Program Files\Java\jdk1.8.0_144\jre\lib\jfr.jar;C:\Program Files\Java\jdk1.8.0_144\jre\lib\jfxswt.jar;C:\Program Files\Java\jdk1.8.0_144\jre\lib\jsse.jar;C:\Program Files\Java\jdk1.8.0_144\jre\lib\management-agent.jar;C:\Program Files\Java\jdk1.8.0_144\jre\lib\plugin.jar;C:\Program Files\Java\jdk1.8.0_144\jre\lib\resources.jar;C:\Program Files\Java\jdk1.8.0_144\jre\lib\rt.jar;C:\Documents\Programming\J\_S\Spirite\build\classes\java\main;C:\Documents\Programming\J\_S\Spirite\build\classes\kotlin\main;C:\Documents\Programming\J\_S\Spirite\build\resources\main;C:\Users\RBurks\.gradle\caches\modules-2\files-2.1\org.jetbrains.kotlin\kotlin-stdlib-jdk8\1.2.31\50094b02ec8a4c2e4444073c722bb56c8a52b83c\kotlin-stdlib-jdk8-1.2.31.jar;C:\Users\RBurks\.gradle\caches\modules-2\files-2.1\org.jogamp.gluegen\gluegen-rt\2.3.1\b28a5ed162a28ab18f3018c6e25449770bcc2c2a\gluegen-rt-2.3.1.jar;C:\Users\RBurks\.gradle\caches\modules-2\files-2.1\org.jogamp.jogl\jogl-all\2.3.1\5453853b9401ede468806c863ec544c04a3d219c\jogl-all-2.3.1.jar;C:\U
Launcher Type: SUN_STANDARD

Environment Variables:
PATH=C:\ProgramData\Oracle\Java\javapath;C:\Windows\system32;C:\Windows;C:\Windows\System32\Wbem;C:\Windows\System32\WindowsPowerShell\v1.0\;c:\Program Files (x86)\ATI Technologies\ATI.ACE\Core-Static;C:\Program Files\Microsoft SQL Server\130\Tools\Binn\;C:\Program Files\Microsoft SQL Server\Client SDK\ODBC\110\Tools\Binn\;C:\Program Files (x86)\Microsoft SQL Server\120\Tools\Binn\ManagementStudio\;C:\Program Files (x86)\Microsoft SQL Server\120\Tools\Binn\;C:\Program Files\Microsoft SQL Server\120\Tools\Binn\;C:\Program Files (x86)\Microsoft SQL Server\120\DTS\Binn\;C:\Program Files\Microsoft SQL Server\120\DTS\Binn\;C:\Program Files\dotnet\;C:\Program Files (x86)\dotnet\;C:\Program Files\nodejs\;C:\Program Files\Git\cmd;C:\ProgramData\chocolatey\bin;C:\Users\RBurks\AppData\Roaming\npm
USERNAME=RBurks
OS=Windows_NT
PROCESSOR_IDENTIFIER=Intel64 Family 6 Model 94 Stepping 3, GenuineIntel



---------------  S Y S T E M  ---------------

OS: Windows 7 , 64 bit Build 7601 (6.1.7601.24059)

CPU:total 8 (initial active 8) (4 cores per cpu, 2 threads per core) family 6 model 94 stepping 3, cmov, cx8, fxsr, mmx, sse, sse2, sse3, ssse3, sse4.1, sse4.2, popcnt, avx, avx2, aes, clmul, erms, rtm, 3dnowpref, lzcnt, ht, tsc, tscinvbit, bmi1, bmi2, adx

Memory: 4k page, physical 16719020k(1098604k free), swap 33436164k(6912972k free)

vm_info: Java HotSpot(TM) 64-Bit Server VM (25.144-b01) for windows-amd64 JRE (1.8.0_144-b01), built on Jul 21 2017 21:57:33 by "java_re" with MS VC++ 10.0 (VS2010)

time: Tue Apr 10 15:25:36 2018
elapsed time: 77 seconds (0d 0h 1m 17s)

