#
# A fatal error has been detected by the Java Runtime Environment:
#
#  EXCEPTION_ACCESS_VIOLATION (0xc0000005) at pc=0x0000000068e53f9f, pid=6816, tid=0x0000000000004048
#
# JRE version: Java(TM) SE Runtime Environment (8.0_144-b01) (build 1.8.0_144-b01)
# Java VM: Java HotSpot(TM) 64-Bit Server VM (25.144-b01 mixed mode windows-amd64 compressed oops)
# Problematic frame:
# C  [atio6axx.dll+0xd33f9f]
#
# Failed to write core dump. Minidumps are not enabled by default on client versions of Windows
#
# If you would like to submit a bug report, please visit:
#   http://bugreport.java.com/bugreport/crash.jsp
# The crash happened outside the Java Virtual Machine in native code.
# See problematic frame for where to report the bug.
#

---------------  T H R E A D  ---------------

Current thread (0x000000001f723000):  JavaThread "AWT-EventQueue-0" [_thread_in_native, id=16456, stack(0x000000001ff00000,0x0000000020000000)]

siginfo: ExceptionCode=0xc0000005, reading address 0x0000000000000000

Registers:
RAX=0x0000000000000001, RBX=0x000000002619d620, RCX=0x0000000000000000, RDX=0x000000002666c110
RSP=0x000000001fffb360, RBP=0x000000001fffb460, RSI=0x0000000026188bf0, RDI=0x0000000000000000
R8 =0x0000000026188be0, R9 =0x0000000026188bf0, R10=0x000000ffffffffff, R11=0x0000004400f7000f
R12=0x00000000261a6530, R13=0x0000000000100000, R14=0x000000002e2b7080, R15=0x00000000261a64e8
RIP=0x0000000068e53f9f, EFLAGS=0x0000000000010202

Top of Stack: (sp=0x000000001fffb360)
0x000000001fffb360:   000000002619d620 000000002619dec8
0x000000001fffb370:   0000000069a911a0 0000000000000000
0x000000001fffb380:   0000000000000001 000000001fffb3b0
0x000000001fffb390:   000000001fffb4c0 0000000000000000
0x000000001fffb3a0:   000000002619d620 0000000026436980
0x000000001fffb3b0:   ffffffffffffffff 0000000000000000
0x000000001fffb3c0:   0000000000000000 0000000000000015
0x000000001fffb3d0:   0000000000000001 0000000100000001
0x000000001fffb3e0:   0000000200000000 0000000000000000
0x000000001fffb3f0:   ffffffff00000000 0000000000000000
0x000000001fffb400:   0000000000000000 0000000000000000
0x000000001fffb410:   0000000000000000 0000000000000000
0x000000001fffb420:   0000000000000000 0000000000000000
0x000000001fffb430:   0000000000000000 0000000000000000
0x000000001fffb440:   0000000000000000 0000000000000000
0x000000001fffb450:   0000000000000000 0000000000000000 

Instructions: (pc=0x0000000068e53f9f)
0x0000000068e53f7f:   03 ba 01 00 00 00 48 8b cb ff 10 48 89 7c 24 40
0x0000000068e53f8f:   49 8b 4c 24 f0 49 89 34 24 49 8b 96 d0 03 00 00
0x0000000068e53f9f:   48 8b 01 41 b9 01 00 00 00 45 33 c0 40 88 7c 24
0x0000000068e53faf:   28 40 88 7c 24 20 ff 50 40 49 8b 0c 24 45 33 c9 


Register to memory mapping:

RAX=0x0000000000000001 is an unknown value
RBX=0x000000002619d620 is an unknown value
RCX=0x0000000000000000 is an unknown value
RDX=0x000000002666c110 is an unknown value
RSP=0x000000001fffb360 is pointing into the stack for thread: 0x000000001f723000
RBP=0x000000001fffb460 is pointing into the stack for thread: 0x000000001f723000
RSI=0x0000000026188bf0 is an unknown value
RDI=0x0000000000000000 is an unknown value
R8 =0x0000000026188be0 is an unknown value
R9 =0x0000000026188bf0 is an unknown value
R10=0x000000ffffffffff is an unknown value
R11=0x0000004400f7000f is an unknown value
R12=0x00000000261a6530 is an unknown value
R13=0x0000000000100000 is an unknown value
R14=0x000000002e2b7080 is an unknown value
R15=0x00000000261a64e8 is an unknown value


Stack: [0x000000001ff00000,0x0000000020000000],  sp=0x000000001fffb360,  free space=1004k
Native frames: (J=compiled Java code, j=interpreted, Vv=VM code, C=native code)
C  [atio6axx.dll+0xd33f9f]
C  [atio6axx.dll+0xd9804d]
C  [atio6axx.dll+0xd94078]
C  [atio6axx.dll+0x297742]
C  [atio6axx.dll+0x1b8e35]
C  [atio6axx.dll+0x5c2364]
C  0x0000000002997f83

Java frames: (J=compiled Java code, j=interpreted, Vv=VM code)
J 1809  jogamp.opengl.gl4.GL4bcImpl.dispatch_glDrawArrays1(IIIJ)V (0 bytes) @ 0x0000000002997f05 [0x0000000002997ec0+0x45]
J 3125 C2 spirite.base.graphics.gl.GLEngine.applyProgram(Lspirite/base/graphics/gl/ProgramCall;Lspirite/base/graphics/gl/GLParameters;Ljava/util/List;Lspirite/base/graphics/gl/PreparedPrimitive;)V (673 bytes) @ 0x0000000002e05010 [0x0000000002e04200+0xe10]
J 2843 C1 spirite.base.graphics.gl.GLEngine.applyComplexLineProgram(Ljava/util/List;Ljava/util/List;ILspirite/base/graphics/CapMethod;Lspirite/base/graphics/JoinMethod;ZFLspirite/base/util/linear/Vec3;FLspirite/base/graphics/gl/GLParameters;Lspirite/base/util/linear/Transform;)V (501 bytes) @ 0x0000000002cc0474 [0x0000000002cbd560+0x2f14]
J 3211 C1 spirite.base.graphics.gl.GLGraphicsContext.drawRect(IIII)V (143 bytes) @ 0x000000000250b234 [0x000000000250a680+0xbb4]
J 2995 C1 spirite.gui.major.work.WorkArea.drawWork(Lspirite/base/graphics/GraphicsContext;)V (284 bytes) @ 0x0000000002d71d1c [0x0000000002d6d520+0x47fc]
J 2993 C1 spirite.gui.major.work.JOGLWorkArea$1.display(Lcom/jogamp/opengl/GLAutoDrawable;)V (122 bytes) @ 0x0000000002d6a784 [0x0000000002d69aa0+0xce4]
J 2866 C1 jogamp.opengl.GLDrawableHelper.displayImpl(Lcom/jogamp/opengl/GLAutoDrawable;)V (105 bytes) @ 0x0000000002cea89c [0x0000000002ce9d00+0xb9c]
J 2992 C1 com.jogamp.opengl.awt.GLJPanel$Updater.display(Lcom/jogamp/opengl/GLAutoDrawable;)V (221 bytes) @ 0x0000000002d690e4 [0x0000000002d68c80+0x464]
J 2876 C1 com.jogamp.opengl.awt.GLJPanel$10.run()V (15 bytes) @ 0x0000000002cd6bfc [0x0000000002cd6b40+0xbc]
J 2864 C1 jogamp.opengl.GLDrawableHelper.invokeGLImpl(Lcom/jogamp/opengl/GLDrawable;Lcom/jogamp/opengl/GLContext;Ljava/lang/Runnable;Ljava/lang/Runnable;)V (579 bytes) @ 0x0000000002cecc7c [0x0000000002cebe20+0xe5c]
J 2863 C1 jogamp.opengl.GLDrawableHelper.invokeGL(Lcom/jogamp/opengl/GLDrawable;Lcom/jogamp/opengl/GLContext;Ljava/lang/Runnable;Ljava/lang/Runnable;)V (76 bytes) @ 0x0000000002cd09c4 [0x0000000002cd0900+0xc4]
J 2875 C1 com.jogamp.opengl.awt.GLJPanel$OffscreenBackend.doPaintComponent(Ljava/awt/Graphics;)V (141 bytes) @ 0x0000000002cd71a4 [0x0000000002cd7020+0x184]
J 2872 C1 com.jogamp.opengl.awt.GLJPanel.paintComponent(Ljava/awt/Graphics;)V (250 bytes) @ 0x0000000002cf4104 [0x0000000002cf2b00+0x1604]
J 3168 C2 javax.swing.JComponent.paint(Ljava/awt/Graphics;)V (409 bytes) @ 0x0000000002e36630 [0x0000000002e35f60+0x6d0]
J 3115 C2 javax.swing.JComponent.paintChildren(Ljava/awt/Graphics;)V (669 bytes) @ 0x0000000002df41f4 [0x0000000002df3a60+0x794]
J 3168 C2 javax.swing.JComponent.paint(Ljava/awt/Graphics;)V (409 bytes) @ 0x0000000002e3665c [0x0000000002e35f60+0x6fc]
J 3115 C2 javax.swing.JComponent.paintChildren(Ljava/awt/Graphics;)V (669 bytes) @ 0x0000000002df41f4 [0x0000000002df3a60+0x794]
J 3168 C2 javax.swing.JComponent.paint(Ljava/awt/Graphics;)V (409 bytes) @ 0x0000000002e3665c [0x0000000002e35f60+0x6fc]
J 2827 C1 javax.swing.JComponent.paintToOffscreen(Ljava/awt/Graphics;IIIIII)V (108 bytes) @ 0x0000000002cab66c [0x0000000002cab300+0x36c]
J 2809 C1 javax.swing.RepaintManager$PaintManager.paintDoubleBuffered(Ljavax/swing/JComponent;Ljava/awt/Image;Ljava/awt/Graphics;IIII)V (294 bytes) @ 0x0000000002c8e674 [0x0000000002c8df20+0x754]
J 2609 C1 javax.swing.RepaintManager$PaintManager.paint(Ljavax/swing/JComponent;Ljavax/swing/JComponent;Ljava/awt/Graphics;IIII)Z (189 bytes) @ 0x0000000002bd7da4 [0x0000000002bd70c0+0xce4]
J 2678 C1 javax.swing.RepaintManager.paint(Ljavax/swing/JComponent;Ljavax/swing/JComponent;Ljava/awt/Graphics;IIII)V (93 bytes) @ 0x0000000002c1d144 [0x0000000002c1cc60+0x4e4]
J 2812 C1 javax.swing.JComponent._paintImmediately(IIII)V (891 bytes) @ 0x0000000002c976a4 [0x0000000002c94540+0x3164]
J 2618 C1 javax.swing.JComponent.paintImmediately(IIII)V (155 bytes) @ 0x0000000002beb7ac [0x0000000002bea9a0+0xe0c]
J 2907 C1 javax.swing.RepaintManager$4.run()Ljava/lang/Void; (278 bytes) @ 0x0000000002d0208c [0x0000000002d019e0+0x6ac]
J 2601 C1 javax.swing.RepaintManager$4.run()Ljava/lang/Object; (5 bytes) @ 0x0000000002bd13cc [0x0000000002bd1340+0x8c]
v  ~StubRoutines::call_stub
J 906  java.security.AccessController.doPrivileged(Ljava/security/PrivilegedAction;Ljava/security/AccessControlContext;)Ljava/lang/Object; (0 bytes) @ 0x00000000027752e6 [0x0000000002775280+0x66]
J 2804 C1 javax.swing.RepaintManager.paintDirtyRegions(Ljava/util/Map;)V (196 bytes) @ 0x0000000002c858b4 [0x0000000002c843c0+0x14f4]
J 2803 C1 javax.swing.RepaintManager.paintDirtyRegions()V (50 bytes) @ 0x0000000002c887c4 [0x0000000002c88540+0x284]
J 2802 C1 javax.swing.RepaintManager.prePaintDirtyRegions()V (91 bytes) @ 0x0000000002c87dec [0x0000000002c877c0+0x62c]
J 2613 C1 javax.swing.RepaintManager$ProcessingRunnable.run()V (41 bytes) @ 0x0000000002bde37c [0x0000000002bde120+0x25c]
J 3265 C2 java.awt.EventQueue$3.run()Ljava/lang/Object; (5 bytes) @ 0x0000000002e84a7c [0x0000000002e847a0+0x2dc]
v  ~StubRoutines::call_stub
J 906  java.security.AccessController.doPrivileged(Ljava/security/PrivilegedAction;Ljava/security/AccessControlContext;)Ljava/lang/Object; (0 bytes) @ 0x00000000027752e6 [0x0000000002775280+0x66]
J 3266 C2 java.awt.EventDispatchThread.pumpOneEventForFilters(I)V (295 bytes) @ 0x0000000002e93c04 [0x0000000002e93500+0x704]
j  java.awt.EventDispatchThread.pumpEventsForFilter(ILjava/awt/Conditional;Ljava/awt/EventFilter;)V+35
j  java.awt.EventDispatchThread.pumpEventsForHierarchy(ILjava/awt/Conditional;Ljava/awt/Component;)V+11
j  java.awt.EventDispatchThread.pumpEvents(ILjava/awt/Conditional;)V+4
j  java.awt.EventDispatchThread.pumpEvents(Ljava/awt/Conditional;)V+3
j  java.awt.EventDispatchThread.run()V+9
v  ~StubRoutines::call_stub

---------------  P R O C E S S  ---------------

Java Threads: ( => current thread )
  0x000000001f71f800 JavaThread "D3D Screen Updater" daemon [_thread_blocked, id=13176, stack(0x00000000291c0000,0x00000000292c0000)]
  0x0000000001d2a000 JavaThread "DestroyJavaVM" [_thread_blocked, id=10376, stack(0x0000000002020000,0x0000000002120000)]
  0x000000002050f800 JavaThread "TimerQueue" daemon [_thread_blocked, id=14884, stack(0x0000000027270000,0x0000000027370000)]
  0x000000001f805000 JavaThread "AWT-EventQueue-0-SharedResourceRunner" daemon [_thread_blocked, id=4476, stack(0x0000000024b90000,0x0000000024c90000)]
=>0x000000001f723000 JavaThread "AWT-EventQueue-0" [_thread_in_native, id=16456, stack(0x000000001ff00000,0x0000000020000000)]
  0x000000001f6d3000 JavaThread "AWT-Windows" daemon [_thread_in_native, id=10292, stack(0x000000001f190000,0x000000001f290000)]
  0x000000001f6d2000 JavaThread "AWT-Shutdown" [_thread_blocked, id=12512, stack(0x000000001fcf0000,0x000000001fdf0000)]
  0x000000001f6d1800 JavaThread "Java2D Disposer" daemon [_thread_blocked, id=13880, stack(0x000000001fe00000,0x000000001ff00000)]
  0x000000001d55b800 JavaThread "Service Thread" daemon [_thread_blocked, id=18040, stack(0x000000001f290000,0x000000001f390000)]
  0x000000001d4ed000 JavaThread "C1 CompilerThread3" daemon [_thread_blocked, id=13608, stack(0x000000001eeb0000,0x000000001efb0000)]
  0x000000001d4b9000 JavaThread "C2 CompilerThread2" daemon [_thread_blocked, id=16420, stack(0x000000001ed90000,0x000000001ee90000)]
  0x000000001d4b8000 JavaThread "C2 CompilerThread1" daemon [_thread_blocked, id=10608, stack(0x000000001ec70000,0x000000001ed70000)]
  0x000000001d4bc800 JavaThread "C2 CompilerThread0" daemon [_thread_blocked, id=4004, stack(0x000000001ead0000,0x000000001ebd0000)]
  0x000000001d4bb800 JavaThread "Monitor Ctrl-Break" daemon [_thread_in_native, id=12572, stack(0x000000001e6e0000,0x000000001e7e0000)]
  0x000000001d326000 JavaThread "Attach Listener" daemon [_thread_blocked, id=7520, stack(0x000000001e980000,0x000000001ea80000)]
  0x000000001d325000 JavaThread "Signal Dispatcher" daemon [_thread_blocked, id=13868, stack(0x000000001e7f0000,0x000000001e8f0000)]
  0x000000001c161000 JavaThread "Finalizer" daemon [_thread_blocked, id=7420, stack(0x000000001e5a0000,0x000000001e6a0000)]
  0x000000001c15a000 JavaThread "Reference Handler" daemon [_thread_blocked, id=15448, stack(0x000000001e2c0000,0x000000001e3c0000)]

Other Threads:
  0x000000001c150800 VMThread [stack: 0x000000001e3e0000,0x000000001e4e0000] [id=2796]
  0x000000001d5d2800 WatcherThread [stack: 0x000000001f390000,0x000000001f490000] [id=12852]

VM state:not at safepoint (normal execution)

VM Mutex/Monitor currently owned by a thread: None

Heap:
 PSYoungGen      total 76288K, used 65432K [0x000000076af80000, 0x0000000774480000, 0x00000007c0000000)
  eden space 65536K, 99% used [0x000000076af80000,0x000000076ef66338,0x000000076ef80000)
  from space 10752K, 0% used [0x000000076fa00000,0x000000076fa00000,0x0000000770480000)
  to   space 10752K, 0% used [0x000000076ef80000,0x000000076ef80000,0x000000076fa00000)
 ParOldGen       total 85504K, used 4445K [0x00000006c0e00000, 0x00000006c6180000, 0x000000076af80000)
  object space 85504K, 5% used [0x00000006c0e00000,0x00000006c1257520,0x00000006c6180000)
 Metaspace       used 25612K, capacity 25824K, committed 26240K, reserved 1073152K
  class space    used 2827K, capacity 2899K, committed 2944K, reserved 1048576K

Card table byte_map: [0x00000000117b0000,0x0000000011fb0000] byte_map_base: 0x000000000e1a9000

Marking Bits: (ParMarkBitMap*) 0x000000007001d850
 Begin Bits: [0x0000000012fe0000, 0x0000000016fa8000)
 End Bits:   [0x0000000016fa8000, 0x000000001af70000)

Polling page: 0x0000000001c70000

CodeCache: size=245760Kb used=10992Kb max_used=11018Kb free=234767Kb
 bounds [0x00000000023f0000, 0x0000000002ec0000, 0x00000000113f0000]
 total_blobs=4251 nmethods=3304 adapters=858
 compilation: enabled

Compilation events (10 events):
Event: 85.404 Thread 0x000000001d4ed000 3323       3       java.nio.DirectIntBufferU::ix (10 bytes)
Event: 85.404 Thread 0x000000001d4ed000 nmethod 3323 0x000000000259f2d0 code [0x000000000259f420, 0x000000000259f590]
Event: 85.441 Thread 0x000000001d4ed000 3324       1       com.jogamp.nativewindow.DefaultGraphicsDevice::getUniqueID (5 bytes)
Event: 85.441 Thread 0x000000001d4ed000 nmethod 3324 0x00000000024f0b10 code [0x00000000024f0c60, 0x00000000024f0d70]
Event: 85.444 Thread 0x000000001d4b8000 3325       4       java.util.zip.ZipCoder::getBytes (192 bytes)
Event: 85.491 Thread 0x000000001d4b8000 nmethod 3325 0x0000000002eb96d0 code [0x0000000002eb9880, 0x0000000002eb9e90]
Event: 85.555 Thread 0x000000001d4ed000 3326       3       java.util.regex.Matcher::groupCount (10 bytes)
Event: 85.555 Thread 0x000000001d4ed000 nmethod 3326 0x000000000250ef90 code [0x000000000250f0e0, 0x000000000250f250]
Event: 85.555 Thread 0x000000001d4ed000 3327       3       java.util.regex.Pattern$GroupHead::match (47 bytes)
Event: 85.556 Thread 0x000000001d4ed000 nmethod 3327 0x000000000250e990 code [0x000000000250eb00, 0x000000000250eda8]

GC Heap History (6 events):
Event: 2.200 GC heap before
{Heap before GC invocations=1 (full 0):
 PSYoungGen      total 76288K, used 65536K [0x000000076af80000, 0x0000000770480000, 0x00000007c0000000)
  eden space 65536K, 100% used [0x000000076af80000,0x000000076ef80000,0x000000076ef80000)
  from space 10752K, 0% used [0x000000076fa00000,0x000000076fa00000,0x0000000770480000)
  to   space 10752K, 0% used [0x000000076ef80000,0x000000076ef80000,0x000000076fa00000)
 ParOldGen       total 175104K, used 0K [0x00000006c0e00000, 0x00000006cb900000, 0x000000076af80000)
  object space 175104K, 0% used [0x00000006c0e00000,0x00000006c0e00000,0x00000006cb900000)
 Metaspace       used 19403K, capacity 19626K, committed 19968K, reserved 1067008K
  class space    used 2123K, capacity 2188K, committed 2304K, reserved 1048576K
Event: 2.211 GC heap after
Heap after GC invocations=1 (full 0):
 PSYoungGen      total 76288K, used 6823K [0x000000076af80000, 0x0000000770480000, 0x00000007c0000000)
  eden space 65536K, 0% used [0x000000076af80000,0x000000076af80000,0x000000076ef80000)
  from space 10752K, 63% used [0x000000076ef80000,0x000000076f629c28,0x000000076fa00000)
  to   space 10752K, 0% used [0x000000076fa00000,0x000000076fa00000,0x0000000770480000)
 ParOldGen       total 175104K, used 16K [0x00000006c0e00000, 0x00000006cb900000, 0x000000076af80000)
  object space 175104K, 0% used [0x00000006c0e00000,0x00000006c0e04000,0x00000006cb900000)
 Metaspace       used 19403K, capacity 19626K, committed 19968K, reserved 1067008K
  class space    used 2123K, capacity 2188K, committed 2304K, reserved 1048576K
}
Event: 2.296 GC heap before
{Heap before GC invocations=2 (full 0):
 PSYoungGen      total 76288K, used 15488K [0x000000076af80000, 0x0000000770480000, 0x00000007c0000000)
  eden space 65536K, 13% used [0x000000076af80000,0x000000076b7f66a8,0x000000076ef80000)
  from space 10752K, 63% used [0x000000076ef80000,0x000000076f629c28,0x000000076fa00000)
  to   space 10752K, 0% used [0x000000076fa00000,0x000000076fa00000,0x0000000770480000)
 ParOldGen       total 175104K, used 16K [0x00000006c0e00000, 0x00000006cb900000, 0x000000076af80000)
  object space 175104K, 0% used [0x00000006c0e00000,0x00000006c0e04000,0x00000006cb900000)
 Metaspace       used 20908K, capacity 21072K, committed 21296K, reserved 1069056K
  class space    used 2339K, capacity 2413K, committed 2432K, reserved 1048576K
Event: 2.301 GC heap after
Heap after GC invocations=2 (full 0):
 PSYoungGen      total 76288K, used 4638K [0x000000076af80000, 0x0000000774480000, 0x00000007c0000000)
  eden space 65536K, 0% used [0x000000076af80000,0x000000076af80000,0x000000076ef80000)
  from space 10752K, 43% used [0x000000076fa00000,0x000000076fe87988,0x0000000770480000)
  to   space 10752K, 0% used [0x000000076ef80000,0x000000076ef80000,0x000000076fa00000)
 ParOldGen       total 175104K, used 24K [0x00000006c0e00000, 0x00000006cb900000, 0x000000076af80000)
  object space 175104K, 0% used [0x00000006c0e00000,0x00000006c0e06000,0x00000006cb900000)
 Metaspace       used 20908K, capacity 21072K, committed 21296K, reserved 1069056K
  class space    used 2339K, capacity 2413K, committed 2432K, reserved 1048576K
}
Event: 2.301 GC heap before
{Heap before GC invocations=3 (full 1):
 PSYoungGen      total 76288K, used 4638K [0x000000076af80000, 0x0000000774480000, 0x00000007c0000000)
  eden space 65536K, 0% used [0x000000076af80000,0x000000076af80000,0x000000076ef80000)
  from space 10752K, 43% used [0x000000076fa00000,0x000000076fe87988,0x0000000770480000)
  to   space 10752K, 0% used [0x000000076ef80000,0x000000076ef80000,0x000000076fa00000)
 ParOldGen       total 175104K, used 24K [0x00000006c0e00000, 0x00000006cb900000, 0x000000076af80000)
  object space 175104K, 0% used [0x00000006c0e00000,0x00000006c0e06000,0x00000006cb900000)
 Metaspace       used 20908K, capacity 21072K, committed 21296K, reserved 1069056K
  class space    used 2339K, capacity 2413K, committed 2432K, reserved 1048576K
Event: 2.322 GC heap after
Heap after GC invocations=3 (full 1):
 PSYoungGen      total 76288K, used 0K [0x000000076af80000, 0x0000000774480000, 0x00000007c0000000)
  eden space 65536K, 0% used [0x000000076af80000,0x000000076af80000,0x000000076ef80000)
  from space 10752K, 0% used [0x000000076fa00000,0x000000076fa00000,0x0000000770480000)
  to   space 10752K, 0% used [0x000000076ef80000,0x000000076ef80000,0x000000076fa00000)
 ParOldGen       total 85504K, used 4445K [0x00000006c0e00000, 0x00000006c6180000, 0x000000076af80000)
  object space 85504K, 5% used [0x00000006c0e00000,0x00000006c1257520,0x00000006c6180000)
 Metaspace       used 20908K, capacity 21072K, committed 21296K, reserved 1069056K
  class space    used 2339K, capacity 2413K, committed 2432K, reserved 1048576K
}

Deoptimization events (10 events):
Event: 80.042 Thread 0x000000001f723000 Uncommon trap: reason=class_check action=maybe_recompile pc=0x0000000002e50204 method=java.awt.EventQueue.coalesceEvent(Ljava/awt/AWTEvent;I)Z @ 32
Event: 85.377 Thread 0x000000001f723000 Uncommon trap: reason=unstable_if action=reinterpret pc=0x0000000002e355ec method=java.util.HashMap.clear()V @ 16
Event: 85.404 Thread 0x000000001f723000 Uncommon trap: reason=bimorphic action=maybe_recompile pc=0x0000000002ab4b3c method=com.jogamp.common.nio.Buffers.isDirect(Ljava/lang/Object;)Z @ 17
Event: 85.404 Thread 0x000000001f723000 Uncommon trap: reason=bimorphic action=maybe_recompile pc=0x0000000002ab4b3c method=com.jogamp.common.nio.Buffers.isDirect(Ljava/lang/Object;)Z @ 17
Event: 85.404 Thread 0x000000001f723000 Uncommon trap: reason=bimorphic action=maybe_recompile pc=0x0000000002ab4b3c method=com.jogamp.common.nio.Buffers.isDirect(Ljava/lang/Object;)Z @ 17
Event: 85.404 Thread 0x000000001f723000 Uncommon trap: reason=bimorphic action=maybe_recompile pc=0x0000000002ab4b3c method=com.jogamp.common.nio.Buffers.isDirect(Ljava/lang/Object;)Z @ 17
Event: 85.442 Thread 0x000000001f723000 Uncommon trap: reason=unstable_if action=reinterpret pc=0x0000000002d3b700 method=jogamp.opengl.GLFBODrawableImpl.getDefaultDrawFramebuffer()I @ 4
Event: 85.445 Thread 0x000000001f723000 Uncommon trap: reason=bimorphic action=maybe_recompile pc=0x0000000002dfde00 method=com.jogamp.common.nio.Buffers.isDirect(Ljava/lang/Object;)Z @ 17
Event: 85.445 Thread 0x000000001f723000 Uncommon trap: reason=unstable_if action=reinterpret pc=0x0000000002d91f6c method=com.jogamp.common.util.IntObjectHashMap.get(I)Ljava/lang/Object; @ 19
Event: 85.445 Thread 0x000000001f723000 Uncommon trap: reason=unstable_if action=reinterpret pc=0x0000000002c4e468 method=com.jogamp.common.util.IntObjectHashMap.put(ILjava/lang/Object;)Ljava/lang/Object; @ 21

Internal exceptions (10 events):
Event: 0.854 Thread 0x000000001f723000 Exception <a 'java/io/FileNotFoundException'> (0x000000076bf56898) thrown at [C:\re\workspace\8-2-build-windows-amd64-cygwin\jdk8u144\9417\hotspot\src\share\vm\prims\jni.cpp, line 709]
Event: 0.886 Thread 0x000000001f723000 Exception <a 'java/io/FileNotFoundException'> (0x000000076c1b46e0) thrown at [C:\re\workspace\8-2-build-windows-amd64-cygwin\jdk8u144\9417\hotspot\src\share\vm\prims\jni.cpp, line 709]
Event: 1.822 Thread 0x000000001f723000 Exception <a 'java/lang/InterruptedException'> (0x000000076cd2c530) thrown at [C:\re\workspace\8-2-build-windows-amd64-cygwin\jdk8u144\9417\hotspot\src\share\vm\runtime\objectMonitor.cpp, line 1684]
Event: 2.077 Thread 0x000000001f723000 Implicit null exception at 0x00000000025fe297 to 0x00000000025fe68d
Event: 2.077 Thread 0x000000001f723000 Implicit null exception at 0x0000000002606ad7 to 0x0000000002606ef1
Event: 85.377 Thread 0x000000001f723000 Implicit null exception at 0x0000000002e35535 to 0x0000000002e355dd
Event: 85.378 Thread 0x000000001f723000 Exception <a 'com/jogamp/opengl/GLException'> (0x000000076ee4f5a8) thrown at [C:\re\workspace\8-2-build-windows-amd64-cygwin\jdk8u144\9417\hotspot\src\share\vm\prims\jvm.cpp, line 1394]
Event: 85.378 Thread 0x000000001f723000 Exception <a 'com/jogamp/opengl/GLException'> (0x000000076ee4f5a8) thrown at [C:\re\workspace\8-2-build-windows-amd64-cygwin\jdk8u144\9417\hotspot\src\share\vm\prims\jvm.cpp, line 1394]
Event: 85.445 Thread 0x000000001f723000 Implicit null exception at 0x0000000002d91eea to 0x0000000002d91f55
Event: 85.445 Thread 0x000000001f723000 Implicit null exception at 0x0000000002c4e3a9 to 0x0000000002c4e445

Events (10 events):
Event: 85.445 Executing VM operation: RevokeBias
Event: 85.445 Executing VM operation: RevokeBias done
Event: 85.445 Thread 0x000000001f723000 DEOPT PACKING pc=0x0000000002dfde00 sp=0x000000001fffc550
Event: 85.445 Thread 0x000000001f723000 DEOPT UNPACKING pc=0x000000000243582a sp=0x000000001fffc2d0 mode 2
Event: 85.445 Thread 0x000000001f723000 Uncommon trap: trap_request=0xffffff65 fr.pc=0x0000000002d91f6c
Event: 85.445 Thread 0x000000001f723000 DEOPT PACKING pc=0x0000000002d91f6c sp=0x000000001fffc4a0
Event: 85.445 Thread 0x000000001f723000 DEOPT UNPACKING pc=0x000000000243582a sp=0x000000001fffc440 mode 2
Event: 85.445 Thread 0x000000001f723000 Uncommon trap: trap_request=0xffffff65 fr.pc=0x0000000002c4e468
Event: 85.445 Thread 0x000000001f723000 DEOPT PACKING pc=0x0000000002c4e468 sp=0x000000001fffc480
Event: 85.445 Thread 0x000000001f723000 DEOPT UNPACKING pc=0x000000000243582a sp=0x000000001fffc400 mode 2


Dynamic libraries:
0x000000013f7a0000 - 0x000000013f7d7000 	C:\Program Files\Java\jdk1.8.0_144\bin\java.exe
0x0000000076cd0000 - 0x0000000076e6f000 	C:\Windows\SYSTEM32\ntdll.dll
0x0000000076ab0000 - 0x0000000076bcf000 	C:\Windows\system32\kernel32.dll
0x000007fefcba0000 - 0x000007fefcc0a000 	C:\Windows\system32\KERNELBASE.dll
0x000007fefe550000 - 0x000007fefe62b000 	C:\Windows\system32\ADVAPI32.dll
0x000007fefef20000 - 0x000007fefefbf000 	C:\Windows\system32\msvcrt.dll
0x000007fefe710000 - 0x000007fefe72f000 	C:\Windows\SYSTEM32\sechost.dll
0x000007fefe420000 - 0x000007fefe54d000 	C:\Windows\system32\RPCRT4.dll
0x0000000076bd0000 - 0x0000000076cca000 	C:\Windows\system32\USER32.dll
0x000007fefe3b0000 - 0x000007fefe417000 	C:\Windows\system32\GDI32.dll
0x000007fefe3a0000 - 0x000007fefe3ae000 	C:\Windows\system32\LPK.dll
0x000007fefeb60000 - 0x000007fefec2b000 	C:\Windows\system32\USP10.dll
0x000007fefb510000 - 0x000007fefb704000 	C:\Windows\WinSxS\amd64_microsoft.windows.common-controls_6595b64144ccf1df_6.0.7601.18837_none_fa3b1e3d17594757\COMCTL32.dll
0x000007fefe050000 - 0x000007fefe0c1000 	C:\Windows\system32\SHLWAPI.dll
0x000007fefd290000 - 0x000007fefd2be000 	C:\Windows\system32\IMM32.DLL
0x000007fefcd60000 - 0x000007fefce69000 	C:\Windows\system32\MSCTF.dll
0x0000000078b60000 - 0x0000000078c32000 	C:\Program Files\Java\jdk1.8.0_144\jre\bin\msvcr100.dll
0x000000006f800000 - 0x000000007009d000 	C:\Program Files\Java\jdk1.8.0_144\jre\bin\server\jvm.dll
0x000007fef1020000 - 0x000007fef1029000 	C:\Windows\system32\WSOCK32.dll
0x000007fefcf10000 - 0x000007fefcf5d000 	C:\Windows\system32\WS2_32.dll
0x000007fefe0d0000 - 0x000007fefe0d8000 	C:\Windows\system32\NSI.dll
0x000007fefa660000 - 0x000007fefa69b000 	C:\Windows\system32\WINMM.dll
0x000007fefba70000 - 0x000007fefba7c000 	C:\Windows\system32\VERSION.dll
0x0000000076e70000 - 0x0000000076e77000 	C:\Windows\system32\PSAPI.DLL
0x0000000072160000 - 0x000000007216f000 	C:\Program Files\Java\jdk1.8.0_144\jre\bin\verify.dll
0x000000006d730000 - 0x000000006d759000 	C:\Program Files\Java\jdk1.8.0_144\jre\bin\java.dll
0x000000006cbe0000 - 0x000000006cc03000 	C:\Program Files\Java\jdk1.8.0_144\jre\bin\instrument.dll
0x0000000070e80000 - 0x0000000070e96000 	C:\Program Files\Java\jdk1.8.0_144\jre\bin\zip.dll
0x000007fefd2c0000 - 0x000007fefe04b000 	C:\Windows\system32\SHELL32.dll
0x000007fefe730000 - 0x000007fefe92d000 	C:\Windows\system32\ole32.dll
0x000007fefc9a0000 - 0x000007fefc9af000 	C:\Windows\system32\profapi.dll
0x000007fef2b30000 - 0x000007fef2b4a000 	C:\Program Files\JetBrains\IntelliJ IDEA Community Edition 2017.3.4\bin\breakgen64.dll
0x00000000703e0000 - 0x00000000703fa000 	C:\Program Files\Java\jdk1.8.0_144\jre\bin\net.dll
0x000007fefc130000 - 0x000007fefc185000 	C:\Windows\system32\mswsock.dll
0x000007fefc120000 - 0x000007fefc127000 	C:\Windows\System32\wship6.dll
0x000000006c330000 - 0x000000006c4c8000 	C:\Program Files\Java\jdk1.8.0_144\jre\bin\awt.dll
0x000007fefe630000 - 0x000007fefe70a000 	C:\Windows\system32\OLEAUT32.dll
0x000007fefaf80000 - 0x000007fefafd6000 	C:\Windows\system32\uxtheme.dll
0x000007fefba00000 - 0x000007fefba18000 	C:\Windows\system32\dwmapi.dll
0x000007fefc800000 - 0x000007fefc80f000 	C:\Windows\system32\CRYPTBASE.dll
0x000007fefc370000 - 0x000007fefc388000 	C:\Windows\system32\CRYPTSP.dll
0x000007fefbe90000 - 0x000007fefbed7000 	C:\Windows\system32\rsaenh.dll
0x000007fefc9c0000 - 0x000007fefc9de000 	C:\Windows\system32\USERENV.dll
0x000007fefa230000 - 0x000007fefa257000 	C:\Windows\system32\IPHLPAPI.DLL
0x000007fefa220000 - 0x000007fefa22b000 	C:\Windows\system32\WINNSI.DLL
0x000007fef91b0000 - 0x000007fef91c8000 	C:\Windows\system32\dhcpcsvc.DLL
0x000007fef8cc0000 - 0x000007fef8cd1000 	C:\Windows\system32\dhcpcsvc6.DLL
0x0000000070400000 - 0x0000000070411000 	C:\Program Files\Java\jdk1.8.0_144\jre\bin\nio.dll
0x000007fefc7a0000 - 0x000007fefc7f7000 	C:\Windows\system32\apphelp.dll
0x00000000637c0000 - 0x00000000637cd000 	C:\Users\RBurks\AppData\Local\Temp\jogamp_0000\file_cache\jln1172451151687257025\jln8944769853795090209\gluegen-rt.dll
0x000000006d0e0000 - 0x000000006d0e7000 	C:\Program Files\Java\jdk1.8.0_144\jre\bin\jawt.dll
0x000000006a440000 - 0x000000006a44d000 	C:\Users\RBurks\AppData\Local\Temp\jogamp_0000\file_cache\jln1172451151687257025\jln8944769853795090209\nativewindow_awt.dll
0x000007feeb1f0000 - 0x000007feeb30d000 	C:\Windows\system32\opengl32.dll
0x000007feee300000 - 0x000007feee32d000 	C:\Windows\system32\GLU32.dll
0x000007feecea0000 - 0x000007feecf91000 	C:\Windows\system32\DDRAW.dll
0x000007fef5900000 - 0x000007fef5908000 	C:\Windows\system32\DCIMAN32.dll
0x000007fefe0e0000 - 0x000007fefe2b7000 	C:\Windows\system32\SETUPAPI.dll
0x000007fefc9e0000 - 0x000007fefca16000 	C:\Windows\system32\CFGMGR32.dll
0x000007fefcc20000 - 0x000007fefcc3a000 	C:\Windows\system32\DEVOBJ.dll
0x000007fedcb80000 - 0x000007fedcd7f000 	C:\Windows\system32\d3d9.dll
0x000007fef0990000 - 0x000007fef0997000 	C:\Windows\system32\d3d8thk.dll
0x000007fef8d00000 - 0x000007fef8e64000 	C:\Windows\system32\aticfx64.dll
0x000007fedc6b0000 - 0x000007fedc6d1000 	C:\Windows\system32\atiu9p64.dll
0x000007fed1840000 - 0x000007fed2099000 	C:\Windows\system32\atiumd64.dll
0x0000000061b40000 - 0x00000000623c8000 	C:\Windows\system32\atiumd6a.dll
0x000007fefba20000 - 0x000007fefba4c000 	C:\Windows\system32\POWRPROF.dll
0x000000006c100000 - 0x000000006c10f000 	C:\Users\RBurks\AppData\Local\Temp\jogamp_0000\file_cache\jln1172451151687257025\jln8944769853795090209\nativewindow_win32.dll
0x0000000064500000 - 0x00000000645ae000 	C:\Users\RBurks\AppData\Local\Temp\jogamp_0000\file_cache\jln1172451151687257025\jln8944769853795090209\jogl_desktop.dll
0x0000000064340000 - 0x00000000643a0000 	C:\Users\RBurks\AppData\Local\Temp\jogamp_0000\file_cache\jln1172451151687257025\jln8944769853795090209\jogl_mobile.dll
0x000007feed320000 - 0x000007feed338000 	C:\Windows\system32\atig6pxx.dll
0x0000000068120000 - 0x0000000069f20000 	C:\Windows\system32\atio6axx.dll
0x000007fedc3b0000 - 0x000007fedc4f0000 	C:\Windows\system32\atiadlxx.dll
0x000007fefafe0000 - 0x000007fefb10c000 	C:\Windows\system32\PROPSYS.dll
0x000007fefba50000 - 0x000007fefba61000 	C:\Windows\system32\WTSAPI32.dll
0x000007fefcd00000 - 0x000007fefcd3b000 	C:\Windows\system32\WINTRUST.dll
0x000007fefca30000 - 0x000007fefcb9d000 	C:\Windows\system32\CRYPT32.dll
0x000007fefc9b0000 - 0x000007fefc9bf000 	C:\Windows\system32\MSASN1.dll
0x000007feeb700000 - 0x000007feeb72c000 	C:\Windows\system32\atig6txx.dll
0x000000006d540000 - 0x000000006d587000 	C:\Program Files\Java\jdk1.8.0_144\jre\bin\fontmanager.dll
0x0000000070760000 - 0x00000000707a2000 	C:\Program Files\Java\jdk1.8.0_144\jre\bin\t2k.dll
0x000007fefce70000 - 0x000007fefcf09000 	C:\Windows\system32\CLBCatQ.DLL
0x000007fefa270000 - 0x000007fefa3d1000 	C:\Windows\system32\WindowsCodecs.dll
0x000007fef9950000 - 0x000007fef9985000 	C:\Windows\system32\EhStorShell.dll
0x000007fef9390000 - 0x000007fef940e000 	C:\Windows\System32\cscui.dll
0x000007fef9d30000 - 0x000007fef9d3c000 	C:\Windows\System32\CSCDLL.dll
0x000007fef1140000 - 0x000007fef114f000 	C:\Windows\system32\CSCAPI.dll
0x000007fef9310000 - 0x000007fef9390000 	C:\Windows\system32\ntshrui.dll
0x000007fefc410000 - 0x000007fefc433000 	C:\Windows\system32\srvcli.dll
0x000007fefa710000 - 0x000007fefa71b000 	C:\Windows\system32\slc.dll
0x000007fef9e90000 - 0x000007fef9fb5000 	C:\Windows\system32\dbghelp.dll

VM Arguments:
jvm_args: -javaagent:C:\Program Files\JetBrains\IntelliJ IDEA Community Edition 2017.3.4\lib\idea_rt.jar=60089:C:\Program Files\JetBrains\IntelliJ IDEA Community Edition 2017.3.4\bin -Dfile.encoding=UTF-8 
java_command: spirite.pc.SpiriteKt
java_class_path (initial): C:\Program Files\Java\jdk1.8.0_144\jre\lib\charsets.jar;C:\Program Files\Java\jdk1.8.0_144\jre\lib\deploy.jar;C:\Program Files\Java\jdk1.8.0_144\jre\lib\ext\access-bridge-64.jar;C:\Program Files\Java\jdk1.8.0_144\jre\lib\ext\cldrdata.jar;C:\Program Files\Java\jdk1.8.0_144\jre\lib\ext\dnsns.jar;C:\Program Files\Java\jdk1.8.0_144\jre\lib\ext\jaccess.jar;C:\Program Files\Java\jdk1.8.0_144\jre\lib\ext\jfxrt.jar;C:\Program Files\Java\jdk1.8.0_144\jre\lib\ext\localedata.jar;C:\Program Files\Java\jdk1.8.0_144\jre\lib\ext\nashorn.jar;C:\Program Files\Java\jdk1.8.0_144\jre\lib\ext\sunec.jar;C:\Program Files\Java\jdk1.8.0_144\jre\lib\ext\sunjce_provider.jar;C:\Program Files\Java\jdk1.8.0_144\jre\lib\ext\sunmscapi.jar;C:\Program Files\Java\jdk1.8.0_144\jre\lib\ext\sunpkcs11.jar;C:\Program Files\Java\jdk1.8.0_144\jre\lib\ext\zipfs.jar;C:\Program Files\Java\jdk1.8.0_144\jre\lib\javaws.jar;C:\Program Files\Java\jdk1.8.0_144\jre\lib\jce.jar;C:\Program Files\Java\jdk1.8.0_144\jre\lib\jfr.jar;C:\Program Files\Java\jdk1.8.0_144\jre\lib\jfxswt.jar;C:\Program Files\Java\jdk1.8.0_144\jre\lib\jsse.jar;C:\Program Files\Java\jdk1.8.0_144\jre\lib\management-agent.jar;C:\Program Files\Java\jdk1.8.0_144\jre\lib\plugin.jar;C:\Program Files\Java\jdk1.8.0_144\jre\lib\resources.jar;C:\Program Files\Java\jdk1.8.0_144\jre\lib\rt.jar;C:\Documents\Programming\J\_S\Spirite\build\classes\java\main;C:\Documents\Programming\J\_S\Spirite\build\classes\kotlin\main;C:\Documents\Programming\J\_S\Spirite\build\resources\main;C:\Users\RBurks\.gradle\caches\modules-2\files-2.1\org.jetbrains.kotlin\kotlin-stdlib-jdk8\1.2.31\50094b02ec8a4c2e4444073c722bb56c8a52b83c\kotlin-stdlib-jdk8-1.2.31.jar;C:\Users\RBurks\.gradle\caches\modules-2\files-2.1\org.jogamp.gluegen\gluegen-rt\2.3.1\b28a5ed162a28ab18f3018c6e25449770bcc2c2a\gluegen-rt-2.3.1.jar;C:\Users\RBurks\.gradle\caches\modules-2\files-2.1\org.jogamp.jogl\jogl-all\2.3.1\5453853b9401ede468806c863ec544c04a3d219c\jogl-all-2.3.1.jar;C:\U
Launcher Type: SUN_STANDARD

Environment Variables:
PATH=C:\ProgramData\Oracle\Java\javapath;C:\Windows\system32;C:\Windows;C:\Windows\System32\Wbem;C:\Windows\System32\WindowsPowerShell\v1.0\;c:\Program Files (x86)\ATI Technologies\ATI.ACE\Core-Static;C:\Program Files\Microsoft SQL Server\130\Tools\Binn\;C:\Program Files\Microsoft SQL Server\Client SDK\ODBC\110\Tools\Binn\;C:\Program Files (x86)\Microsoft SQL Server\120\Tools\Binn\ManagementStudio\;C:\Program Files (x86)\Microsoft SQL Server\120\Tools\Binn\;C:\Program Files\Microsoft SQL Server\120\Tools\Binn\;C:\Program Files (x86)\Microsoft SQL Server\120\DTS\Binn\;C:\Program Files\Microsoft SQL Server\120\DTS\Binn\;C:\Program Files\dotnet\;C:\Program Files (x86)\dotnet\;C:\Program Files\nodejs\;C:\Program Files\Git\cmd;C:\ProgramData\chocolatey\bin;C:\Users\RBurks\AppData\Roaming\npm
USERNAME=RBurks
OS=Windows_NT
PROCESSOR_IDENTIFIER=Intel64 Family 6 Model 94 Stepping 3, GenuineIntel



---------------  S Y S T E M  ---------------

OS: Windows 7 , 64 bit Build 7601 (6.1.7601.24059)

CPU:total 8 (initial active 8) (4 cores per cpu, 2 threads per core) family 6 model 94 stepping 3, cmov, cx8, fxsr, mmx, sse, sse2, sse3, ssse3, sse4.1, sse4.2, popcnt, avx, avx2, aes, clmul, erms, rtm, 3dnowpref, lzcnt, ht, tsc, tscinvbit, bmi1, bmi2, adx

Memory: 4k page, physical 16719020k(1061128k free), swap 33436164k(6926380k free)

vm_info: Java HotSpot(TM) 64-Bit Server VM (25.144-b01) for windows-amd64 JRE (1.8.0_144-b01), built on Jul 21 2017 21:57:33 by "java_re" with MS VC++ 10.0 (VS2010)

time: Tue Apr 10 15:11:43 2018
elapsed time: 85 seconds (0d 0h 1m 25s)

