#
# A fatal error has been detected by the Java Runtime Environment:
#
#  EXCEPTION_ACCESS_VIOLATION (0xc0000005) at pc=0x0000000034f01119, pid=20880, tid=13208
#
# JRE version: Java(TM) SE Runtime Environment (9.0+11) (build 9.0.4+11)
# Java VM: Java HotSpot(TM) 64-Bit Server VM (9.0.4+11, mixed mode, tiered, compressed oops, g1 gc, windows-amd64)
# Problematic frame:
# C  [atio6axx.dll+0x1db1119]
#
# No core dump will be written. Minidumps are not enabled by default on client versions of Windows
#
# If you would like to submit a bug report, please visit:
#   http://bugreport.java.com/bugreport/crash.jsp
# The crash happened outside the Java Virtual Machine in native code.
# See problematic frame for where to report the bug.
#

---------------  S U M M A R Y ------------

Command Line: -javaagent:C:\Program Files\JetBrains\IntelliJ IDEA Community Edition 2018.1.5\lib\idea_rt.jar=63590:C:\Program Files\JetBrains\IntelliJ IDEA Community Edition 2018.1.5\bin -Dfile.encoding=UTF-8 spirite.pc.SpiriteKt

Host: Intel(R) Core(TM) i7-6700 CPU @ 3.40GHz, 8 cores, 15G,  Windows 7 , 64 bit Build 7601 (6.1.7601.24168)
Time: Thu Aug 02 12:49:39 2018 Eastern Daylight Time elapsed time: 9 seconds (0d 0h 0m 9s)

---------------  T H R E A D  ---------------

Current thread (0x0000000036ba6800):  JavaThread "jpen-Pen-[16ms]" daemon [_thread_in_native, id=13208, stack(0x0000000037b30000,0x0000000037c30000)]

Stack: [0x0000000037b30000,0x0000000037c30000],  sp=0x0000000037c2ed08,  free space=1019k
Native frames: (J=compiled Java code, j=interpreted, Vv=VM code, C=native code)
C  [atio6axx.dll+0x1db1119]

Java frames: (J=compiled Java code, j=interpreted, Vv=VM code)
j  jogamp.opengl.gl4.GL4bcImpl.dispatch_glDeleteFramebuffers1(ILjava/lang/Object;IZJ)V+0
j  jogamp.opengl.gl4.GL4bcImpl.glDeleteFramebuffers(I[II)V+101
j  spirite.pc.JOGL.JOGL.deleteFramebuffer(Lspirite/base/graphics/gl/IGLFramebuffer;)V+26
j  spirite.base.graphics.gl.GLEngine.setTarget(Lspirite/base/graphics/gl/IGLTexture;)V+39
j  spirite.base.graphics.gl.GLEngine.setTarget(Lspirite/base/graphics/gl/GLImage;)V+25
j  spirite.base.graphics.gl.stroke.GLStrokeDrawer.start(Lspirite/base/pen/stroke/StrokeBuilder;II)Z+56
j  spirite.base.pen.stroke.StrokeBuilder.start(Lspirite/base/pen/PenState;)Z+69
j  spirite.base.imageData.drawer.DefaultImageDrawer$StrokeModule.startStroke(Lspirite/base/pen/stroke/StrokeParams;Lspirite/base/pen/PenState;)Z+89
j  spirite.base.imageData.drawer.DefaultImageDrawer.startStroke(Lspirite/base/pen/stroke/StrokeParams;Lspirite/base/pen/PenState;)Z+20
j  spirite.base.pen.behaviors.StrokeBehavior.onStart()V+54
j  spirite.base.pen.Penner.setBehavior(Lspirite/base/pen/behaviors/PennerBehavior;)V+23
j  spirite.base.pen.Penner.penDown(Lspirite/gui/components/basic/events/MouseEvent$MouseButton;)V+293
j  spirite.gui.major.work.JOGLWorkAreaPanel$3.penButtonEvent(Ljpen/PButtonEvent;)V+59
j  jpen.owner.multiAwt.MultiAwtPenOwner$1.penButtonEvent(Ljpen/PButtonEvent;)V+34
j  jpen.PButtonEvent.dispatch()V+26
j  jpen.Pen$MyThread.run()V+114
v  ~StubRoutines::call_stub

siginfo: EXCEPTION_ACCESS_VIOLATION (0xc0000005), reading address 0x00000000000013a8


Register to memory mapping:

RIP=0x0000000034f01119 atio6axx.dll
RAX=0x0000000000000000 is an unknown value
RBX=0x0000000036ba6a18 is an unknown value
RCX=0x0000000000000001 is an unknown value
RDX=0x00000006cf0051b0 is pointing into object: 0x00000006cf0051a0
[I 
{0x00000006cf0051a0} - klass: {type array int}
 - length: 1
RSP=0x0000000037c2ed08 is pointing into the stack for thread: 0x0000000036ba6800
RBP=0x0000000000000001 is an unknown value
RSI=0x0000000037c2ee50 is pointing into the stack for thread: 0x0000000036ba6800
RDI=0x0000000000000000 is an unknown value
R8 =0x0000000000000001 is an unknown value
R9 =0x000000000000000a is an unknown value
R10=0x000000000000000c is an unknown value
R11=0x0000000000000102 is an unknown value
R12=0x0000000034f01110 atio6axx.dll
R13=0x0000000000000000 is pointing into the stack for thread: 0x00000000368dc000
R14=0x00000006cf0051b0 is pointing into object: 0x00000006cf0051a0
[I 
{0x00000006cf0051a0} - klass: {type array int}
 - length: 1
R15=0x0000000036ba6800 is a thread


Registers:
RAX=0x0000000000000000, RBX=0x0000000036ba6a18, RCX=0x0000000000000001, RDX=0x00000006cf0051b0
RSP=0x0000000037c2ed08, RBP=0x0000000000000001, RSI=0x0000000037c2ee50, RDI=0x0000000000000000
R8 =0x0000000000000001, R9 =0x000000000000000a, R10=0x000000000000000c, R11=0x0000000000000102
R12=0x0000000034f01110, R13=0x0000000000000000, R14=0x00000006cf0051b0, R15=0x0000000036ba6800
RIP=0x0000000034f01119, EFLAGS=0x0000000000010206

Top of Stack: (sp=0x0000000037c2ed08)
0x0000000037c2ed08:   0000000003327008 0000000036ba6a18
0x0000000037c2ed18:   0000000000000001 0000000037c2ee50
0x0000000037c2ed28:   0000000032a90028 000000003298f0e8
0x0000000037c2ed38:   0000000000000000 00000000381040b8
0x0000000037c2ed48:   0000000037c2ee10 0000000000000000
0x0000000037c2ed58:   000000003298f0e8 0000000037c2ee60
0x0000000037c2ed68:   00000000121682f5 0000000037c2edc0
0x0000000037c2ed78:   0000000032e80028 0000000000000000
0x0000000037c2ed88:   00000006cede1528 0000000000000000
0x0000000037c2ed98:   0000000000000000 0000000034f01110
0x0000000037c2eda8:   0000000037c2ee18 000000001215b5e3
0x0000000037c2edb8:   00000006cecbb5c0 00000006cf005190
0x0000000037c2edc8:   0000000037c2edc8 0000000000000000
0x0000000037c2edd8:   0000000037c2ee60 0000000032a90028
0x0000000037c2ede8:   0000000000000000 00000006cede75d8
0x0000000037c2edf8:   000000003298f0e8 0000000000000000 

Instructions: (pc=0x0000000034f01119)
0x0000000034f010f9:   ff a0 98 13 00 00 90 65 48 8b 04 25 48 16 00 00
0x0000000034f01109:   ff a0 a0 13 00 00 90 65 48 8b 04 25 48 16 00 00
0x0000000034f01119:   ff a0 a8 13 00 00 90 65 48 8b 04 25 48 16 00 00
0x0000000034f01129:   ff a0 b0 13 00 00 90 65 48 8b 04 25 48 16 00 00 



---------------  P R O C E S S  ---------------

Java Threads: ( => current thread )
  0x00000000368dd000 JavaThread "Thread-6" [_thread_in_Java, id=21324, stack(0x0000000039cb0000,0x0000000039db0000)]
  0x00000000368dc000 JavaThread "Thread-5" [_thread_new, id=14688, stack(0x0000000000000000,0x0000000000000000)]
  0x00000000368db800 JavaThread "Thread-4" [_thread_in_Java, id=4636, stack(0x000000003cc30000,0x000000003cd30000)]
  0x00000000368da800 JavaThread "D3D Screen Updater" daemon [_thread_blocked, id=15040, stack(0x00000000384c0000,0x00000000385c0000)]
  0x00000000368da000 JavaThread "DestroyJavaVM" [_thread_blocked, id=22140, stack(0x0000000002190000,0x0000000002290000)]
=>0x0000000036ba6800 JavaThread "jpen-Pen-[16ms]" daemon [_thread_in_native, id=13208, stack(0x0000000037b30000,0x0000000037c30000)]
  0x0000000036134800 JavaThread "TimerQueue" daemon [_thread_blocked, id=7044, stack(0x0000000034f70000,0x0000000035070000)]
  0x000000002d807800 JavaThread "AWT-EventQueue-0-SharedResourceRunner" daemon [_thread_blocked, id=19292, stack(0x0000000033050000,0x0000000033150000)]
  0x000000002f893000 JavaThread "AWT-EventQueue-0" [_thread_blocked, id=17720, stack(0x0000000030940000,0x0000000030a40000)]
  0x000000002d9a7000 JavaThread "AWT-Windows" daemon [_thread_in_native, id=22448, stack(0x000000002d060000,0x000000002d160000)]
  0x000000002da06000 JavaThread "AWT-Shutdown" [_thread_blocked, id=21160, stack(0x000000002e4b0000,0x000000002e5b0000)]
  0x000000002da05800 JavaThread "Java2D Disposer" daemon [_thread_blocked, id=11228, stack(0x000000002e320000,0x000000002e420000)]
  0x000000002d5e9800 JavaThread "Service Thread" daemon [_thread_blocked, id=6236, stack(0x000000002dee0000,0x000000002dfe0000)]
  0x000000002c4b1800 JavaThread "Monitor Ctrl-Break" daemon [_thread_in_native, id=7908, stack(0x000000002d430000,0x000000002d530000)]
  0x000000002c270000 JavaThread "Common-Cleaner" daemon [_thread_blocked, id=13076, stack(0x000000002d300000,0x000000002d400000)]
  0x000000002c1e8800 JavaThread "Sweeper thread" daemon [_thread_blocked, id=3104, stack(0x000000002cb60000,0x000000002cc60000)]
  0x000000002c1dc000 JavaThread "C1 CompilerThread3" daemon [_thread_blocked, id=18256, stack(0x000000002d1b0000,0x000000002d2b0000)]
  0x000000002c1d3800 JavaThread "C2 CompilerThread2" daemon [_thread_blocked, id=19032, stack(0x000000002cd90000,0x000000002ce90000)]
  0x000000002c1d1800 JavaThread "C2 CompilerThread1" daemon [_thread_in_native, id=8252, stack(0x000000002cf10000,0x000000002d010000)]
  0x000000002c1cb800 JavaThread "C2 CompilerThread0" daemon [_thread_blocked, id=20732, stack(0x000000002cc60000,0x000000002cd60000)]
  0x000000002c1ca800 JavaThread "Attach Listener" daemon [_thread_blocked, id=18960, stack(0x000000002c6a0000,0x000000002c7a0000)]
  0x000000002c1ca000 JavaThread "Signal Dispatcher" daemon [_thread_blocked, id=20544, stack(0x000000002ca30000,0x000000002cb30000)]
  0x000000002c1c4800 JavaThread "Finalizer" daemon [_thread_blocked, id=17828, stack(0x000000002c930000,0x000000002ca30000)]
  0x000000002c1bb000 JavaThread "Reference Handler" daemon [_thread_blocked, id=20332, stack(0x000000002c830000,0x000000002c930000)]

Other Threads:
  0x000000002c1b6800 VMThread "VM Thread" [stack: 0x000000002c590000,0x000000002c690000] [id=19732]
  0x000000002c456000 WatcherThread [stack: 0x000000002ddd0000,0x000000002ded0000] [id=10880]
  0x0000000000550800 GCTaskThread "GC Thread#0" [stack: 0x0000000002770000,0x0000000002870000] [id=20688]
  0x0000000000551800 GCTaskThread "GC Thread#1" [stack: 0x0000000002920000,0x0000000002a20000] [id=21768]
  0x0000000000553800 GCTaskThread "GC Thread#2" [stack: 0x0000000002b90000,0x0000000002c90000] [id=14052]
  0x0000000000557000 GCTaskThread "GC Thread#3" [stack: 0x0000000002da0000,0x0000000002ea0000] [id=6164]
  0x0000000000559800 GCTaskThread "GC Thread#4" [stack: 0x0000000002f90000,0x0000000003090000] [id=9136]
  0x000000000055b000 GCTaskThread "GC Thread#5" [stack: 0x0000000002a70000,0x0000000002b70000] [id=17624]
  0x000000000055b800 GCTaskThread "GC Thread#6" [stack: 0x0000000003210000,0x0000000003310000] [id=14900]
  0x000000000055c800 GCTaskThread "GC Thread#7" [stack: 0x00000000033c0000,0x00000000034c0000] [id=17240]
  0x00000000046af800 ConcurrentGCThread "G1 Main Marker" [stack: 0x0000000006a70000,0x0000000006b70000] [id=14228]
  0x000000000055d000 ConcurrentGCThread "G1 Marker#0" [stack: 0x0000000006d30000,0x0000000006e30000] [id=17468]
  0x000000000055d800 ConcurrentGCThread "G1 Marker#1" [stack: 0x0000000006c30000,0x0000000006d30000] [id=22520]
  0x000000000058e800 ConcurrentGCThread "G1 Refine#0" [stack: 0x00000000044e0000,0x00000000045e0000] [id=8152]
  0x000000000058d800 ConcurrentGCThread "G1 Refine#1" [stack: 0x0000000004200000,0x0000000004300000] [id=5288]
  0x000000000058a800 ConcurrentGCThread "G1 Refine#2" [stack: 0x00000000043a0000,0x00000000044a0000] [id=9220]
  0x0000000000588800 ConcurrentGCThread "G1 Refine#3" [stack: 0x00000000040e0000,0x00000000041e0000] [id=13808]
  0x0000000000587800 ConcurrentGCThread "G1 Refine#4" [stack: 0x0000000003f60000,0x0000000004060000] [id=21772]
  0x0000000000582800 ConcurrentGCThread "G1 Refine#5" [stack: 0x0000000003e50000,0x0000000003f50000] [id=5032]
  0x0000000000581800 ConcurrentGCThread "G1 Refine#6" [stack: 0x0000000003b20000,0x0000000003c20000] [id=11736]
  0x000000000057d000 ConcurrentGCThread "G1 Refine#7" [stack: 0x0000000003cf0000,0x0000000003df0000] [id=9840]
  0x00000000045e0800 ConcurrentGCThread "G1 Young RemSet Sampling" [stack: 0x0000000004790000,0x0000000004890000] [id=17780]

Threads with active compile tasks:
C2 CompilerThread12509 %     4       spirite.hybrid.ContentBoundsFinder$_ImageCropHelper::lineIsEmpty @ 46 (71 bytes)

VM state:not at safepoint (normal execution)

VM Mutex/Monitor currently owned by a thread: None

Heap address: 0x00000006c0e00000, size: 4082 MB, Compressed Oops mode: Zero based, Oop shift amount: 3
Narrow klass base: 0x0000000000000000, Narrow klass shift: 3
Compressed class space size: 1073741824 Address: 0x00000007c0000000

Heap:
 garbage-first heap   total 262144K, used 41900K [0x00000006c0e00000, 0x00000006c0f00800, 0x00000007c0000000)
  region size 1024K, 39 young (39936K), 7 survivors (7168K)
 Metaspace       used 32044K, capacity 33132K, committed 33408K, reserved 1079296K
  class space    used 3396K, capacity 3643K, committed 3712K, reserved 1048576K
Heap Regions: E=young(eden), S=young(survivor), O=old, HS=humongous(starts), HC=humongous(continues), CS=collection set, F=free, A=archive, TS=gc time stamp, AC=allocation context, TAMS=top-at-mark-start (previous, next)
|   0|0x00000006c0e00000, 0x00000006c0f00000, 0x00000006c0f00000|100%|HS|  |TS  0|AC  0|TAMS 0x00000006c0e00000, 0x00000006c0e00000|
|   1|0x00000006c0f00000, 0x00000006c0f00000, 0x00000006c1000000|  0%| F|  |TS  0|AC  0|TAMS 0x00000006c0f00000, 0x00000006c0f00000|
|   2|0x00000006c1000000, 0x00000006c10cf400, 0x00000006c1100000| 80%| O|  |TS  0|AC  0|TAMS 0x00000006c10cf400, 0x00000006c10cf400|
|   3|0x00000006c1100000, 0x00000006c1200000, 0x00000006c1200000|100%|HS|  |TS  0|AC  0|TAMS 0x00000006c1100000, 0x00000006c1100000|
|   4|0x00000006c1200000, 0x00000006c1300000, 0x00000006c1300000|100%|HC|  |TS  0|AC  0|TAMS 0x00000006c1200000, 0x00000006c1200000|
|   5|0x00000006c1300000, 0x00000006c1300000, 0x00000006c1400000|  0%| F|  |TS  0|AC  0|TAMS 0x00000006c1300000, 0x00000006c1300000|
|   6|0x00000006c1400000, 0x00000006c1400000, 0x00000006c1500000|  0%| F|  |TS  0|AC  0|TAMS 0x00000006c1400000, 0x00000006c1400000|
|   7|0x00000006c1500000, 0x00000006c1500000, 0x00000006c1600000|  0%| F|  |TS  0|AC  0|TAMS 0x00000006c1500000, 0x00000006c1500000|
|   8|0x00000006c1600000, 0x00000006c1600000, 0x00000006c1700000|  0%| F|  |TS  0|AC  0|TAMS 0x00000006c1600000, 0x00000006c1600000|
|   9|0x00000006c1700000, 0x00000006c1700000, 0x00000006c1800000|  0%| F|  |TS  0|AC  0|TAMS 0x00000006c1700000, 0x00000006c1700000|
|  10|0x00000006c1800000, 0x00000006c1800000, 0x00000006c1900000|  0%| F|  |TS  0|AC  0|TAMS 0x00000006c1800000, 0x00000006c1800000|
|  11|0x00000006c1900000, 0x00000006c1900000, 0x00000006c1a00000|  0%| F|  |TS  0|AC  0|TAMS 0x00000006c1900000, 0x00000006c1900000|
|  12|0x00000006c1a00000, 0x00000006c1a00000, 0x00000006c1b00000|  0%| F|  |TS  0|AC  0|TAMS 0x00000006c1a00000, 0x00000006c1a00000|
|  13|0x00000006c1b00000, 0x00000006c1b00000, 0x00000006c1c00000|  0%| F|  |TS  0|AC  0|TAMS 0x00000006c1b00000, 0x00000006c1b00000|
|  14|0x00000006c1c00000, 0x00000006c1c00000, 0x00000006c1d00000|  0%| F|  |TS  0|AC  0|TAMS 0x00000006c1c00000, 0x00000006c1c00000|
|  15|0x00000006c1d00000, 0x00000006c1d00000, 0x00000006c1e00000|  0%| F|  |TS  0|AC  0|TAMS 0x00000006c1d00000, 0x00000006c1d00000|
|  16|0x00000006c1e00000, 0x00000006c1e00000, 0x00000006c1f00000|  0%| F|  |TS  0|AC  0|TAMS 0x00000006c1e00000, 0x00000006c1e00000|
|  17|0x00000006c1f00000, 0x00000006c1f00000, 0x00000006c2000000|  0%| F|  |TS  0|AC  0|TAMS 0x00000006c1f00000, 0x00000006c1f00000|
|  18|0x00000006c2000000, 0x00000006c2000000, 0x00000006c2100000|  0%| F|  |TS  0|AC  0|TAMS 0x00000006c2000000, 0x00000006c2000000|
|  19|0x00000006c2100000, 0x00000006c2100000, 0x00000006c2200000|  0%| F|  |TS  0|AC  0|TAMS 0x00000006c2100000, 0x00000006c2100000|
|  20|0x00000006c2200000, 0x00000006c2200000, 0x00000006c2300000|  0%| F|  |TS  0|AC  0|TAMS 0x00000006c2200000, 0x00000006c2200000|
|  21|0x00000006c2300000, 0x00000006c2300000, 0x00000006c2400000|  0%| F|  |TS  0|AC  0|TAMS 0x00000006c2300000, 0x00000006c2300000|
|  22|0x00000006c2400000, 0x00000006c2400000, 0x00000006c2500000|  0%| F|  |TS  0|AC  0|TAMS 0x00000006c2400000, 0x00000006c2400000|
|  23|0x00000006c2500000, 0x00000006c2500000, 0x00000006c2600000|  0%| F|  |TS  0|AC  0|TAMS 0x00000006c2500000, 0x00000006c2500000|
|  24|0x00000006c2600000, 0x00000006c2600000, 0x00000006c2700000|  0%| F|  |TS  0|AC  0|TAMS 0x00000006c2600000, 0x00000006c2600000|
|  25|0x00000006c2700000, 0x00000006c2700000, 0x00000006c2800000|  0%| F|  |TS  0|AC  0|TAMS 0x00000006c2700000, 0x00000006c2700000|
|  26|0x00000006c2800000, 0x00000006c2800000, 0x00000006c2900000|  0%| F|  |TS  0|AC  0|TAMS 0x00000006c2800000, 0x00000006c2800000|
|  27|0x00000006c2900000, 0x00000006c2900000, 0x00000006c2a00000|  0%| F|  |TS  0|AC  0|TAMS 0x00000006c2900000, 0x00000006c2900000|
|  28|0x00000006c2a00000, 0x00000006c2a00000, 0x00000006c2b00000|  0%| F|  |TS  0|AC  0|TAMS 0x00000006c2a00000, 0x00000006c2a00000|
|  29|0x00000006c2b00000, 0x00000006c2b00000, 0x00000006c2c00000|  0%| F|  |TS  0|AC  0|TAMS 0x00000006c2b00000, 0x00000006c2b00000|
|  30|0x00000006c2c00000, 0x00000006c2c00000, 0x00000006c2d00000|  0%| F|  |TS  0|AC  0|TAMS 0x00000006c2c00000, 0x00000006c2c00000|
|  31|0x00000006c2d00000, 0x00000006c2d00000, 0x00000006c2e00000|  0%| F|  |TS  0|AC  0|TAMS 0x00000006c2d00000, 0x00000006c2d00000|
|  32|0x00000006c2e00000, 0x00000006c2e00000, 0x00000006c2f00000|  0%| F|  |TS  0|AC  0|TAMS 0x00000006c2e00000, 0x00000006c2e00000|
|  33|0x00000006c2f00000, 0x00000006c2f00000, 0x00000006c3000000|  0%| F|  |TS  0|AC  0|TAMS 0x00000006c2f00000, 0x00000006c2f00000|
|  34|0x00000006c3000000, 0x00000006c3000000, 0x00000006c3100000|  0%| F|  |TS  0|AC  0|TAMS 0x00000006c3000000, 0x00000006c3000000|
|  35|0x00000006c3100000, 0x00000006c3100000, 0x00000006c3200000|  0%| F|  |TS  0|AC  0|TAMS 0x00000006c3100000, 0x00000006c3100000|
|  36|0x00000006c3200000, 0x00000006c3200000, 0x00000006c3300000|  0%| F|  |TS  0|AC  0|TAMS 0x00000006c3200000, 0x00000006c3200000|
|  37|0x00000006c3300000, 0x00000006c3300000, 0x00000006c3400000|  0%| F|  |TS  0|AC  0|TAMS 0x00000006c3300000, 0x00000006c3300000|
|  38|0x00000006c3400000, 0x00000006c3400000, 0x00000006c3500000|  0%| F|  |TS  0|AC  0|TAMS 0x00000006c3400000, 0x00000006c3400000|
|  39|0x00000006c3500000, 0x00000006c3500000, 0x00000006c3600000|  0%| F|  |TS  0|AC  0|TAMS 0x00000006c3500000, 0x00000006c3500000|
|  40|0x00000006c3600000, 0x00000006c3600000, 0x00000006c3700000|  0%| F|  |TS  0|AC  0|TAMS 0x00000006c3600000, 0x00000006c3600000|
|  41|0x00000006c3700000, 0x00000006c3700000, 0x00000006c3800000|  0%| F|  |TS  0|AC  0|TAMS 0x00000006c3700000, 0x00000006c3700000|
|  42|0x00000006c3800000, 0x00000006c3800000, 0x00000006c3900000|  0%| F|  |TS  0|AC  0|TAMS 0x00000006c3800000, 0x00000006c3800000|
|  43|0x00000006c3900000, 0x00000006c3900000, 0x00000006c3a00000|  0%| F|  |TS  0|AC  0|TAMS 0x00000006c3900000, 0x00000006c3900000|
|  44|0x00000006c3a00000, 0x00000006c3a00000, 0x00000006c3b00000|  0%| F|  |TS  0|AC  0|TAMS 0x00000006c3a00000, 0x00000006c3a00000|
|  45|0x00000006c3b00000, 0x00000006c3b00000, 0x00000006c3c00000|  0%| F|  |TS  0|AC  0|TAMS 0x00000006c3b00000, 0x00000006c3b00000|
|  46|0x00000006c3c00000, 0x00000006c3c00000, 0x00000006c3d00000|  0%| F|  |TS  0|AC  0|TAMS 0x00000006c3c00000, 0x00000006c3c00000|
|  47|0x00000006c3d00000, 0x00000006c3d00000, 0x00000006c3e00000|  0%| F|  |TS  0|AC  0|TAMS 0x00000006c3d00000, 0x00000006c3d00000|
|  48|0x00000006c3e00000, 0x00000006c3e00000, 0x00000006c3f00000|  0%| F|  |TS  0|AC  0|TAMS 0x00000006c3e00000, 0x00000006c3e00000|
|  49|0x00000006c3f00000, 0x00000006c3f00000, 0x00000006c4000000|  0%| F|  |TS  0|AC  0|TAMS 0x00000006c3f00000, 0x00000006c3f00000|
|  50|0x00000006c4000000, 0x00000006c4000000, 0x00000006c4100000|  0%| F|  |TS  0|AC  0|TAMS 0x00000006c4000000, 0x00000006c4000000|
|  51|0x00000006c4100000, 0x00000006c4100000, 0x00000006c4200000|  0%| F|  |TS  0|AC  0|TAMS 0x00000006c4100000, 0x00000006c4100000|
|  52|0x00000006c4200000, 0x00000006c4200000, 0x00000006c4300000|  0%| F|  |TS  0|AC  0|TAMS 0x00000006c4200000, 0x00000006c4200000|
|  53|0x00000006c4300000, 0x00000006c4300000, 0x00000006c4400000|  0%| F|  |TS  0|AC  0|TAMS 0x00000006c4300000, 0x00000006c4300000|
|  54|0x00000006c4400000, 0x00000006c4400000, 0x00000006c4500000|  0%| F|  |TS  0|AC  0|TAMS 0x00000006c4400000, 0x00000006c4400000|
|  55|0x00000006c4500000, 0x00000006c4500000, 0x00000006c4600000|  0%| F|  |TS  0|AC  0|TAMS 0x00000006c4500000, 0x00000006c4500000|
|  56|0x00000006c4600000, 0x00000006c4600000, 0x00000006c4700000|  0%| F|  |TS  0|AC  0|TAMS 0x00000006c4600000, 0x00000006c4600000|
|  57|0x00000006c4700000, 0x00000006c4700000, 0x00000006c4800000|  0%| F|  |TS  0|AC  0|TAMS 0x00000006c4700000, 0x00000006c4700000|
|  58|0x00000006c4800000, 0x00000006c4800000, 0x00000006c4900000|  0%| F|  |TS  0|AC  0|TAMS 0x00000006c4800000, 0x00000006c4800000|
|  59|0x00000006c4900000, 0x00000006c4900000, 0x00000006c4a00000|  0%| F|  |TS  0|AC  0|TAMS 0x00000006c4900000, 0x00000006c4900000|
|  60|0x00000006c4a00000, 0x00000006c4a00000, 0x00000006c4b00000|  0%| F|  |TS  0|AC  0|TAMS 0x00000006c4a00000, 0x00000006c4a00000|
|  61|0x00000006c4b00000, 0x00000006c4b00000, 0x00000006c4c00000|  0%| F|  |TS  0|AC  0|TAMS 0x00000006c4b00000, 0x00000006c4b00000|
|  62|0x00000006c4c00000, 0x00000006c4c00000, 0x00000006c4d00000|  0%| F|  |TS  0|AC  0|TAMS 0x00000006c4c00000, 0x00000006c4c00000|
|  63|0x00000006c4d00000, 0x00000006c4d00000, 0x00000006c4e00000|  0%| F|  |TS  0|AC  0|TAMS 0x00000006c4d00000, 0x00000006c4d00000|
|  64|0x00000006c4e00000, 0x00000006c4e00000, 0x00000006c4f00000|  0%| F|  |TS  0|AC  0|TAMS 0x00000006c4e00000, 0x00000006c4e00000|
|  65|0x00000006c4f00000, 0x00000006c4f00000, 0x00000006c5000000|  0%| F|  |TS  0|AC  0|TAMS 0x00000006c4f00000, 0x00000006c4f00000|
|  66|0x00000006c5000000, 0x00000006c5000000, 0x00000006c5100000|  0%| F|  |TS  0|AC  0|TAMS 0x00000006c5000000, 0x00000006c5000000|
|  67|0x00000006c5100000, 0x00000006c5100000, 0x00000006c5200000|  0%| F|  |TS  0|AC  0|TAMS 0x00000006c5100000, 0x00000006c5100000|
|  68|0x00000006c5200000, 0x00000006c5200000, 0x00000006c5300000|  0%| F|  |TS  0|AC  0|TAMS 0x00000006c5200000, 0x00000006c5200000|
|  69|0x00000006c5300000, 0x00000006c5300000, 0x00000006c5400000|  0%| F|  |TS  0|AC  0|TAMS 0x00000006c5300000, 0x00000006c5300000|
|  70|0x00000006c5400000, 0x00000006c5400000, 0x00000006c5500000|  0%| F|  |TS  0|AC  0|TAMS 0x00000006c5400000, 0x00000006c5400000|
|  71|0x00000006c5500000, 0x00000006c5500000, 0x00000006c5600000|  0%| F|  |TS  0|AC  0|TAMS 0x00000006c5500000, 0x00000006c5500000|
|  72|0x00000006c5600000, 0x00000006c5600000, 0x00000006c5700000|  0%| F|  |TS  0|AC  0|TAMS 0x00000006c5600000, 0x00000006c5600000|
|  73|0x00000006c5700000, 0x00000006c5700000, 0x00000006c5800000|  0%| F|  |TS  0|AC  0|TAMS 0x00000006c5700000, 0x00000006c5700000|
|  74|0x00000006c5800000, 0x00000006c5800000, 0x00000006c5900000|  0%| F|  |TS  0|AC  0|TAMS 0x00000006c5800000, 0x00000006c5800000|
|  75|0x00000006c5900000, 0x00000006c5900000, 0x00000006c5a00000|  0%| F|  |TS  0|AC  0|TAMS 0x00000006c5900000, 0x00000006c5900000|
|  76|0x00000006c5a00000, 0x00000006c5a00000, 0x00000006c5b00000|  0%| F|  |TS  0|AC  0|TAMS 0x00000006c5a00000, 0x00000006c5a00000|
|  77|0x00000006c5b00000, 0x00000006c5b00000, 0x00000006c5c00000|  0%| F|  |TS  0|AC  0|TAMS 0x00000006c5b00000, 0x00000006c5b00000|
|  78|0x00000006c5c00000, 0x00000006c5c00000, 0x00000006c5d00000|  0%| F|  |TS  0|AC  0|TAMS 0x00000006c5c00000, 0x00000006c5c00000|
|  79|0x00000006c5d00000, 0x00000006c5d00000, 0x00000006c5e00000|  0%| F|  |TS  0|AC  0|TAMS 0x00000006c5d00000, 0x00000006c5d00000|
|  80|0x00000006c5e00000, 0x00000006c5e00000, 0x00000006c5f00000|  0%| F|  |TS  0|AC  0|TAMS 0x00000006c5e00000, 0x00000006c5e00000|
|  81|0x00000006c5f00000, 0x00000006c5f00000, 0x00000006c6000000|  0%| F|  |TS  0|AC  0|TAMS 0x00000006c5f00000, 0x00000006c5f00000|
|  82|0x00000006c6000000, 0x00000006c6000000, 0x00000006c6100000|  0%| F|  |TS  0|AC  0|TAMS 0x00000006c6000000, 0x00000006c6000000|
|  83|0x00000006c6100000, 0x00000006c6100000, 0x00000006c6200000|  0%| F|  |TS  0|AC  0|TAMS 0x00000006c6100000, 0x00000006c6100000|
|  84|0x00000006c6200000, 0x00000006c6200000, 0x00000006c6300000|  0%| F|  |TS  0|AC  0|TAMS 0x00000006c6200000, 0x00000006c6200000|
|  85|0x00000006c6300000, 0x00000006c6300000, 0x00000006c6400000|  0%| F|  |TS  0|AC  0|TAMS 0x00000006c6300000, 0x00000006c6300000|
|  86|0x00000006c6400000, 0x00000006c6400000, 0x00000006c6500000|  0%| F|  |TS  0|AC  0|TAMS 0x00000006c6400000, 0x00000006c6400000|
|  87|0x00000006c6500000, 0x00000006c6500000, 0x00000006c6600000|  0%| F|  |TS  0|AC  0|TAMS 0x00000006c6500000, 0x00000006c6500000|
|  88|0x00000006c6600000, 0x00000006c6600000, 0x00000006c6700000|  0%| F|  |TS  0|AC  0|TAMS 0x00000006c6600000, 0x00000006c6600000|
|  89|0x00000006c6700000, 0x00000006c6700000, 0x00000006c6800000|  0%| F|  |TS  0|AC  0|TAMS 0x00000006c6700000, 0x00000006c6700000|
|  90|0x00000006c6800000, 0x00000006c6800000, 0x00000006c6900000|  0%| F|  |TS  0|AC  0|TAMS 0x00000006c6800000, 0x00000006c6800000|
|  91|0x00000006c6900000, 0x00000006c6900000, 0x00000006c6a00000|  0%| F|  |TS  0|AC  0|TAMS 0x00000006c6900000, 0x00000006c6900000|
|  92|0x00000006c6a00000, 0x00000006c6a00000, 0x00000006c6b00000|  0%| F|  |TS  0|AC  0|TAMS 0x00000006c6a00000, 0x00000006c6a00000|
|  93|0x00000006c6b00000, 0x00000006c6b00000, 0x00000006c6c00000|  0%| F|  |TS  0|AC  0|TAMS 0x00000006c6b00000, 0x00000006c6b00000|
|  94|0x00000006c6c00000, 0x00000006c6c00000, 0x00000006c6d00000|  0%| F|  |TS  0|AC  0|TAMS 0x00000006c6c00000, 0x00000006c6c00000|
|  95|0x00000006c6d00000, 0x00000006c6d00000, 0x00000006c6e00000|  0%| F|  |TS  0|AC  0|TAMS 0x00000006c6d00000, 0x00000006c6d00000|
|  96|0x00000006c6e00000, 0x00000006c6e00000, 0x00000006c6f00000|  0%| F|  |TS  0|AC  0|TAMS 0x00000006c6e00000, 0x00000006c6e00000|
|  97|0x00000006c6f00000, 0x00000006c6f00000, 0x00000006c7000000|  0%| F|  |TS  0|AC  0|TAMS 0x00000006c6f00000, 0x00000006c6f00000|
|  98|0x00000006c7000000, 0x00000006c7000000, 0x00000006c7100000|  0%| F|  |TS  0|AC  0|TAMS 0x00000006c7000000, 0x00000006c7000000|
|  99|0x00000006c7100000, 0x00000006c7100000, 0x00000006c7200000|  0%| F|  |TS  0|AC  0|TAMS 0x00000006c7100000, 0x00000006c7100000|
| 100|0x00000006c7200000, 0x00000006c7200000, 0x00000006c7300000|  0%| F|  |TS  0|AC  0|TAMS 0x00000006c7200000, 0x00000006c7200000|
| 101|0x00000006c7300000, 0x00000006c7300000, 0x00000006c7400000|  0%| F|  |TS  0|AC  0|TAMS 0x00000006c7300000, 0x00000006c7300000|
| 102|0x00000006c7400000, 0x00000006c7400000, 0x00000006c7500000|  0%| F|  |TS  0|AC  0|TAMS 0x00000006c7400000, 0x00000006c7400000|
| 103|0x00000006c7500000, 0x00000006c7500000, 0x00000006c7600000|  0%| F|  |TS  0|AC  0|TAMS 0x00000006c7500000, 0x00000006c7500000|
| 104|0x00000006c7600000, 0x00000006c7600000, 0x00000006c7700000|  0%| F|  |TS  0|AC  0|TAMS 0x00000006c7600000, 0x00000006c7600000|
| 105|0x00000006c7700000, 0x00000006c7700000, 0x00000006c7800000|  0%| F|  |TS  0|AC  0|TAMS 0x00000006c7700000, 0x00000006c7700000|
| 106|0x00000006c7800000, 0x00000006c7800000, 0x00000006c7900000|  0%| F|  |TS  0|AC  0|TAMS 0x00000006c7800000, 0x00000006c7800000|
| 107|0x00000006c7900000, 0x00000006c7900000, 0x00000006c7a00000|  0%| F|  |TS  0|AC  0|TAMS 0x00000006c7900000, 0x00000006c7900000|
| 108|0x00000006c7a00000, 0x00000006c7a00000, 0x00000006c7b00000|  0%| F|  |TS  0|AC  0|TAMS 0x00000006c7a00000, 0x00000006c7a00000|
| 109|0x00000006c7b00000, 0x00000006c7b00000, 0x00000006c7c00000|  0%| F|  |TS  0|AC  0|TAMS 0x00000006c7b00000, 0x00000006c7b00000|
| 110|0x00000006c7c00000, 0x00000006c7c00000, 0x00000006c7d00000|  0%| F|  |TS  0|AC  0|TAMS 0x00000006c7c00000, 0x00000006c7c00000|
| 111|0x00000006c7d00000, 0x00000006c7d00000, 0x00000006c7e00000|  0%| F|  |TS  0|AC  0|TAMS 0x00000006c7d00000, 0x00000006c7d00000|
| 112|0x00000006c7e00000, 0x00000006c7e00000, 0x00000006c7f00000|  0%| F|  |TS  0|AC  0|TAMS 0x00000006c7e00000, 0x00000006c7e00000|
| 113|0x00000006c7f00000, 0x00000006c7f00000, 0x00000006c8000000|  0%| F|  |TS  0|AC  0|TAMS 0x00000006c7f00000, 0x00000006c7f00000|
| 114|0x00000006c8000000, 0x00000006c8000000, 0x00000006c8100000|  0%| F|  |TS  0|AC  0|TAMS 0x00000006c8000000, 0x00000006c8000000|
| 115|0x00000006c8100000, 0x00000006c8100000, 0x00000006c8200000|  0%| F|  |TS  0|AC  0|TAMS 0x00000006c8100000, 0x00000006c8100000|
| 116|0x00000006c8200000, 0x00000006c8200000, 0x00000006c8300000|  0%| F|  |TS  0|AC  0|TAMS 0x00000006c8200000, 0x00000006c8200000|
| 117|0x00000006c8300000, 0x00000006c8300000, 0x00000006c8400000|  0%| F|  |TS  0|AC  0|TAMS 0x00000006c8300000, 0x00000006c8300000|
| 118|0x00000006c8400000, 0x00000006c8400000, 0x00000006c8500000|  0%| F|  |TS  0|AC  0|TAMS 0x00000006c8400000, 0x00000006c8400000|
| 119|0x00000006c8500000, 0x00000006c8500000, 0x00000006c8600000|  0%| F|  |TS  0|AC  0|TAMS 0x00000006c8500000, 0x00000006c8500000|
| 120|0x00000006c8600000, 0x00000006c8600000, 0x00000006c8700000|  0%| F|  |TS  0|AC  0|TAMS 0x00000006c8600000, 0x00000006c8600000|
| 121|0x00000006c8700000, 0x00000006c8700000, 0x00000006c8800000|  0%| F|  |TS  0|AC  0|TAMS 0x00000006c8700000, 0x00000006c8700000|
| 122|0x00000006c8800000, 0x00000006c8800000, 0x00000006c8900000|  0%| F|  |TS  0|AC  0|TAMS 0x00000006c8800000, 0x00000006c8800000|
| 123|0x00000006c8900000, 0x00000006c8900000, 0x00000006c8a00000|  0%| F|  |TS  0|AC  0|TAMS 0x00000006c8900000, 0x00000006c8900000|
| 124|0x00000006c8a00000, 0x00000006c8a00000, 0x00000006c8b00000|  0%| F|  |TS  0|AC  0|TAMS 0x00000006c8a00000, 0x00000006c8a00000|
| 125|0x00000006c8b00000, 0x00000006c8b00000, 0x00000006c8c00000|  0%| F|  |TS  0|AC  0|TAMS 0x00000006c8b00000, 0x00000006c8b00000|
| 126|0x00000006c8c00000, 0x00000006c8c00000, 0x00000006c8d00000|  0%| F|  |TS  0|AC  0|TAMS 0x00000006c8c00000, 0x00000006c8c00000|
| 127|0x00000006c8d00000, 0x00000006c8d00000, 0x00000006c8e00000|  0%| F|  |TS  0|AC  0|TAMS 0x00000006c8d00000, 0x00000006c8d00000|
| 128|0x00000006c8e00000, 0x00000006c8e00000, 0x00000006c8f00000|  0%| F|  |TS  0|AC  0|TAMS 0x00000006c8e00000, 0x00000006c8e00000|
| 129|0x00000006c8f00000, 0x00000006c8f00000, 0x00000006c9000000|  0%| F|  |TS  0|AC  0|TAMS 0x00000006c8f00000, 0x00000006c8f00000|
| 130|0x00000006c9000000, 0x00000006c9000000, 0x00000006c9100000|  0%| F|  |TS  0|AC  0|TAMS 0x00000006c9000000, 0x00000006c9000000|
| 131|0x00000006c9100000, 0x00000006c9100000, 0x00000006c9200000|  0%| F|  |TS  0|AC  0|TAMS 0x00000006c9100000, 0x00000006c9100000|
| 132|0x00000006c9200000, 0x00000006c9200000, 0x00000006c9300000|  0%| F|  |TS  0|AC  0|TAMS 0x00000006c9200000, 0x00000006c9200000|
| 133|0x00000006c9300000, 0x00000006c9300000, 0x00000006c9400000|  0%| F|  |TS  0|AC  0|TAMS 0x00000006c9300000, 0x00000006c9300000|
| 134|0x00000006c9400000, 0x00000006c9400000, 0x00000006c9500000|  0%| F|  |TS  0|AC  0|TAMS 0x00000006c9400000, 0x00000006c9400000|
| 135|0x00000006c9500000, 0x00000006c9500000, 0x00000006c9600000|  0%| F|  |TS  0|AC  0|TAMS 0x00000006c9500000, 0x00000006c9500000|
| 136|0x00000006c9600000, 0x00000006c9600000, 0x00000006c9700000|  0%| F|  |TS  0|AC  0|TAMS 0x00000006c9600000, 0x00000006c9600000|
| 137|0x00000006c9700000, 0x00000006c9700000, 0x00000006c9800000|  0%| F|  |TS  0|AC  0|TAMS 0x00000006c9700000, 0x00000006c9700000|
| 138|0x00000006c9800000, 0x00000006c9800000, 0x00000006c9900000|  0%| F|  |TS  0|AC  0|TAMS 0x00000006c9800000, 0x00000006c9800000|
| 139|0x00000006c9900000, 0x00000006c9900000, 0x00000006c9a00000|  0%| F|  |TS  0|AC  0|TAMS 0x00000006c9900000, 0x00000006c9900000|
| 140|0x00000006c9a00000, 0x00000006c9a00000, 0x00000006c9b00000|  0%| F|  |TS  0|AC  0|TAMS 0x00000006c9a00000, 0x00000006c9a00000|
| 141|0x00000006c9b00000, 0x00000006c9b00000, 0x00000006c9c00000|  0%| F|  |TS  0|AC  0|TAMS 0x00000006c9b00000, 0x00000006c9b00000|
| 142|0x00000006c9c00000, 0x00000006c9c00000, 0x00000006c9d00000|  0%| F|  |TS  0|AC  0|TAMS 0x00000006c9c00000, 0x00000006c9c00000|
| 143|0x00000006c9d00000, 0x00000006c9d00000, 0x00000006c9e00000|  0%| F|  |TS  0|AC  0|TAMS 0x00000006c9d00000, 0x00000006c9d00000|
| 144|0x00000006c9e00000, 0x00000006c9e00000, 0x00000006c9f00000|  0%| F|  |TS  0|AC  0|TAMS 0x00000006c9e00000, 0x00000006c9e00000|
| 145|0x00000006c9f00000, 0x00000006c9f00000, 0x00000006ca000000|  0%| F|  |TS  0|AC  0|TAMS 0x00000006c9f00000, 0x00000006c9f00000|
| 146|0x00000006ca000000, 0x00000006ca000000, 0x00000006ca100000|  0%| F|  |TS  0|AC  0|TAMS 0x00000006ca000000, 0x00000006ca000000|
| 147|0x00000006ca100000, 0x00000006ca100000, 0x00000006ca200000|  0%| F|  |TS  0|AC  0|TAMS 0x00000006ca100000, 0x00000006ca100000|
| 148|0x00000006ca200000, 0x00000006ca200000, 0x00000006ca300000|  0%| F|  |TS  0|AC  0|TAMS 0x00000006ca200000, 0x00000006ca200000|
| 149|0x00000006ca300000, 0x00000006ca300000, 0x00000006ca400000|  0%| F|  |TS  0|AC  0|TAMS 0x00000006ca300000, 0x00000006ca300000|
| 150|0x00000006ca400000, 0x00000006ca400000, 0x00000006ca500000|  0%| F|  |TS  0|AC  0|TAMS 0x00000006ca400000, 0x00000006ca400000|
| 151|0x00000006ca500000, 0x00000006ca500000, 0x00000006ca600000|  0%| F|  |TS  0|AC  0|TAMS 0x00000006ca500000, 0x00000006ca500000|
| 152|0x00000006ca600000, 0x00000006ca600000, 0x00000006ca700000|  0%| F|  |TS  0|AC  0|TAMS 0x00000006ca600000, 0x00000006ca600000|
| 153|0x00000006ca700000, 0x00000006ca700000, 0x00000006ca800000|  0%| F|  |TS  0|AC  0|TAMS 0x00000006ca700000, 0x00000006ca700000|
| 154|0x00000006ca800000, 0x00000006ca800000, 0x00000006ca900000|  0%| F|  |TS  0|AC  0|TAMS 0x00000006ca800000, 0x00000006ca800000|
| 155|0x00000006ca900000, 0x00000006ca900000, 0x00000006caa00000|  0%| F|  |TS  0|AC  0|TAMS 0x00000006ca900000, 0x00000006ca900000|
| 156|0x00000006caa00000, 0x00000006caa00000, 0x00000006cab00000|  0%| F|  |TS  0|AC  0|TAMS 0x00000006caa00000, 0x00000006caa00000|
| 157|0x00000006cab00000, 0x00000006cab00000, 0x00000006cac00000|  0%| F|  |TS  0|AC  0|TAMS 0x00000006cab00000, 0x00000006cab00000|
| 158|0x00000006cac00000, 0x00000006cac00000, 0x00000006cad00000|  0%| F|  |TS  0|AC  0|TAMS 0x00000006cac00000, 0x00000006cac00000|
| 159|0x00000006cad00000, 0x00000006cad00000, 0x00000006cae00000|  0%| F|  |TS  0|AC  0|TAMS 0x00000006cad00000, 0x00000006cad00000|
| 160|0x00000006cae00000, 0x00000006cae00000, 0x00000006caf00000|  0%| F|  |TS  0|AC  0|TAMS 0x00000006cae00000, 0x00000006cae00000|
| 161|0x00000006caf00000, 0x00000006caf00000, 0x00000006cb000000|  0%| F|  |TS  0|AC  0|TAMS 0x00000006caf00000, 0x00000006caf00000|
| 162|0x00000006cb000000, 0x00000006cb000000, 0x00000006cb100000|  0%| F|  |TS  0|AC  0|TAMS 0x00000006cb000000, 0x00000006cb000000|
| 163|0x00000006cb100000, 0x00000006cb100000, 0x00000006cb200000|  0%| F|  |TS  0|AC  0|TAMS 0x00000006cb100000, 0x00000006cb100000|
| 164|0x00000006cb200000, 0x00000006cb200000, 0x00000006cb300000|  0%| F|  |TS  0|AC  0|TAMS 0x00000006cb200000, 0x00000006cb200000|
| 165|0x00000006cb300000, 0x00000006cb300000, 0x00000006cb400000|  0%| F|  |TS  0|AC  0|TAMS 0x00000006cb300000, 0x00000006cb300000|
| 166|0x00000006cb400000, 0x00000006cb400000, 0x00000006cb500000|  0%| F|  |TS  0|AC  0|TAMS 0x00000006cb400000, 0x00000006cb400000|
| 167|0x00000006cb500000, 0x00000006cb500000, 0x00000006cb600000|  0%| F|  |TS  0|AC  0|TAMS 0x00000006cb500000, 0x00000006cb500000|
| 168|0x00000006cb600000, 0x00000006cb600000, 0x00000006cb700000|  0%| F|  |TS  0|AC  0|TAMS 0x00000006cb600000, 0x00000006cb600000|
| 169|0x00000006cb700000, 0x00000006cb700000, 0x00000006cb800000|  0%| F|  |TS  0|AC  0|TAMS 0x00000006cb700000, 0x00000006cb700000|
| 170|0x00000006cb800000, 0x00000006cb800000, 0x00000006cb900000|  0%| F|  |TS  0|AC  0|TAMS 0x00000006cb800000, 0x00000006cb800000|
| 171|0x00000006cb900000, 0x00000006cb900000, 0x00000006cba00000|  0%| F|  |TS  0|AC  0|TAMS 0x00000006cb900000, 0x00000006cb900000|
| 172|0x00000006cba00000, 0x00000006cba00000, 0x00000006cbb00000|  0%| F|  |TS  0|AC  0|TAMS 0x00000006cba00000, 0x00000006cba00000|
| 173|0x00000006cbb00000, 0x00000006cbb00000, 0x00000006cbc00000|  0%| F|  |TS  0|AC  0|TAMS 0x00000006cbb00000, 0x00000006cbb00000|
| 174|0x00000006cbc00000, 0x00000006cbc00000, 0x00000006cbd00000|  0%| F|  |TS  0|AC  0|TAMS 0x00000006cbc00000, 0x00000006cbc00000|
| 175|0x00000006cbd00000, 0x00000006cbd00000, 0x00000006cbe00000|  0%| F|  |TS  0|AC  0|TAMS 0x00000006cbd00000, 0x00000006cbd00000|
| 176|0x00000006cbe00000, 0x00000006cbe00000, 0x00000006cbf00000|  0%| F|  |TS  0|AC  0|TAMS 0x00000006cbe00000, 0x00000006cbe00000|
| 177|0x00000006cbf00000, 0x00000006cbf00000, 0x00000006cc000000|  0%| F|  |TS  0|AC  0|TAMS 0x00000006cbf00000, 0x00000006cbf00000|
| 178|0x00000006cc000000, 0x00000006cc000000, 0x00000006cc100000|  0%| F|  |TS  0|AC  0|TAMS 0x00000006cc000000, 0x00000006cc000000|
| 179|0x00000006cc100000, 0x00000006cc100000, 0x00000006cc200000|  0%| F|  |TS  0|AC  0|TAMS 0x00000006cc100000, 0x00000006cc100000|
| 180|0x00000006cc200000, 0x00000006cc200000, 0x00000006cc300000|  0%| F|  |TS  0|AC  0|TAMS 0x00000006cc200000, 0x00000006cc200000|
| 181|0x00000006cc300000, 0x00000006cc300000, 0x00000006cc400000|  0%| F|  |TS  0|AC  0|TAMS 0x00000006cc300000, 0x00000006cc300000|
| 182|0x00000006cc400000, 0x00000006cc400000, 0x00000006cc500000|  0%| F|  |TS  0|AC  0|TAMS 0x00000006cc400000, 0x00000006cc400000|
| 183|0x00000006cc500000, 0x00000006cc500000, 0x00000006cc600000|  0%| F|  |TS  0|AC  0|TAMS 0x00000006cc500000, 0x00000006cc500000|
| 184|0x00000006cc600000, 0x00000006cc600000, 0x00000006cc700000|  0%| F|  |TS  0|AC  0|TAMS 0x00000006cc600000, 0x00000006cc600000|
| 185|0x00000006cc700000, 0x00000006cc700000, 0x00000006cc800000|  0%| F|  |TS  0|AC  0|TAMS 0x00000006cc700000, 0x00000006cc700000|
| 186|0x00000006cc800000, 0x00000006cc800000, 0x00000006cc900000|  0%| F|  |TS  0|AC  0|TAMS 0x00000006cc800000, 0x00000006cc800000|
| 187|0x00000006cc900000, 0x00000006cc900000, 0x00000006cca00000|  0%| F|  |TS  0|AC  0|TAMS 0x00000006cc900000, 0x00000006cc900000|
| 188|0x00000006cca00000, 0x00000006cca00000, 0x00000006ccb00000|  0%| F|  |TS  0|AC  0|TAMS 0x00000006cca00000, 0x00000006cca00000|
| 189|0x00000006ccb00000, 0x00000006ccb00000, 0x00000006ccc00000|  0%| F|  |TS  0|AC  0|TAMS 0x00000006ccb00000, 0x00000006ccb00000|
| 190|0x00000006ccc00000, 0x00000006ccc00000, 0x00000006ccd00000|  0%| F|  |TS  0|AC  0|TAMS 0x00000006ccc00000, 0x00000006ccc00000|
| 191|0x00000006ccd00000, 0x00000006ccd00000, 0x00000006cce00000|  0%| F|  |TS  0|AC  0|TAMS 0x00000006ccd00000, 0x00000006ccd00000|
| 192|0x00000006cce00000, 0x00000006cce00000, 0x00000006ccf00000|  0%| F|  |TS  0|AC  0|TAMS 0x00000006cce00000, 0x00000006cce00000|
| 193|0x00000006ccf00000, 0x00000006ccf00000, 0x00000006cd000000|  0%| F|  |TS  0|AC  0|TAMS 0x00000006ccf00000, 0x00000006ccf00000|
| 194|0x00000006cd000000, 0x00000006cd000000, 0x00000006cd100000|  0%| F|  |TS  0|AC  0|TAMS 0x00000006cd000000, 0x00000006cd000000|
| 195|0x00000006cd100000, 0x00000006cd100000, 0x00000006cd200000|  0%| F|  |TS  0|AC  0|TAMS 0x00000006cd100000, 0x00000006cd100000|
| 196|0x00000006cd200000, 0x00000006cd200000, 0x00000006cd300000|  0%| F|  |TS  0|AC  0|TAMS 0x00000006cd200000, 0x00000006cd200000|
| 197|0x00000006cd300000, 0x00000006cd300000, 0x00000006cd400000|  0%| F|  |TS  0|AC  0|TAMS 0x00000006cd300000, 0x00000006cd300000|
| 198|0x00000006cd400000, 0x00000006cd400000, 0x00000006cd500000|  0%| F|  |TS  0|AC  0|TAMS 0x00000006cd400000, 0x00000006cd400000|
| 199|0x00000006cd500000, 0x00000006cd500000, 0x00000006cd600000|  0%| F|  |TS  0|AC  0|TAMS 0x00000006cd500000, 0x00000006cd500000|
| 200|0x00000006cd600000, 0x00000006cd600000, 0x00000006cd700000|  0%| F|  |TS  0|AC  0|TAMS 0x00000006cd600000, 0x00000006cd600000|
| 201|0x00000006cd700000, 0x00000006cd700000, 0x00000006cd800000|  0%| F|  |TS  0|AC  0|TAMS 0x00000006cd700000, 0x00000006cd700000|
| 202|0x00000006cd800000, 0x00000006cd800000, 0x00000006cd900000|  0%| F|  |TS  0|AC  0|TAMS 0x00000006cd800000, 0x00000006cd800000|
| 203|0x00000006cd900000, 0x00000006cd900000, 0x00000006cda00000|  0%| F|  |TS  0|AC  0|TAMS 0x00000006cd900000, 0x00000006cd900000|
| 204|0x00000006cda00000, 0x00000006cda00000, 0x00000006cdb00000|  0%| F|  |TS  0|AC  0|TAMS 0x00000006cda00000, 0x00000006cda00000|
| 205|0x00000006cdb00000, 0x00000006cdb00000, 0x00000006cdc00000|  0%| F|  |TS  0|AC  0|TAMS 0x00000006cdb00000, 0x00000006cdb00000|
| 206|0x00000006cdc00000, 0x00000006cdc00000, 0x00000006cdd00000|  0%| F|  |TS  0|AC  0|TAMS 0x00000006cdc00000, 0x00000006cdc00000|
| 207|0x00000006cdd00000, 0x00000006cdd00000, 0x00000006cde00000|  0%| F|  |TS  0|AC  0|TAMS 0x00000006cdd00000, 0x00000006cdd00000|
| 208|0x00000006cde00000, 0x00000006cde00000, 0x00000006cdf00000|  0%| F|  |TS  0|AC  0|TAMS 0x00000006cde00000, 0x00000006cde00000|
| 209|0x00000006cdf00000, 0x00000006cdf00000, 0x00000006ce000000|  0%| F|  |TS  0|AC  0|TAMS 0x00000006cdf00000, 0x00000006cdf00000|
| 210|0x00000006ce000000, 0x00000006ce000000, 0x00000006ce100000|  0%| F|  |TS  0|AC  0|TAMS 0x00000006ce000000, 0x00000006ce000000|
| 211|0x00000006ce100000, 0x00000006ce100000, 0x00000006ce200000|  0%| F|  |TS  0|AC  0|TAMS 0x00000006ce100000, 0x00000006ce100000|
| 212|0x00000006ce200000, 0x00000006ce200000, 0x00000006ce300000|  0%| F|  |TS  0|AC  0|TAMS 0x00000006ce200000, 0x00000006ce200000|
| 213|0x00000006ce300000, 0x00000006ce300000, 0x00000006ce400000|  0%| F|  |TS  0|AC  0|TAMS 0x00000006ce300000, 0x00000006ce300000|
| 214|0x00000006ce400000, 0x00000006ce400000, 0x00000006ce500000|  0%| F|  |TS  0|AC  0|TAMS 0x00000006ce400000, 0x00000006ce400000|
| 215|0x00000006ce500000, 0x00000006ce500000, 0x00000006ce600000|  0%| F|  |TS  0|AC  0|TAMS 0x00000006ce500000, 0x00000006ce500000|
| 216|0x00000006ce600000, 0x00000006ce600000, 0x00000006ce700000|  0%| F|  |TS  0|AC  0|TAMS 0x00000006ce600000, 0x00000006ce600000|
| 217|0x00000006ce700000, 0x00000006ce71bca0, 0x00000006ce800000| 10%| S|CS|TS  0|AC  0|TAMS 0x00000006ce700000, 0x00000006ce700000|
| 218|0x00000006ce800000, 0x00000006ce900000, 0x00000006ce900000|100%| S|CS|TS  0|AC  0|TAMS 0x00000006ce800000, 0x00000006ce800000|
| 219|0x00000006ce900000, 0x00000006cea00000, 0x00000006cea00000|100%| S|CS|TS  0|AC  0|TAMS 0x00000006ce900000, 0x00000006ce900000|
| 220|0x00000006cea00000, 0x00000006ceb00000, 0x00000006ceb00000|100%| S|CS|TS  0|AC  0|TAMS 0x00000006cea00000, 0x00000006cea00000|
| 221|0x00000006ceb00000, 0x00000006cec00000, 0x00000006cec00000|100%| S|CS|TS  0|AC  0|TAMS 0x00000006ceb00000, 0x00000006ceb00000|
| 222|0x00000006cec00000, 0x00000006ced00000, 0x00000006ced00000|100%| S|CS|TS  0|AC  0|TAMS 0x00000006cec00000, 0x00000006cec00000|
| 223|0x00000006ced00000, 0x00000006cee00000, 0x00000006cee00000|100%| S|CS|TS  0|AC  0|TAMS 0x00000006ced00000, 0x00000006ced00000|
| 224|0x00000006cee00000, 0x00000006cee3a438, 0x00000006cef00000| 22%| E|  |TS  0|AC  0|TAMS 0x00000006cee00000, 0x00000006cee00000|
| 225|0x00000006cef00000, 0x00000006cf000000, 0x00000006cf000000|100%| E|CS|TS  0|AC  0|TAMS 0x00000006cef00000, 0x00000006cef00000|
| 226|0x00000006cf000000, 0x00000006cf100000, 0x00000006cf100000|100%| E|CS|TS  0|AC  0|TAMS 0x00000006cf000000, 0x00000006cf000000|
| 227|0x00000006cf100000, 0x00000006cf200000, 0x00000006cf200000|100%| E|CS|TS  0|AC  0|TAMS 0x00000006cf100000, 0x00000006cf100000|
| 228|0x00000006cf200000, 0x00000006cf300000, 0x00000006cf300000|100%| E|CS|TS  0|AC  0|TAMS 0x00000006cf200000, 0x00000006cf200000|
| 229|0x00000006cf300000, 0x00000006cf400000, 0x00000006cf400000|100%| E|CS|TS  0|AC  0|TAMS 0x00000006cf300000, 0x00000006cf300000|
| 230|0x00000006cf400000, 0x00000006cf500000, 0x00000006cf500000|100%| E|CS|TS  0|AC  0|TAMS 0x00000006cf400000, 0x00000006cf400000|
| 231|0x00000006cf500000, 0x00000006cf600000, 0x00000006cf600000|100%| E|CS|TS  0|AC  0|TAMS 0x00000006cf500000, 0x00000006cf500000|
| 232|0x00000006cf600000, 0x00000006cf700000, 0x00000006cf700000|100%| E|CS|TS  0|AC  0|TAMS 0x00000006cf600000, 0x00000006cf600000|
| 233|0x00000006cf700000, 0x00000006cf800000, 0x00000006cf800000|100%| E|CS|TS  0|AC  0|TAMS 0x00000006cf700000, 0x00000006cf700000|
| 234|0x00000006cf800000, 0x00000006cf900000, 0x00000006cf900000|100%| E|CS|TS  0|AC  0|TAMS 0x00000006cf800000, 0x00000006cf800000|
| 235|0x00000006cf900000, 0x00000006cfa00000, 0x00000006cfa00000|100%| E|CS|TS  0|AC  0|TAMS 0x00000006cf900000, 0x00000006cf900000|
| 236|0x00000006cfa00000, 0x00000006cfb00000, 0x00000006cfb00000|100%| E|CS|TS  0|AC  0|TAMS 0x00000006cfa00000, 0x00000006cfa00000|
| 237|0x00000006cfb00000, 0x00000006cfc00000, 0x00000006cfc00000|100%| E|CS|TS  0|AC  0|TAMS 0x00000006cfb00000, 0x00000006cfb00000|
| 238|0x00000006cfc00000, 0x00000006cfd00000, 0x00000006cfd00000|100%| E|CS|TS  0|AC  0|TAMS 0x00000006cfc00000, 0x00000006cfc00000|
| 239|0x00000006cfd00000, 0x00000006cfe00000, 0x00000006cfe00000|100%| E|CS|TS  0|AC  0|TAMS 0x00000006cfd00000, 0x00000006cfd00000|
| 240|0x00000006cfe00000, 0x00000006cff00000, 0x00000006cff00000|100%| E|CS|TS  0|AC  0|TAMS 0x00000006cfe00000, 0x00000006cfe00000|
| 241|0x00000006cff00000, 0x00000006d0000000, 0x00000006d0000000|100%| E|CS|TS  0|AC  0|TAMS 0x00000006cff00000, 0x00000006cff00000|
| 242|0x00000006d0000000, 0x00000006d0100000, 0x00000006d0100000|100%| E|CS|TS  0|AC  0|TAMS 0x00000006d0000000, 0x00000006d0000000|
| 243|0x00000006d0100000, 0x00000006d0200000, 0x00000006d0200000|100%| E|CS|TS  0|AC  0|TAMS 0x00000006d0100000, 0x00000006d0100000|
| 244|0x00000006d0200000, 0x00000006d0300000, 0x00000006d0300000|100%| E|CS|TS  0|AC  0|TAMS 0x00000006d0200000, 0x00000006d0200000|
| 245|0x00000006d0300000, 0x00000006d0400000, 0x00000006d0400000|100%| E|CS|TS  0|AC  0|TAMS 0x00000006d0300000, 0x00000006d0300000|
| 246|0x00000006d0400000, 0x00000006d0500000, 0x00000006d0500000|100%| E|CS|TS  0|AC  0|TAMS 0x00000006d0400000, 0x00000006d0400000|
| 247|0x00000006d0500000, 0x00000006d0600000, 0x00000006d0600000|100%| E|CS|TS  0|AC  0|TAMS 0x00000006d0500000, 0x00000006d0500000|
| 248|0x00000006d0600000, 0x00000006d0700000, 0x00000006d0700000|100%| E|CS|TS  0|AC  0|TAMS 0x00000006d0600000, 0x00000006d0600000|
| 249|0x00000006d0700000, 0x00000006d0800000, 0x00000006d0800000|100%| E|CS|TS  0|AC  0|TAMS 0x00000006d0700000, 0x00000006d0700000|
| 250|0x00000006d0800000, 0x00000006d0900000, 0x00000006d0900000|100%| E|CS|TS  0|AC  0|TAMS 0x00000006d0800000, 0x00000006d0800000|
| 251|0x00000006d0900000, 0x00000006d0a00000, 0x00000006d0a00000|100%| E|CS|TS  0|AC  0|TAMS 0x00000006d0900000, 0x00000006d0900000|
| 252|0x00000006d0a00000, 0x00000006d0b00000, 0x00000006d0b00000|100%| E|CS|TS  0|AC  0|TAMS 0x00000006d0a00000, 0x00000006d0a00000|
| 253|0x00000006d0b00000, 0x00000006d0c00000, 0x00000006d0c00000|100%| E|CS|TS  0|AC  0|TAMS 0x00000006d0b00000, 0x00000006d0b00000|
| 254|0x00000006d0c00000, 0x00000006d0d00000, 0x00000006d0d00000|100%| E|CS|TS  0|AC  0|TAMS 0x00000006d0c00000, 0x00000006d0c00000|
| 255|0x00000006d0d00000, 0x00000006d0e00000, 0x00000006d0e00000|100%| E|CS|TS  0|AC  0|TAMS 0x00000006d0d00000, 0x00000006d0d00000|

Card table byte_map: [0x0000000005890000,0x0000000006090000] byte_map_base: 0x0000000002289000

Marking Bits (Prev, Next): (CMBitMap*) 0x00000000046adab8, (CMBitMap*) 0x00000000046ada80
 Prev Bits: [0x0000000025120000, 0x00000000290e8000)
 Next Bits: [0x0000000021150000, 0x0000000025118000)

Polling page: 0x00000000000f0000

CodeHeap 'non-profiled nmethods': size=120000Kb used=979Kb max_used=979Kb free=119020Kb
 bounds [0x0000000019c20000, 0x0000000019e90000, 0x0000000021150000]
CodeHeap 'profiled nmethods': size=120000Kb used=4986Kb max_used=4986Kb free=115013Kb
 bounds [0x00000000126f0000, 0x0000000012bd0000, 0x0000000019c20000]
CodeHeap 'non-nmethods': size=5760Kb used=1632Kb max_used=1644Kb free=4127Kb
 bounds [0x0000000012150000, 0x00000000123c0000, 0x00000000126f0000]
 total_blobs=4019 nmethods=2509 adapters=926
 compilation: enabled

Compilation events (10 events):
Event: 8.938 Thread 0x000000002c1dc000 2489       1       java.nio.HeapFloatBuffer::isDirect (2 bytes)
Event: 8.938 Thread 0x000000002c1dc000 nmethod 2489 0x0000000019d12110 code [0x0000000019d122c0, 0x0000000019d123d0]
Event: 8.939 Thread 0x000000002c1dc000 2491   !   3       java.awt.Container::getMouseEventTargetImpl (255 bytes)
Event: 8.940 Thread 0x000000002c1dc000 nmethod 2491 0x0000000012bc9c90 code [0x0000000012bc9f40, 0x0000000012bcb388]
Event: 8.940 Thread 0x000000002c1dc000 2490       3       java.awt.Container::getMouseEventTarget (50 bytes)
Event: 8.940 Thread 0x000000002c1dc000 nmethod 2490 0x0000000012bcb990 code [0x0000000012bcbb60, 0x0000000012bcbe78]
Event: 8.940 Thread 0x000000002c1dc000 2492       1       rb.vectrix.linear.Vec2f::getX (5 bytes)
Event: 8.940 Thread 0x000000002c1dc000 nmethod 2492 0x0000000019d12410 code [0x0000000019d125c0, 0x0000000019d126d0]
Event: 8.940 Thread 0x000000002c1dc000 2493       1       rb.vectrix.linear.Vec2f::getY (5 bytes)
Event: 8.940 Thread 0x000000002c1dc000 nmethod 2493 0x0000000019d12790 code [0x0000000019d12940, 0x0000000019d12a50]

GC Heap History (4 events):
Event: 0.797 GC heap before
{Heap before GC invocations=0 (full 0):
 garbage-first heap   total 262144K, used 26624K [0x00000006c0e00000, 0x00000006c0f00800, 0x00000007c0000000)
  region size 1024K, 24 young (24576K), 0 survivors (0K)
 Metaspace       used 15144K, capacity 15856K, committed 16000K, reserved 1062912K
  class space    used 1381K, capacity 1550K, committed 1664K, reserved 1048576K
}
Event: 0.802 GC heap after
{Heap after GC invocations=1 (full 0):
 garbage-first heap   total 262144K, used 3901K [0x00000006c0e00000, 0x00000006c0f00800, 0x00000007c0000000)
  region size 1024K, 3 young (3072K), 3 survivors (3072K)
 Metaspace       used 15144K, capacity 15856K, committed 16000K, reserved 1062912K
  class space    used 1381K, capacity 1550K, committed 1664K, reserved 1048576K
}
Event: 2.560 GC heap before
{Heap before GC invocations=1 (full 0):
 garbage-first heap   total 262144K, used 32573K [0x00000006c0e00000, 0x00000006c0f00800, 0x00000007c0000000)
  region size 1024K, 32 young (32768K), 3 survivors (3072K)
 Metaspace       used 20433K, capacity 21212K, committed 21248K, reserved 1069056K
  class space    used 1849K, capacity 2033K, committed 2048K, reserved 1048576K
}
Event: 2.575 GC heap after
{Heap after GC invocations=2 (full 0):
 garbage-first heap   total 262144K, used 7084K [0x00000006c0e00000, 0x00000006c0f00800, 0x00000007c0000000)
  region size 1024K, 7 young (7168K), 7 survivors (7168K)
 Metaspace       used 20433K, capacity 21212K, committed 21248K, reserved 1069056K
  class space    used 1849K, capacity 2033K, committed 2048K, reserved 1048576K
}

Deoptimization events (10 events):
Event: 4.989 Thread 0x000000002d9a7000 Uncommon trap: reason=class_check action=maybe_recompile pc=0x0000000019c8e478 method=java.util.HashMap.putVal(ILjava/lang/Object;Ljava/lang/Object;ZZ)Ljava/lang/Object; @ 203 c2
Event: 4.990 Thread 0x000000002d9a7000 Uncommon trap: reason=bimorphic_or_optimized_type_check action=maybe_recompile pc=0x0000000019c8e49c method=java.util.HashMap.putVal(ILjava/lang/Object;Ljava/lang/Object;ZZ)Ljava/lang/Object; @ 91 c2
Event: 4.990 Thread 0x000000002d9a7000 Uncommon trap: reason=class_check action=maybe_recompile pc=0x0000000019c8e478 method=java.util.HashMap.putVal(ILjava/lang/Object;Ljava/lang/Object;ZZ)Ljava/lang/Object; @ 203 c2
Event: 4.990 Thread 0x000000002d9a7000 Uncommon trap: reason=class_check action=maybe_recompile pc=0x0000000019c8e478 method=java.util.HashMap.putVal(ILjava/lang/Object;Ljava/lang/Object;ZZ)Ljava/lang/Object; @ 203 c2
Event: 4.990 Thread 0x000000002d9a7000 Uncommon trap: reason=bimorphic_or_optimized_type_check action=maybe_recompile pc=0x0000000019c8e49c method=java.util.HashMap.putVal(ILjava/lang/Object;Ljava/lang/Object;ZZ)Ljava/lang/Object; @ 91 c2
Event: 5.056 Thread 0x000000002f893000 Uncommon trap: reason=class_check action=maybe_recompile pc=0x0000000019c378e0 method=java.lang.String.equals(Ljava/lang/Object;)Z @ 8 c2
Event: 5.060 Thread 0x000000002f893000 Uncommon trap: reason=class_check action=maybe_recompile pc=0x0000000019c378e0 method=java.lang.String.equals(Ljava/lang/Object;)Z @ 8 c2
Event: 5.060 Thread 0x000000002f893000 Uncommon trap: reason=class_check action=maybe_recompile pc=0x0000000019c378e0 method=java.lang.String.equals(Ljava/lang/Object;)Z @ 8 c2
Event: 5.066 Thread 0x000000002f893000 Uncommon trap: reason=class_check action=maybe_recompile pc=0x0000000019c378e0 method=java.lang.String.equals(Ljava/lang/Object;)Z @ 8 c2
Event: 5.101 Thread 0x000000002f893000 Uncommon trap: reason=unstable_if action=reinterpret pc=0x0000000019c9e638 method=java.lang.StringLatin1.regionMatchesCI([BI[BII)Z @ 66 c2

Classes redefined (0 events):
No events

Internal exceptions (10 events):
Event: 2.773 Thread 0x0000000036b83800 Exception <a 'java/lang/NoSuchMethodError'{0x00000006d073a918}: java.lang.invoke.DirectMethodHandle$Holder.invokeInterface(Ljava/lang/Object;Ljava/lang/Object;)Ljava/lang/Object;> (0x00000006d073a918) thrown at [t:/workspace/hotspot/src/share/vm/interpret
Event: 2.774 Thread 0x0000000036b83800 Exception <a 'java/lang/NoSuchMethodError'{0x00000006d07506a8}: java.lang.invoke.DirectMethodHandle$Holder.invokeInterface(Ljava/lang/Object;Ljava/lang/Object;Ljava/lang/Object;)I> (0x00000006d07506a8) thrown at [t:/workspace/hotspot/src/share/vm/interpre
Event: 2.801 Thread 0x0000000036b83800 Exception <a 'java/lang/ClassNotFoundException'{0x00000006d06d25e8}: sun/util/logging/resources/spi/loggingProvider> (0x00000006d06d25e8) thrown at [t:/workspace/hotspot/src/share/vm/classfile/systemDictionary.cpp, line 218]
Event: 2.804 Thread 0x0000000036b83800 Exception <a 'java/lang/UnsatisfiedLinkError'{0x00000006d06e9258}> (0x00000006d06e9258) thrown at [t:/workspace/hotspot/src/share/vm/prims/jvm.cpp, line 3521]
Event: 2.804 Thread 0x0000000036b83800 Exception <a 'java/lang/UnsatisfiedLinkError'{0x00000006d06e9258}> (0x00000006d06e9258) thrown at [t:/workspace/hotspot/src/share/vm/prims/jni.cpp, line 604]
Event: 2.804 Thread 0x0000000036b83800 Exception <a 'java/lang/UnsatisfiedLinkError'{0x00000006d06e9258}> (0x00000006d06e9258) thrown at [t:/workspace/hotspot/src/share/vm/prims/jvm.cpp, line 1314]
Event: 3.715 Thread 0x00000000368d9000 Exception <a 'java/lang/NoSuchMethodError'{0x00000006d028e020}: method resolution failed> (0x00000006d028e020) thrown at [t:/workspace/hotspot/src/share/vm/prims/methodHandles.cpp, line 1256]
Event: 3.716 Thread 0x00000000368d9000 Exception <a 'java/lang/NoSuchMethodError'{0x00000006d0295fb0}: method resolution failed> (0x00000006d0295fb0) thrown at [t:/workspace/hotspot/src/share/vm/prims/methodHandles.cpp, line 1256]
Event: 4.522 Thread 0x000000002f893000 Exception <a 'java/lang/NoSuchMethodError'{0x00000006cfe2d2a0}: method resolution failed> (0x00000006cfe2d2a0) thrown at [t:/workspace/hotspot/src/share/vm/prims/methodHandles.cpp, line 1256]
Event: 4.523 Thread 0x000000002f893000 Exception <a 'java/lang/NoSuchMethodError'{0x00000006cfe53d48}: method resolution failed> (0x00000006cfe53d48) thrown at [t:/workspace/hotspot/src/share/vm/prims/methodHandles.cpp, line 1256]

Events (10 events):
Event: 8.941 loading class spirite/base/imageData/undo/ImageContext
Event: 8.941 loading class spirite/base/imageData/undo/ImageContext done
Event: 8.987 loading class spirite/base/imageData/undo/ImageContext$KeyframeAction
Event: 8.987 loading class spirite/base/imageData/undo/ImageContext$KeyframeAction done
Event: 9.012 loading class spirite/base/imageData/drawer/DefaultImageDrawer$StrokeModule$endStroke$1$performImageAction$1
Event: 9.012 loading class spirite/base/imageData/drawer/DefaultImageDrawer$StrokeModule$endStroke$1$performImageAction$1 done
Event: 9.033 loading class spirite/base/imageData/mediums/BuiltMediumData$rawAccessComposite$1
Event: 9.033 loading class spirite/base/imageData/mediums/BuiltMediumData$rawAccessComposite$1 done
Event: 9.035 loading class spirite/hybrid/JLock
Event: 9.035 loading class spirite/hybrid/JLock done


Dynamic libraries:
0x000000013f280000 - 0x000000013f2be000 	C:\Program Files\Java\jdk-9.0.4\bin\java.exe
0x0000000077030000 - 0x00000000771cf000 	C:\Windows\SYSTEM32\ntdll.dll
0x0000000076f10000 - 0x000000007702f000 	C:\Windows\system32\kernel32.dll
0x000007fefced0000 - 0x000007fefcf3a000 	C:\Windows\system32\KERNELBASE.dll
0x000007fefeff0000 - 0x000007feff0cb000 	C:\Windows\system32\ADVAPI32.dll
0x000007fefd900000 - 0x000007fefd99f000 	C:\Windows\system32\msvcrt.dll
0x000007fefeaf0000 - 0x000007fefeb0f000 	C:\Windows\SYSTEM32\sechost.dll
0x000007fefd0d0000 - 0x000007fefd1fd000 	C:\Windows\system32\RPCRT4.dll
0x0000000076e10000 - 0x0000000076f0a000 	C:\Windows\system32\USER32.dll
0x000007feff0d0000 - 0x000007feff137000 	C:\Windows\system32\GDI32.dll
0x000007fefd0c0000 - 0x000007fefd0ce000 	C:\Windows\system32\LPK.dll
0x000007fefd200000 - 0x000007fefd2cb000 	C:\Windows\system32\USP10.dll
0x000007fefb6d0000 - 0x000007fefb8c4000 	C:\Windows\WinSxS\amd64_microsoft.windows.common-controls_6595b64144ccf1df_6.0.7601.18837_none_fa3b1e3d17594757\COMCTL32.dll
0x000007fefd320000 - 0x000007fefd391000 	C:\Windows\system32\SHLWAPI.dll
0x000007fefbd60000 - 0x000007fefbd6c000 	C:\Windows\system32\VERSION.dll
0x000007fefd8d0000 - 0x000007fefd8fe000 	C:\Windows\system32\IMM32.DLL
0x000007fefeb10000 - 0x000007fefec19000 	C:\Windows\system32\MSCTF.dll
0x000007fee2460000 - 0x000007fee254f000 	C:\Program Files\Java\jdk-9.0.4\bin\msvcr120.dll
0x000007fef0060000 - 0x000007fef0106000 	C:\Program Files\Java\jdk-9.0.4\bin\msvcp120.dll
0x00000000070d0000 - 0x0000000007af5000 	C:\Program Files\Java\jdk-9.0.4\bin\server\jvm.dll
0x000007fef4800000 - 0x000007fef4809000 	C:\Windows\system32\WSOCK32.dll
0x000007fefd2d0000 - 0x000007fefd31d000 	C:\Windows\system32\WS2_32.dll
0x000007fefea00000 - 0x000007fefea08000 	C:\Windows\system32\NSI.dll
0x000007fefa9e0000 - 0x000007fefaa1b000 	C:\Windows\system32\WINMM.dll
0x00000000771e0000 - 0x00000000771e7000 	C:\Windows\system32\PSAPI.DLL
0x000007fefa1d0000 - 0x000007fefa1df000 	C:\Program Files\Java\jdk-9.0.4\bin\verify.dll
0x000007fef9c10000 - 0x000007fef9c37000 	C:\Program Files\Java\jdk-9.0.4\bin\java.dll
0x000007fef05f0000 - 0x000007fef061a000 	C:\Program Files\Java\jdk-9.0.4\bin\instrument.dll
0x000007fef92f0000 - 0x000007fef9306000 	C:\Program Files\Java\jdk-9.0.4\bin\zip.dll
0x000007fefa190000 - 0x000007fefa19a000 	C:\Program Files\Java\jdk-9.0.4\bin\jimage.dll
0x000007fefdc70000 - 0x000007fefe9fb000 	C:\Windows\system32\SHELL32.dll
0x000007fefd3a0000 - 0x000007fefd59d000 	C:\Windows\system32\ole32.dll
0x000007fefcd10000 - 0x000007fefcd1f000 	C:\Windows\system32\profapi.dll
0x000007fef7260000 - 0x000007fef727a000 	C:\Program Files\Java\jdk-9.0.4\bin\net.dll
0x000007fef5cc0000 - 0x000007fef5d31000 	C:\Windows\system32\WINHTTP.dll
0x000007fef5c50000 - 0x000007fef5cb5000 	C:\Windows\system32\webio.dll
0x000007fefc490000 - 0x000007fefc4e5000 	C:\Windows\system32\mswsock.dll
0x000007fefc480000 - 0x000007fefc487000 	C:\Windows\System32\wship6.dll
0x000007fef4be0000 - 0x000007fef4bf1000 	C:\Program Files\Java\jdk-9.0.4\bin\nio.dll
0x000007fef3460000 - 0x000007fef347a000 	C:\Program Files\JetBrains\IntelliJ IDEA Community Edition 2018.1.5\bin\breakgen64.dll
0x000007fede800000 - 0x000007fede999000 	C:\Program Files\Java\jdk-9.0.4\bin\awt.dll
0x000007fefea10000 - 0x000007fefeaea000 	C:\Windows\system32\OLEAUT32.dll
0x000007fed2c90000 - 0x000007fed3054000 	C:\Windows\system32\d2d1.dll
0x000007fefb290000 - 0x000007fefb2e6000 	C:\Windows\system32\uxtheme.dll
0x000007fee3730000 - 0x000007fee3741000 	C:\Program Files (x86)\Dexpot\hooxpot64.dll
0x000007fefbd70000 - 0x000007fefbd88000 	C:\Windows\system32\dwmapi.dll
0x000007fefcb60000 - 0x000007fefcb6f000 	C:\Windows\system32\CRYPTBASE.dll
0x000007fefc4f0000 - 0x000007fefc508000 	C:\Windows\system32\CRYPTSP.dll
0x000007fefc1f0000 - 0x000007fefc237000 	C:\Windows\system32\rsaenh.dll
0x000007fefd060000 - 0x000007fefd07e000 	C:\Windows\system32\USERENV.dll
0x000007fefa5d0000 - 0x000007fefa5f7000 	C:\Windows\system32\IPHLPAPI.DLL
0x000007fefa5c0000 - 0x000007fefa5cb000 	C:\Windows\system32\WINNSI.DLL
0x000007fef9d90000 - 0x000007fef9da1000 	C:\Windows\system32\dhcpcsvc6.DLL
0x000007fef9d70000 - 0x000007fef9d88000 	C:\Windows\system32\dhcpcsvc.DLL
0x000007fefcb00000 - 0x000007fefcb57000 	C:\Windows\system32\apphelp.dll
0x00000000637c0000 - 0x00000000637cd000 	C:\Users\RBurks\AppData\Local\Temp\jogamp_0000\file_cache\jln1763005573697937955\jln5938543355259165654\gluegen-rt.dll
0x000007fefa1e0000 - 0x000007fefa1e7000 	C:\Program Files\Java\jdk-9.0.4\bin\jawt.dll
0x000000006a440000 - 0x000000006a44d000 	C:\Users\RBurks\AppData\Local\Temp\jogamp_0000\file_cache\jln1763005573697937955\jln5938543355259165654\nativewindow_awt.dll
0x000007fef40e0000 - 0x000007fef41fd000 	C:\Windows\system32\opengl32.dll
0x000007fef40b0000 - 0x000007fef40dd000 	C:\Windows\system32\GLU32.dll
0x000007fef3fb0000 - 0x000007fef40a1000 	C:\Windows\system32\DDRAW.dll
0x000007fef3fa0000 - 0x000007fef3fa8000 	C:\Windows\system32\DCIMAN32.dll
0x000007feff140000 - 0x000007feff317000 	C:\Windows\system32\SETUPAPI.dll
0x000007fefcd20000 - 0x000007fefcd56000 	C:\Windows\system32\CFGMGR32.dll
0x000007fefcf50000 - 0x000007fefcf6a000 	C:\Windows\system32\DEVOBJ.dll
0x000007feec730000 - 0x000007feec92f000 	C:\Windows\system32\d3d9.dll
0x000007fef4620000 - 0x000007fef4627000 	C:\Windows\system32\d3d8thk.dll
0x000007fef7960000 - 0x000007fef7ac4000 	C:\Windows\system32\aticfx64.dll
0x000007fef0620000 - 0x000007fef0641000 	C:\Windows\system32\atiu9p64.dll
0x000007fee09b0000 - 0x000007fee1209000 	C:\Windows\system32\atiumd64.dll
0x0000000064070000 - 0x00000000648f8000 	C:\Windows\system32\atiumd6a.dll
0x000007fefbd90000 - 0x000007fefbdbc000 	C:\Windows\system32\POWRPROF.dll
0x000000006c100000 - 0x000000006c10f000 	C:\Users\RBurks\AppData\Local\Temp\jogamp_0000\file_cache\jln1763005573697937955\jln5938543355259165654\nativewindow_win32.dll
0x0000000003310000 - 0x00000000033be000 	C:\Users\RBurks\AppData\Local\Temp\jogamp_0000\file_cache\jln1763005573697937955\jln5938543355259165654\jogl_desktop.dll
0x00000000031a0000 - 0x0000000003200000 	C:\Users\RBurks\AppData\Local\Temp\jogamp_0000\file_cache\jln1763005573697937955\jln5938543355259165654\jogl_mobile.dll
0x000007fef0660000 - 0x000007fef0678000 	C:\Windows\system32\atig6pxx.dll
0x0000000033150000 - 0x0000000034f50000 	C:\Windows\system32\atio6axx.dll
0x000007fedd8b0000 - 0x000007fedd9f0000 	C:\Windows\system32\atiadlxx.dll
0x000007fefb2f0000 - 0x000007fefb41c000 	C:\Windows\system32\PROPSYS.dll
0x000007fefbdc0000 - 0x000007fefbdd1000 	C:\Windows\system32\WTSAPI32.dll
0x000007fefd080000 - 0x000007fefd0bb000 	C:\Windows\system32\WINTRUST.dll
0x000007fefcd60000 - 0x000007fefcecd000 	C:\Windows\system32\CRYPT32.dll
0x000007fefcd00000 - 0x000007fefcd0f000 	C:\Windows\system32\MSASN1.dll
0x000007feefc70000 - 0x000007feefc9c000 	C:\Windows\system32\atig6txx.dll
0x000007fef4c20000 - 0x000007fef4c28000 	C:\Program Files\Java\jdk-9.0.4\bin\prefs.dll
0x000007fee3200000 - 0x000007fee329d000 	C:\Program Files\Java\jdk-9.0.4\bin\fontmanager.dll
0x000007feef8d0000 - 0x000007feef912000 	C:\Program Files\Java\jdk-9.0.4\bin\t2k.dll
0x000007fefd830000 - 0x000007fefd8c9000 	C:\Windows\system32\CLBCatQ.DLL
0x000007fefa7c0000 - 0x000007fefa921000 	C:\Windows\system32\WindowsCodecs.dll
0x000007fef7070000 - 0x000007fef7201000 	C:\Users\RBurks\AppData\Local\Microsoft\OneDrive\18.111.0603.0006\amd64\FileSyncShell64.dll
0x000007fef90e0000 - 0x000007fef90ea000 	C:\Windows\system32\ktmw32.dll
0x000007fefec20000 - 0x000007fefef41000 	C:\Windows\system32\WININET.dll
0x000007fefcfb0000 - 0x000007fefcfb4000 	C:\Windows\system32\api-ms-win-downlevel-user32-l1-1-0.dll
0x000007fefcf90000 - 0x000007fefcf94000 	C:\Windows\system32\api-ms-win-downlevel-shlwapi-l1-1-0.dll
0x000007fefcf70000 - 0x000007fefcf74000 	C:\Windows\system32\api-ms-win-downlevel-version-l1-1-0.dll
0x000007fefcfa0000 - 0x000007fefcfa3000 	C:\Windows\system32\api-ms-win-downlevel-normaliz-l1-1-0.dll
0x00000000771d0000 - 0x00000000771d3000 	C:\Windows\system32\normaliz.DLL
0x000007fefd9a0000 - 0x000007fefdc6a000 	C:\Windows\system32\iertutil.dll
0x000007fefcf80000 - 0x000007fefcf85000 	C:\Windows\system32\api-ms-win-downlevel-advapi32-l1-1-0.dll
0x000007fef86a0000 - 0x000007fef86a3000 	C:\Windows\system32\api-ms-win-core-synch-l1-2-0.DLL
0x000007fef5890000 - 0x000007fef5950000 	C:\Program Files\Google\Drive\googledrivesync64.dll
0x0000000072d40000 - 0x0000000072e13000 	C:\Windows\WinSxS\amd64_microsoft.vc90.crt_1fc8b3b9a1e18e3b_9.0.30729.6161_none_08e61857a83bc251\MSVCP90.dll
0x0000000072c90000 - 0x0000000072d33000 	C:\Windows\WinSxS\amd64_microsoft.vc90.crt_1fc8b3b9a1e18e3b_9.0.30729.6161_none_08e61857a83bc251\MSVCR90.dll
0x000007fef8970000 - 0x000007fef89a5000 	C:\Windows\system32\EhStorShell.dll
0x000007fef88f0000 - 0x000007fef896e000 	C:\Windows\System32\cscui.dll
0x000007fef4960000 - 0x000007fef496c000 	C:\Windows\System32\CSCDLL.dll
0x000007fef8620000 - 0x000007fef862f000 	C:\Windows\system32\CSCAPI.dll
0x000007fef20b0000 - 0x000007fef21d5000 	C:\Windows\system32\dbghelp.dll

VM Arguments:
jvm_args: -javaagent:C:\Program Files\JetBrains\IntelliJ IDEA Community Edition 2018.1.5\lib\idea_rt.jar=63590:C:\Program Files\JetBrains\IntelliJ IDEA Community Edition 2018.1.5\bin -Dfile.encoding=UTF-8 
java_command: spirite.pc.SpiriteKt
java_class_path (initial): C:\Documents\Programming\K\Spirite\v2\build\classes\java\main;C:\Documents\Programming\K\Spirite\v2\build\classes\kotlin\main;C:\Documents\Programming\K\Spirite\v2\build\resources\main;C:\Documents\Programming\K\Spirite\v2\lib\jpen-2.jar;C:\Documents\Programming\K\Spirite\v2\lib\jpen-2-3-64.dll;C:\Users\RBurks\.gradle\caches\modules-2\files-2.1\org.jetbrains.kotlin\kotlin-stdlib-jdk8\1.2.50\baf551dec8b4dc94c9dd59561400f16b3b5835a6\kotlin-stdlib-jdk8-1.2.50.jar;C:\Users\RBurks\.gradle\caches\modules-2\files-2.1\org.jetbrains.kotlinx\kotlinx-coroutines-core\0.22.5\a654b6962cbdf394cd88e6fc173314c92dd50edb\kotlinx-coroutines-core-0.22.5.jar;C:\Users\RBurks\.gradle\caches\modules-2\files-2.1\org.jogamp.gluegen\gluegen-rt\2.3.1\b28a5ed162a28ab18f3018c6e25449770bcc2c2a\gluegen-rt-2.3.1.jar;C:\Users\RBurks\.gradle\caches\modules-2\files-2.1\org.jogamp.jogl\jogl-all\2.3.1\5453853b9401ede468806c863ec544c04a3d219c\jogl-all-2.3.1.jar;C:\Users\RBurks\.gradle\caches\modules-2\files-2.1\org.apache.commons\commons-collections4\4.0\da217367fd25e88df52ba79e47658d4cf928b0d1\commons-collections4-4.0.jar;C:\Users\RBurks\.gradle\caches\modules-2\files-2.1\org.jetbrains.kotlin\kotlin-stdlib-jdk7\1.2.50\3811b225f9a22abf4f9d8a6f81adef0ba78a3c5\kotlin-stdlib-jdk7-1.2.50.jar;C:\Users\RBurks\.gradle\caches\modules-2\files-2.1\org.jogamp.gluegen\gluegen-rt\2.3.1\54c878c7325063307617974ffb875ddc3e9f1be9\gluegen-rt-2.3.1-natives-android-aarch64.jar;C:\Users\RBurks\.gradle\caches\modules-2\files-2.1\org.jetbrains.kotlin\kotlin-stdlib\1.2.50\66d47b004c5b8a1d2d1df9e463187390ed741316\kotlin-stdlib-1.2.50.jar;C:\Users\RBurks\.gradle\caches\modules-2\files-2.1\org.jogamp.gluegen\gluegen-rt\2.3.1\13eeb84308daf6054875537c4c8ee5a20292b408\gluegen-rt-2.3.1-natives-android-armv6.jar;C:\Users\RBurks\.gradle\caches\modules-2\files-2.1\org.jetbrains.kotlin\kotlin-stdlib-common\1.2.50\6b19a2fcc29d34878b3aab33fd5fcf70458a73df\kotlin-stdlib-common-1.2.50.jar;C:\Users\RBurks\.gradle\ca
Launcher Type: SUN_STANDARD

Logging:
Log output configuration:
#0: stdout all=warning uptime,level,tags
#1: stderr all=off uptime,level,tags

Environment Variables:
PATH=C:\ProgramData\Oracle\Java\javapath;C:\Windows\system32;C:\Windows;C:\Windows\System32\Wbem;C:\Windows\System32\WindowsPowerShell\v1.0\;c:\Program Files (x86)\ATI Technologies\ATI.ACE\Core-Static;C:\Program Files\Microsoft SQL Server\130\Tools\Binn\;C:\Program Files\Microsoft SQL Server\Client SDK\ODBC\110\Tools\Binn\;C:\Program Files (x86)\Microsoft SQL Server\120\Tools\Binn\ManagementStudio\;C:\Program Files (x86)\Microsoft SQL Server\120\Tools\Binn\;C:\Program Files\Microsoft SQL Server\120\Tools\Binn\;C:\Program Files (x86)\Microsoft SQL Server\120\DTS\Binn\;C:\Program Files\Microsoft SQL Server\120\DTS\Binn\;C:\Program Files\dotnet\;C:\Program Files (x86)\dotnet\;C:\Program Files\nodejs\;C:\Program Files\Git\cmd;C:\ProgramData\chocolatey\bin;C:\Users\RBurks\AppData\Roaming\npm;C:\Users\RBurks\AppData\Local\atom\bin
USERNAME=RBurks
OS=Windows_NT
PROCESSOR_IDENTIFIER=Intel64 Family 6 Model 94 Stepping 3, GenuineIntel



---------------  S Y S T E M  ---------------

OS: Windows 7 , 64 bit Build 7601 (6.1.7601.24168)

CPU:total 8 (initial active 8) (4 cores per cpu, 2 threads per core) family 6 model 94 stepping 3, cmov, cx8, fxsr, mmx, sse, sse2, sse3, ssse3, sse4.1, sse4.2, popcnt, avx, avx2, aes, clmul, erms, rtm, 3dnowpref, lzcnt, ht, tsc, tscinvbit, bmi1, bmi2, adx, fma

Memory: 4k page, physical 16719020k(2116576k free), swap 33436164k(11227920k free)

vm_info: Java HotSpot(TM) 64-Bit Server VM (9.0.4+11) for windows-amd64 JRE (9.0.4+11), built on Dec 20 2017 02:18:54 by "mach5one" with MS VC++ 12.0 (VS2013)

END.
