#
# A fatal error has been detected by the Java Runtime Environment:
#
#  EXCEPTION_ACCESS_VIOLATION (0xc0000005) at pc=0x00000000280b05d9, pid=8780, tid=0x0000000000001638
#
# JRE version: Java(TM) SE Runtime Environment (8.0_144-b01) (build 1.8.0_144-b01)
# Java VM: Java HotSpot(TM) 64-Bit Server VM (25.144-b01 mixed mode windows-amd64 compressed oops)
# Problematic frame:
# C  [atio6axx.dll+0x1db05d9]
#
# Failed to write core dump. Minidumps are not enabled by default on client versions of Windows
#
# If you would like to submit a bug report, please visit:
#   http://bugreport.java.com/bugreport/crash.jsp
# The crash happened outside the Java Virtual Machine in native code.
# See problematic frame for where to report the bug.
#

---------------  T H R E A D  ---------------

Current thread (0x000000002013f000):  JavaThread "AWT-EventQueue-0" [_thread_in_native, id=5688, stack(0x0000000023d60000,0x0000000023e60000)]

siginfo: ExceptionCode=0xc0000005, reading address 0x0000000000000e08

Registers:
RAX=0x0000000000000000, RBX=0x000000002013f1f8, RCX=0x0000000000000001, RDX=0x000000076c4389c0
RSP=0x0000000023e5e258, RBP=0x0000000000000001, RSI=0x0000000023e5e398, RDI=0x0000000000000000
R8 =0x000000076c4389b0, R9 =0x0000000000000001, R10=0x000000000000000c, R11=0x000000006fe7bc50
R12=0x00000000280b05d0, R13=0x0000000000000000, R14=0x000000076c4389c0, R15=0x000000002013f000
RIP=0x00000000280b05d9, EFLAGS=0x0000000000010206

Top of Stack: (sp=0x0000000023e5e258)
0x0000000023e5e258:   000000006451d958 000000002013f1f8
0x0000000023e5e268:   0000000000000001 0000000023e5e398
0x0000000023e5e278:   000000002013f000 0000000023cb3420
0x0000000023e5e288:   0000000000000158 000000000000016a
0x0000000023e5e298:   0000000023e5e358 0000000000000000
0x0000000023e5e2a8:   0000000023cb3420 0000000023e5e3a8
0x0000000023e5e2b8:   00000000028e7f74 0000000023e5e8d8
0x0000000023e5e2c8:   0000000023e5e358 0000000000000158
0x0000000023e5e2d8:   000000000000016a 0000000000000000
0x0000000023e5e2e8:   0000000000000000 00000000280b05d0
0x0000000023e5e2f8:   0000000023cb3420 0000000000000158
0x0000000023e5e308:   000000002013f000 00000000028e7ca2
0x0000000023e5e318:   0000000023e5e318 0000000023cb3420
0x0000000023e5e328:   0000000023e5e3a8 0000000025e60028
0x0000000023e5e338:   0000000000000000 0000000023cb3420
0x0000000023e5e348:   0000000000000000 0000000023e5e378 

Instructions: (pc=0x00000000280b05d9)
0x00000000280b05b9:   ff a0 f8 0d 00 00 90 65 48 8b 04 25 48 16 00 00
0x00000000280b05c9:   ff a0 00 0e 00 00 90 65 48 8b 04 25 48 16 00 00
0x00000000280b05d9:   ff a0 08 0e 00 00 90 65 48 8b 04 25 48 16 00 00
0x00000000280b05e9:   ff a0 10 0e 00 00 90 65 48 8b 04 25 48 16 00 00 


Register to memory mapping:

RAX=0x0000000000000000 is an unknown value
RBX=0x000000002013f1f8 is an unknown value
RCX=0x0000000000000001 is an unknown value
RDX=0x000000076c4389c0 is an oop

[error occurred during error reporting (printing register info), id 0xc0000005]

Stack: [0x0000000023d60000,0x0000000023e60000],  sp=0x0000000023e5e258,  free space=1016k
Native frames: (J=compiled Java code, j=interpreted, Vv=VM code, C=native code)
C  [atio6axx.dll+0x1db05d9]

Java frames: (J=compiled Java code, j=interpreted, Vv=VM code)
j  jogamp.opengl.gl4.GL4bcImpl.dispatch_glGenBuffers1(ILjava/lang/Object;IZJ)V+0
j  jogamp.opengl.gl4.GL4bcImpl.glGenBuffers(ILjava/nio/IntBuffer;)V+81
j  spirite.pc.JOGL.JOGL.createBuffer()Lspirite/base/graphics/gl/IGLBuffer;+11
j  sjunit.pc.JOGL.JOGLTests$tryStart$1.run()V+19
j  java.awt.event.InvocationEvent.dispatch()V+47
j  java.awt.EventQueue.dispatchEventImpl(Ljava/awt/AWTEvent;Ljava/lang/Object;)V+21
j  java.awt.EventQueue.access$500(Ljava/awt/EventQueue;Ljava/awt/AWTEvent;Ljava/lang/Object;)V+3
j  java.awt.EventQueue$3.run()Ljava/lang/Void;+32
j  java.awt.EventQueue$3.run()Ljava/lang/Object;+1
v  ~StubRoutines::call_stub
j  java.security.AccessController.doPrivileged(Ljava/security/PrivilegedAction;Ljava/security/AccessControlContext;)Ljava/lang/Object;+0
j  java.security.ProtectionDomain$JavaSecurityAccessImpl.doIntersectionPrivilege(Ljava/security/PrivilegedAction;Ljava/security/AccessControlContext;Ljava/security/AccessControlContext;)Ljava/lang/Object;+18
j  java.awt.EventQueue.dispatchEvent(Ljava/awt/AWTEvent;)V+46
j  java.awt.EventDispatchThread.pumpOneEventForFilters(I)V+245
j  java.awt.EventDispatchThread.pumpEventsForFilter(ILjava/awt/Conditional;Ljava/awt/EventFilter;)V+35
j  java.awt.EventDispatchThread.pumpEventsForHierarchy(ILjava/awt/Conditional;Ljava/awt/Component;)V+11
j  java.awt.EventDispatchThread.pumpEvents(ILjava/awt/Conditional;)V+4
j  java.awt.EventDispatchThread.pumpEvents(Ljava/awt/Conditional;)V+3
j  java.awt.EventDispatchThread.run()V+9
v  ~StubRoutines::call_stub

---------------  P R O C E S S  ---------------

Java Threads: ( => current thread )
  0x0000000020320800 JavaThread "Thread-2" daemon [_thread_in_native, id=10260, stack(0x000000002a440000,0x000000002a540000)]
=>0x000000002013f000 JavaThread "AWT-EventQueue-0" [_thread_in_native, id=5688, stack(0x0000000023d60000,0x0000000023e60000)]
  0x000000001ff69000 JavaThread "AWT-Shutdown" [_thread_blocked, id=7092, stack(0x0000000020560000,0x0000000020660000)]
  0x000000001ff68800 JavaThread "Java2D Disposer" daemon [_thread_blocked, id=12584, stack(0x00000000203c0000,0x00000000204c0000)]
  0x000000001d9ef800 JavaThread "Service Thread" daemon [_thread_blocked, id=6380, stack(0x000000001f8d0000,0x000000001f9d0000)]
  0x000000001d96a800 JavaThread "C1 CompilerThread3" daemon [_thread_blocked, id=8544, stack(0x000000001f610000,0x000000001f710000)]
  0x000000001d959800 JavaThread "C2 CompilerThread2" daemon [_thread_blocked, id=9300, stack(0x000000001f480000,0x000000001f580000)]
  0x000000001d94d000 JavaThread "C2 CompilerThread1" daemon [_thread_blocked, id=13672, stack(0x000000001f100000,0x000000001f200000)]
  0x000000001d946000 JavaThread "C2 CompilerThread0" daemon [_thread_blocked, id=17920, stack(0x000000001f310000,0x000000001f410000)]
  0x000000001d942800 JavaThread "Monitor Ctrl-Break" daemon [_thread_in_native, id=4092, stack(0x000000001f200000,0x000000001f300000)]
  0x000000001d911800 JavaThread "Attach Listener" daemon [_thread_blocked, id=4388, stack(0x000000001eff0000,0x000000001f0f0000)]
  0x000000001d910000 JavaThread "Signal Dispatcher" daemon [_thread_blocked, id=15460, stack(0x000000001ee60000,0x000000001ef60000)]
  0x000000001c860800 JavaThread "Finalizer" daemon [_thread_blocked, id=2448, stack(0x000000001ed50000,0x000000001ee50000)]
  0x000000001c858800 JavaThread "Reference Handler" daemon [_thread_blocked, id=15496, stack(0x000000001eb50000,0x000000001ec50000)]
  0x000000000204a000 JavaThread "main" [_thread_blocked, id=12572, stack(0x00000000023f0000,0x00000000024f0000)]

Other Threads:
  0x000000001d8c2800 VMThread [stack: 0x000000001e950000,0x000000001ea50000] [id=16196]
  0x000000001d9f1800 WatcherThread [stack: 0x000000001fa80000,0x000000001fb80000] [id=12448]

VM state:not at safepoint (normal execution)

VM Mutex/Monitor currently owned by a thread: None

Heap:
 PSYoungGen      total 76288K, used 53565K [0x000000076af80000, 0x0000000770480000, 0x00000007c0000000)
  eden space 65536K, 81% used [0x000000076af80000,0x000000076e3cf7e8,0x000000076ef80000)
  from space 10752K, 0% used [0x000000076fa00000,0x000000076fa00000,0x0000000770480000)
  to   space 10752K, 0% used [0x000000076ef80000,0x000000076ef80000,0x000000076fa00000)
 ParOldGen       total 175104K, used 0K [0x00000006c0e00000, 0x00000006cb900000, 0x000000076af80000)
  object space 175104K, 0% used [0x00000006c0e00000,0x00000006c0e00000,0x00000006cb900000)
 Metaspace       used 13746K, capacity 13992K, committed 14336K, reserved 1062912K
  class space    used 1357K, capacity 1439K, committed 1536K, reserved 1048576K

Card table byte_map: [0x0000000011c90000,0x0000000012490000] byte_map_base: 0x000000000e689000

Marking Bits: (ParMarkBitMap*) 0x000000007046d850
 Begin Bits: [0x00000000136e0000, 0x00000000176a8000)
 End Bits:   [0x00000000176a8000, 0x000000001b670000)

Polling page: 0x0000000000750000

CodeCache: size=245760Kb used=3369Kb max_used=3380Kb free=242390Kb
 bounds [0x00000000028d0000, 0x0000000002c20000, 0x00000000118d0000]
 total_blobs=1557 nmethods=811 adapters=659
 compilation: enabled

Compilation events (10 events):
Event: 1.761 Thread 0x000000001d96a800 nmethod 807 0x0000000002c12ad0 code [0x0000000002c12c40, 0x0000000002c13068]
Event: 1.761 Thread 0x000000001d96a800  809       3       java.lang.ClassLoader::defineClass (43 bytes)
Event: 1.762 Thread 0x000000001d96a800 nmethod 809 0x0000000002c16610 code [0x0000000002c16800, 0x0000000002c173e8]
Event: 1.762 Thread 0x000000001d96a800  808   !   3       java.security.SecureClassLoader::getProtectionDomain (114 bytes)
Event: 1.763 Thread 0x000000001d96a800 nmethod 808 0x0000000002c17910 code [0x0000000002c17ac0, 0x0000000002c18278]
Event: 1.779 Thread 0x000000001d959800 nmethod 804 0x0000000002c1c790 code [0x0000000002c1cac0, 0x0000000002c1e090]
Event: 1.783 Thread 0x000000001d96a800  810       3       java.util.regex.Pattern$CharProperty$1::isSatisfiedBy (17 bytes)
Event: 1.784 Thread 0x000000001d96a800 nmethod 810 0x0000000002c12610 code [0x0000000002c12780, 0x0000000002c12a08]
Event: 1.784 Thread 0x000000001d96a800  811       1       com.jogamp.nativewindow.DefaultGraphicsDevice::getUniqueID (5 bytes)
Event: 1.784 Thread 0x000000001d96a800 nmethod 811 0x0000000002c16350 code [0x0000000002c164a0, 0x0000000002c165b0]

GC Heap History (0 events):
No events

Deoptimization events (3 events):
Event: 0.288 Thread 0x000000000204a000 Uncommon trap: reason=unstable_if action=reinterpret pc=0x0000000002a6db6c method=java.lang.String.indexOf([CII[CIII)I @ 3
Event: 0.556 Thread 0x000000000204a000 Uncommon trap: reason=null_check action=make_not_entrant pc=0x0000000002aaa744 method=java.lang.String.equals(Ljava/lang/Object;)Z @ 8
Event: 1.754 Thread 0x000000000204a000 Uncommon trap: reason=unstable_if action=reinterpret pc=0x0000000002c0b2f8 method=java.util.HashMap.containsKey(Ljava/lang/Object;)Z @ 9

Internal exceptions (10 events):
Event: 0.145 Thread 0x000000000204a000 Exception <a 'java/security/PrivilegedActionException'> (0x000000076b4333b0) thrown at [C:\re\workspace\8-2-build-windows-amd64-cygwin\jdk8u144\9417\hotspot\src\share\vm\prims\jvm.cpp, line 1390]
Event: 0.145 Thread 0x000000000204a000 Exception <a 'java/security/PrivilegedActionException'> (0x000000076b4335c0) thrown at [C:\re\workspace\8-2-build-windows-amd64-cygwin\jdk8u144\9417\hotspot\src\share\vm\prims\jvm.cpp, line 1390]
Event: 0.149 Thread 0x000000000204a000 Exception <a 'java/security/PrivilegedActionException'> (0x000000076b449700) thrown at [C:\re\workspace\8-2-build-windows-amd64-cygwin\jdk8u144\9417\hotspot\src\share\vm\prims\jvm.cpp, line 1390]
Event: 0.149 Thread 0x000000000204a000 Exception <a 'java/security/PrivilegedActionException'> (0x000000076b449910) thrown at [C:\re\workspace\8-2-build-windows-amd64-cygwin\jdk8u144\9417\hotspot\src\share\vm\prims\jvm.cpp, line 1390]
Event: 0.556 Thread 0x000000000204a000 Implicit null exception at 0x0000000002aaa55c to 0x0000000002aaa735
Event: 0.567 Thread 0x000000000204a000 Exception <a 'java/io/FileNotFoundException'> (0x000000076bbeb418) thrown at [C:\re\workspace\8-2-build-windows-amd64-cygwin\jdk8u144\9417\hotspot\src\share\vm\prims\jni.cpp, line 709]
Event: 0.626 Thread 0x000000000204a000 Exception <a 'java/lang/NoSuchFieldError': method resolution failed> (0x000000076bea2d88) thrown at [C:\re\workspace\8-2-build-windows-amd64-cygwin\jdk8u144\9417\hotspot\src\share\vm\prims\methodHandles.cpp, line 1146]
Event: 0.628 Thread 0x000000000204a000 Exception <a 'java/lang/NoSuchFieldError': method resolution failed> (0x000000076beb0d18) thrown at [C:\re\workspace\8-2-build-windows-amd64-cygwin\jdk8u144\9417\hotspot\src\share\vm\prims\methodHandles.cpp, line 1146]
Event: 0.733 Thread 0x000000000204a000 Exception <a 'java/io/FileNotFoundException'> (0x000000076c1094c8) thrown at [C:\re\workspace\8-2-build-windows-amd64-cygwin\jdk8u144\9417\hotspot\src\share\vm\prims\jni.cpp, line 709]
Event: 0.784 Thread 0x000000000204a000 Exception <a 'java/io/FileNotFoundException'> (0x000000076c1ebfb0) thrown at [C:\re\workspace\8-2-build-windows-amd64-cygwin\jdk8u144\9417\hotspot\src\share\vm\prims\jni.cpp, line 709]

Events (10 events):
Event: 1.793 loading class javax/swing/SwingUtilities
Event: 1.793 loading class javax/swing/SwingConstants
Event: 1.793 loading class javax/swing/SwingConstants done
Event: 1.793 loading class javax/swing/SwingUtilities done
Event: 1.793 loading class org/junit/runner/notification/RunNotifier$7
Event: 1.793 loading class org/junit/runner/notification/RunNotifier$7 done
Event: 1.793 loading class java/nio/HeapIntBuffer
Event: 1.794 loading class java/nio/HeapIntBuffer done
Event: 1.794 loading class org/junit/runner/notification/RunNotifier$2
Event: 1.794 loading class org/junit/runner/notification/RunNotifier$2 done


Dynamic libraries:
0x000000013f320000 - 0x000000013f357000 	C:\Program Files\Java\jdk1.8.0_144\bin\java.exe
0x0000000076d90000 - 0x0000000076f2f000 	C:\Windows\SYSTEM32\ntdll.dll
0x0000000076c70000 - 0x0000000076d8f000 	C:\Windows\system32\kernel32.dll
0x000007fefcb30000 - 0x000007fefcb9a000 	C:\Windows\system32\KERNELBASE.dll
0x000007fefd710000 - 0x000007fefd7eb000 	C:\Windows\system32\ADVAPI32.dll
0x000007fefce20000 - 0x000007fefcebf000 	C:\Windows\system32\msvcrt.dll
0x000007fefedb0000 - 0x000007fefedcf000 	C:\Windows\SYSTEM32\sechost.dll
0x000007fefdb30000 - 0x000007fefdc5d000 	C:\Windows\system32\RPCRT4.dll
0x0000000076b70000 - 0x0000000076c6a000 	C:\Windows\system32\USER32.dll
0x000007fefdac0000 - 0x000007fefdb27000 	C:\Windows\system32\GDI32.dll
0x000007feff070000 - 0x000007feff07e000 	C:\Windows\system32\LPK.dll
0x000007fefd840000 - 0x000007fefd90b000 	C:\Windows\system32\USP10.dll
0x000007fefb430000 - 0x000007fefb624000 	C:\Windows\WinSxS\amd64_microsoft.windows.common-controls_6595b64144ccf1df_6.0.7601.18837_none_fa3b1e3d17594757\COMCTL32.dll
0x000007fefedd0000 - 0x000007fefee41000 	C:\Windows\system32\SHLWAPI.dll
0x000007fefdff0000 - 0x000007fefe01e000 	C:\Windows\system32\IMM32.DLL
0x000007fefd910000 - 0x000007fefda19000 	C:\Windows\system32\MSCTF.dll
0x00000000740b0000 - 0x0000000074182000 	C:\Program Files\Java\jdk1.8.0_144\jre\bin\msvcr100.dll
0x000000006fc50000 - 0x00000000704ed000 	C:\Program Files\Java\jdk1.8.0_144\jre\bin\server\jvm.dll
0x000007feea090000 - 0x000007feea099000 	C:\Windows\system32\WSOCK32.dll
0x000007fefd7f0000 - 0x000007fefd83d000 	C:\Windows\system32\WS2_32.dll
0x000007feff060000 - 0x000007feff068000 	C:\Windows\system32\NSI.dll
0x000007fefa760000 - 0x000007fefa79b000 	C:\Windows\system32\WINMM.dll
0x000007fefbae0000 - 0x000007fefbaec000 	C:\Windows\system32\VERSION.dll
0x0000000076f30000 - 0x0000000076f37000 	C:\Windows\system32\PSAPI.DLL
0x00000000740a0000 - 0x00000000740af000 	C:\Program Files\Java\jdk1.8.0_144\jre\bin\verify.dll
0x0000000074070000 - 0x0000000074099000 	C:\Program Files\Java\jdk1.8.0_144\jre\bin\java.dll
0x0000000073380000 - 0x00000000733a3000 	C:\Program Files\Java\jdk1.8.0_144\jre\bin\instrument.dll
0x0000000074050000 - 0x0000000074066000 	C:\Program Files\Java\jdk1.8.0_144\jre\bin\zip.dll
0x000007fefe020000 - 0x000007fefedab000 	C:\Windows\system32\SHELL32.dll
0x000007fefd330000 - 0x000007fefd52d000 	C:\Windows\system32\ole32.dll
0x000007fefca70000 - 0x000007fefca7f000 	C:\Windows\system32\profapi.dll
0x000007fef8da0000 - 0x000007fef8dba000 	C:\Program Files\JetBrains\IntelliJ IDEA Community Edition 2017.3\bin\breakgen64.dll
0x0000000074030000 - 0x000000007404a000 	C:\Program Files\Java\jdk1.8.0_144\jre\bin\net.dll
0x000007fefc1b0000 - 0x000007fefc205000 	C:\Windows\system32\mswsock.dll
0x000007fefc330000 - 0x000007fefc337000 	C:\Windows\System32\wship6.dll
0x000007fefc400000 - 0x000007fefc418000 	C:\Windows\system32\CRYPTSP.dll
0x000007fefbf50000 - 0x000007fefbf97000 	C:\Windows\system32\rsaenh.dll
0x000007fefcaf0000 - 0x000007fefcb0e000 	C:\Windows\system32\USERENV.dll
0x000007fefc900000 - 0x000007fefc90f000 	C:\Windows\system32\CRYPTBASE.dll
0x000007fefa260000 - 0x000007fefa287000 	C:\Windows\system32\IPHLPAPI.DLL
0x000007fefa4d0000 - 0x000007fefa4db000 	C:\Windows\system32\WINNSI.DLL
0x000007fef99b0000 - 0x000007fef99c8000 	C:\Windows\system32\dhcpcsvc.DLL
0x000007fef9990000 - 0x000007fef99a1000 	C:\Windows\system32\dhcpcsvc6.DLL
0x0000000074010000 - 0x0000000074021000 	C:\Program Files\Java\jdk1.8.0_144\jre\bin\nio.dll
0x000007fefc860000 - 0x000007fefc8b7000 	C:\Windows\system32\apphelp.dll
0x00000000637c0000 - 0x00000000637cd000 	C:\Users\RBurks\AppData\Local\Temp\jogamp_0000\file_cache\jln2507858312804748964\jln7306714360905816958\natives\windows-amd64\gluegen-rt.dll
0x000000006cc20000 - 0x000000006cdb8000 	C:\Program Files\Java\jdk1.8.0_144\jre\bin\awt.dll
0x000007fefd250000 - 0x000007fefd32a000 	C:\Windows\system32\OLEAUT32.dll
0x000007fefb040000 - 0x000007fefb096000 	C:\Windows\system32\uxtheme.dll
0x000007fefbac0000 - 0x000007fefbad8000 	C:\Windows\system32\dwmapi.dll
0x0000000073370000 - 0x0000000073377000 	C:\Program Files\Java\jdk1.8.0_144\jre\bin\jawt.dll
0x000000006a440000 - 0x000000006a44d000 	C:\Users\RBurks\AppData\Local\Temp\jogamp_0000\file_cache\jln2507858312804748964\jln7306714360905816958\natives\windows-amd64\nativewindow_awt.dll
0x000007feee620000 - 0x000007feee73d000 	C:\Windows\system32\opengl32.dll
0x000007feee5f0000 - 0x000007feee61d000 	C:\Windows\system32\GLU32.dll
0x000007feee4f0000 - 0x000007feee5e1000 	C:\Windows\system32\DDRAW.dll
0x000007feee4e0000 - 0x000007feee4e8000 	C:\Windows\system32\DCIMAN32.dll
0x000007fefd530000 - 0x000007fefd707000 	C:\Windows\system32\SETUPAPI.dll
0x000007fefcde0000 - 0x000007fefce16000 	C:\Windows\system32\CFGMGR32.dll
0x000007fefca80000 - 0x000007fefca9a000 	C:\Windows\system32\DEVOBJ.dll
0x000000006c100000 - 0x000000006c10f000 	C:\Users\RBurks\AppData\Local\Temp\jogamp_0000\file_cache\jln2507858312804748964\jln7306714360905816958\natives\windows-amd64\nativewindow_win32.dll
0x0000000064500000 - 0x00000000645b1000 	C:\Users\RBurks\AppData\Local\Temp\jogamp_0000\file_cache\jln2507858312804748964\jln7306714360905816958\natives\windows-amd64\jogl_desktop.dll
0x0000000064340000 - 0x00000000643a2000 	C:\Users\RBurks\AppData\Local\Temp\jogamp_0000\file_cache\jln2507858312804748964\jln7306714360905816958\natives\windows-amd64\jogl_mobile.dll
0x000007fef8dc0000 - 0x000007fef8dd8000 	C:\Windows\system32\atig6pxx.dll
0x0000000026300000 - 0x0000000028100000 	C:\Windows\system32\atio6axx.dll
0x000007feda4b0000 - 0x000007feda5f0000 	C:\Windows\system32\atiadlxx.dll
0x000007fefb0a0000 - 0x000007fefb1cc000 	C:\Windows\system32\PROPSYS.dll
0x000007fefbbe0000 - 0x000007fefbbf1000 	C:\Windows\system32\WTSAPI32.dll
0x000007fefcab0000 - 0x000007fefcaeb000 	C:\Windows\system32\WINTRUST.dll
0x000007fefcc60000 - 0x000007fefcdcd000 	C:\Windows\system32\CRYPT32.dll
0x000007fefca60000 - 0x000007fefca6f000 	C:\Windows\system32\MSASN1.dll
0x000007fef4960000 - 0x000007fef498c000 	C:\Windows\system32\atig6txx.dll
0x000007fef7480000 - 0x000007fef75a5000 	C:\Windows\system32\dbghelp.dll

VM Arguments:
jvm_args: -ea -Didea.test.cyclic.buffer.size=1048576 -javaagent:C:\Program Files\JetBrains\IntelliJ IDEA Community Edition 2017.3\lib\idea_rt.jar=62634:C:\Program Files\JetBrains\IntelliJ IDEA Community Edition 2017.3\bin -Dfile.encoding=UTF-8 
java_command: com.intellij.rt.execution.junit.JUnitStarter -ideVersion5 -junit4 sjunit.pc.JOGL.JOGLTests
java_class_path (initial): C:\Program Files\JetBrains\IntelliJ IDEA Community Edition 2017.3\lib\idea_rt.jar;C:\Program Files\JetBrains\IntelliJ IDEA Community Edition 2017.3\plugins\junit\lib\junit-rt.jar;C:\Program Files\JetBrains\IntelliJ IDEA Community Edition 2017.3\plugins\junit\lib\junit5-rt.jar;C:\Program Files\Java\jdk1.8.0_144\jre\lib\charsets.jar;C:\Program Files\Java\jdk1.8.0_144\jre\lib\deploy.jar;C:\Program Files\Java\jdk1.8.0_144\jre\lib\ext\access-bridge-64.jar;C:\Program Files\Java\jdk1.8.0_144\jre\lib\ext\cldrdata.jar;C:\Program Files\Java\jdk1.8.0_144\jre\lib\ext\dnsns.jar;C:\Program Files\Java\jdk1.8.0_144\jre\lib\ext\jaccess.jar;C:\Program Files\Java\jdk1.8.0_144\jre\lib\ext\jfxrt.jar;C:\Program Files\Java\jdk1.8.0_144\jre\lib\ext\localedata.jar;C:\Program Files\Java\jdk1.8.0_144\jre\lib\ext\nashorn.jar;C:\Program Files\Java\jdk1.8.0_144\jre\lib\ext\sunec.jar;C:\Program Files\Java\jdk1.8.0_144\jre\lib\ext\sunjce_provider.jar;C:\Program Files\Java\jdk1.8.0_144\jre\lib\ext\sunmscapi.jar;C:\Program Files\Java\jdk1.8.0_144\jre\lib\ext\sunpkcs11.jar;C:\Program Files\Java\jdk1.8.0_144\jre\lib\ext\zipfs.jar;C:\Program Files\Java\jdk1.8.0_144\jre\lib\javaws.jar;C:\Program Files\Java\jdk1.8.0_144\jre\lib\jce.jar;C:\Program Files\Java\jdk1.8.0_144\jre\lib\jfr.jar;C:\Program Files\Java\jdk1.8.0_144\jre\lib\jfxswt.jar;C:\Program Files\Java\jdk1.8.0_144\jre\lib\jsse.jar;C:\Program Files\Java\jdk1.8.0_144\jre\lib\management-agent.jar;C:\Program Files\Java\jdk1.8.0_144\jre\lib\plugin.jar;C:\Program Files\Java\jdk1.8.0_144\jre\lib\resources.jar;C:\Program Files\Java\jdk1.8.0_144\jre\lib\rt.jar;C:\Documents\Programming\J\_S\Spirite\bin;C:\Documents\Programming\J\_S\Spirite\miglayout15-swing.jar;C:\Program Files\JetBrains\IntelliJ IDEA Community Edition 2017.3\lib\junit-4.12.jar;C:\Documents\Programming\J\Packages\commons-collections4-4.1-bin\commons-collections4-4.1\commons-collections4-4.1.jar;C:\Documents\Programming\J\Packages\commons-collections4-4.1-bin\c
Launcher Type: SUN_STANDARD

Environment Variables:
PATH=C:\ProgramData\Oracle\Java\javapath;C:\Windows\system32;C:\Windows;C:\Windows\System32\Wbem;C:\Windows\System32\WindowsPowerShell\v1.0\;c:\Program Files (x86)\ATI Technologies\ATI.ACE\Core-Static;C:\Program Files\Microsoft SQL Server\130\Tools\Binn\;C:\Program Files\Microsoft SQL Server\Client SDK\ODBC\110\Tools\Binn\;C:\Program Files (x86)\Microsoft SQL Server\120\Tools\Binn\ManagementStudio\;C:\Program Files (x86)\Microsoft SQL Server\120\Tools\Binn\;C:\Program Files\Microsoft SQL Server\120\Tools\Binn\;C:\Program Files (x86)\Microsoft SQL Server\120\DTS\Binn\;C:\Program Files\Microsoft SQL Server\120\DTS\Binn\;C:\Program Files\dotnet\;C:\Program Files (x86)\dotnet\;C:\Program Files\nodejs\;C:\Program Files\Git\cmd;C:\ProgramData\chocolatey\bin;C:\Users\RBurks\AppData\Roaming\npm
USERNAME=RBurks
OS=Windows_NT
PROCESSOR_IDENTIFIER=Intel64 Family 6 Model 94 Stepping 3, GenuineIntel



---------------  S Y S T E M  ---------------

OS: Windows 7 , 64 bit Build 7601 (6.1.7601.24000)

CPU:total 8 (initial active 8) (4 cores per cpu, 2 threads per core) family 6 model 94 stepping 3, cmov, cx8, fxsr, mmx, sse, sse2, sse3, ssse3, sse4.1, sse4.2, popcnt, avx, avx2, aes, clmul, erms, rtm, 3dnowpref, lzcnt, ht, tsc, tscinvbit, bmi1, bmi2, adx

Memory: 4k page, physical 16719020k(3907248k free), swap 33436164k(16405588k free)

vm_info: Java HotSpot(TM) 64-Bit Server VM (25.144-b01) for windows-amd64 JRE (1.8.0_144-b01), built on Jul 21 2017 21:57:33 by "java_re" with MS VC++ 10.0 (VS2010)

time: Fri Feb 02 14:07:29 2018
elapsed time: 1 seconds (0d 0h 0m 1s)

